2024-09-24 12:59:34,346 [INFO] Activator:176 - 


2024-09-24 12:59:34,350 [INFO] Activator:177 - !SESSION log4j initialized
2024-09-24 12:59:40,307 [INFO] LogOutputStream:77 - [STDOUT_REDIRECT] 
2024-09-24 12:59:41,807 [INFO] ApplicationProperties:184 - Using Application install path: C:\ST\STM32CubeIDE_1.16.0\STM32CubeIDE\plugins\com.st.stm32cube.common.mx_6.12.0.202406281431
2024-09-24 12:59:41,826 [INFO] DbMcusXml:78 - Set database path to: C:\ST\STM32CubeIDE_1.16.0\STM32CubeIDE\plugins\com.st.stm32cube.common.mx_6.12.0.202406281431\\db\/mcu/
2024-09-24 12:59:41,826 [INFO] ApiDb:274 - Set plugin database path to: C:\ST\STM32CubeIDE_1.16.0\STM32CubeIDE\plugins\com.st.stm32cube.common.mx_6.12.0.202406281431\\db\/plugins/boardmanager/
2024-09-24 12:59:41,826 [WARN] ApiDb:259 - Overriding images path with different value:  => C:\ST\STM32CubeIDE_1.16.0\STM32CubeIDE\plugins\com.st.stm32cube.common.mx_6.12.0.202406281431\\db\/plugins/mcufinder/images/
2024-09-24 12:59:41,835 [INFO] ApiDb:250 - Set database path to: C:\Users\user\.stmcufinder\plugins\mcufinder//mcu/
2024-09-24 12:59:41,836 [INFO] DbMcusAds:125 - Set database path to: C:\Users\user\.stmcufinder\plugins\mcufinder//mcu/
2024-09-24 12:59:41,839 [INFO] CrossReferenceDbSqlite:203 - Set database path to: C:\Users\user\.stmcufinder\plugins\mcufinder//mcu/cs/
2024-09-24 12:59:41,968 [INFO] RulesReader:64 - Compatibility file has been processed (297 Rules)
2024-09-24 12:59:42,062 [INFO] DbMcusXml:78 - Set database path to: C:\ST\STM32CubeIDE_1.16.0\STM32CubeIDE\plugins\com.st.stm32cube.common.mx_6.12.0.202406281431\\db\/mcu/
2024-09-24 12:59:42,062 [INFO] ApiDb:274 - Set plugin database path to: C:\ST\STM32CubeIDE_1.16.0\STM32CubeIDE\plugins\com.st.stm32cube.common.mx_6.12.0.202406281431\\db\/plugins/boardmanager/
2024-09-24 12:59:42,063 [INFO] ApiDb:261 - Set plugin images path to: C:\ST\STM32CubeIDE_1.16.0\STM32CubeIDE\plugins\com.st.stm32cube.common.mx_6.12.0.202406281431\\db\/plugins/mcufinder/images/
2024-09-24 12:59:42,063 [WARN] DbFile:41 - Overriding database path with different value: C:\Users\user\.stmcufinder\plugins\mcufinder/ => C:\Users\user\.stmcufinder\plugins\mcufinder
2024-09-24 12:59:42,063 [INFO] ApiDb:250 - Set database path to: C:\Users\user\.stmcufinder\plugins\mcufinder//mcu/
2024-09-24 12:59:42,063 [WARN] DbFile:41 - Overriding database path with different value: C:\Users\user\.stmcufinder\plugins\mcufinder/ => C:\Users\user\.stmcufinder\plugins\mcufinder
2024-09-24 12:59:42,063 [INFO] DbMcusAds:125 - Set database path to: C:\Users\user\.stmcufinder\plugins\mcufinder//mcu/
2024-09-24 12:59:42,063 [WARN] DbFile:41 - Overriding database path with different value: C:\Users\user\.stmcufinder\plugins\mcufinder/ => C:\Users\user\.stmcufinder\plugins\mcufinder
2024-09-24 12:59:42,063 [WARN] DbFile:41 - Overriding database path with different value: C:\Users\user\.stmcufinder\plugins\mcufinder/ => C:\Users\user\.stmcufinder\plugins\mcufinder
2024-09-24 12:59:42,063 [INFO] CrossReferenceDbSqlite:203 - Set database path to: C:\Users\user\.stmcufinder\plugins\mcufinder//mcu/cs/
2024-09-24 12:59:42,152 [INFO] MainPanel:268 - HeapMemory: 268435456
2024-09-24 12:59:42,262 [INFO] DbMcusXml:78 - Set database path to: C:\ST\STM32CubeIDE_1.16.0\STM32CubeIDE\plugins\com.st.stm32cube.common.mx_6.12.0.202406281431\\db\/mcu/
2024-09-24 12:59:42,262 [INFO] ApiDb:274 - Set plugin database path to: C:\ST\STM32CubeIDE_1.16.0\STM32CubeIDE\plugins\com.st.stm32cube.common.mx_6.12.0.202406281431\\db\/plugins/boardmanager/
2024-09-24 12:59:42,262 [INFO] ApiDb:261 - Set plugin images path to: C:\ST\STM32CubeIDE_1.16.0\STM32CubeIDE\plugins\com.st.stm32cube.common.mx_6.12.0.202406281431\\db\/plugins/mcufinder/images/
2024-09-24 12:59:42,262 [WARN] DbFile:41 - Overriding database path with different value: C:\Users\user\.stmcufinder\plugins\mcufinder/ => C:\Users\user\.stmcufinder\plugins\mcufinder
2024-09-24 12:59:42,262 [INFO] ApiDb:250 - Set database path to: C:\Users\user\.stmcufinder\plugins\mcufinder//mcu/
2024-09-24 12:59:42,262 [WARN] DbFile:41 - Overriding database path with different value: C:\Users\user\.stmcufinder\plugins\mcufinder/ => C:\Users\user\.stmcufinder\plugins\mcufinder
2024-09-24 12:59:42,263 [INFO] DbMcusAds:125 - Set database path to: C:\Users\user\.stmcufinder\plugins\mcufinder//mcu/
2024-09-24 12:59:42,263 [WARN] DbFile:41 - Overriding database path with different value: C:\Users\user\.stmcufinder\plugins\mcufinder/ => C:\Users\user\.stmcufinder\plugins\mcufinder
2024-09-24 12:59:42,263 [WARN] DbFile:41 - Overriding database path with different value: C:\Users\user\.stmcufinder\plugins\mcufinder/ => C:\Users\user\.stmcufinder\plugins\mcufinder
2024-09-24 12:59:42,263 [INFO] CrossReferenceDbSqlite:203 - Set database path to: C:\Users\user\.stmcufinder\plugins\mcufinder//mcu/cs/
2024-09-24 12:59:42,286 [INFO] ApplicationProperties:184 - Using Application install path: C:\ST\STM32CubeIDE_1.16.0\STM32CubeIDE\plugins\com.st.stm32cube.common.mx_6.12.0.202406281431
2024-09-24 12:59:42,287 [INFO] PluginManage:196 - Search for loadable plugins [exclusion list=, ]
2024-09-24 12:59:42,289 [INFO] PluginManage:310 - Check plugin analytics
2024-09-24 12:59:42,470 [INFO] AnalyticsPlugin:253 - Accepted Software Licenses: 
2024-09-24 12:59:42,470 [INFO] AnalyticsPlugin:255 - Accepted CMSIS Pack Licenses: 
2024-09-24 12:59:42,470 [INFO] AnalyticsPlugin:257 - Accepted Firmware Licenses: 
2024-09-24 12:59:42,473 [INFO] PluginManage:359 - Loaded plugin analytics (category:tool,tabindex:-1)
2024-09-24 12:59:42,474 [INFO] PluginManage:310 - Check plugin cadmodel
2024-09-24 12:59:42,490 [INFO] CADModel:105 - Init CAD model plugin
2024-09-24 12:59:42,490 [INFO] PluginManage:359 - Loaded plugin cadmodel (category:power,tabindex:5)
2024-09-24 12:59:42,490 [INFO] PluginManage:310 - Check plugin clock
2024-09-24 12:59:42,508 [INFO] PluginManage:359 - Loaded plugin clock (category:base,tabindex:2)
2024-09-24 12:59:42,509 [INFO] PluginManage:310 - Check plugin ddr
2024-09-24 12:59:42,511 [INFO] PluginManage:359 - Loaded plugin ddr (category:tool,tabindex:6)
2024-09-24 12:59:42,511 [INFO] PluginManage:310 - Check plugin filemanager
2024-09-24 12:59:42,665 [INFO] PluginManage:359 - Loaded plugin filemanager (category:base,tabindex:10)
2024-09-24 12:59:42,665 [INFO] PluginManage:310 - Check plugin ipmanager
2024-09-24 12:59:42,672 [INFO] PluginManage:359 - Loaded plugin ipmanager (category:base,tabindex:5)
2024-09-24 12:59:42,672 [INFO] PluginManage:310 - Check plugin lpbam
2024-09-24 12:59:42,691 [INFO] PluginManage:359 - Loaded plugin lpbam (category:base,tabindex:0)
2024-09-24 12:59:42,691 [INFO] PluginManage:310 - Check plugin memorymap
2024-09-24 12:59:42,716 [INFO] PluginManage:359 - Loaded plugin memorymap (category:base,tabindex:4)
2024-09-24 12:59:42,716 [INFO] PluginManage:310 - Check plugin pinoutandconfiguration
2024-09-24 12:59:42,732 [INFO] PluginManage:359 - Loaded plugin pinoutandconfiguration (category:base,tabindex:1)
2024-09-24 12:59:42,732 [INFO] PluginManage:310 - Check plugin pinoutconfig
2024-09-24 12:59:42,840 [WARN] SupportedApi:132 - Cannot load RTOS API schema: s4s-elt-must-match.1: The content of 'definitions' must match (annotation?, (simpleType | complexType)?, (unique | key | keyref)*)). A problem was found starting at: attribute.
2024-09-24 12:59:42,995 [INFO] PluginManage:359 - Loaded plugin pinoutconfig (category:base,tabindex:0)
2024-09-24 12:59:42,995 [INFO] PluginManage:310 - Check plugin power
2024-09-24 12:59:43,015 [INFO] PluginManage:359 - Loaded plugin power (category:power,tabindex:4)
2024-09-24 12:59:43,016 [INFO] PluginManage:310 - Check plugin projectmanager
2024-09-24 12:59:43,037 [INFO] PluginManage:359 - Loaded plugin projectmanager (category:projectmanager,tabindex:4)
2024-09-24 12:59:43,037 [INFO] PluginManage:310 - Check plugin rif
2024-09-24 12:59:43,054 [INFO] PluginManage:359 - Loaded plugin rif (category:base,tabindex:3)
2024-09-24 12:59:43,054 [INFO] PluginManage:310 - Check plugin thirdparty
2024-09-24 12:59:43,343 [WARN] IntegrityCheckThread:84 - waiting for thirdparty lock release [integrity check]
2024-09-24 12:59:43,345 [INFO] PluginManage:359 - Loaded plugin thirdparty (category:base,tabindex:-1)
2024-09-24 12:59:43,345 [INFO] PluginManage:310 - Check plugin tools
2024-09-24 12:59:43,345 [INFO] IntegrityCheckThread:86 - entering critical section [integrity check]
2024-09-24 12:59:43,347 [INFO] ThirdPartyUpdaterWithRetryManager:70 - Updater plugin not ready yet. [1/15]
2024-09-24 12:59:43,383 [INFO] PluginManage:359 - Loaded plugin tools (category:base,tabindex:7)
2024-09-24 12:59:43,383 [INFO] PluginManage:310 - Check plugin tutovideos
2024-09-24 12:59:43,604 [INFO] PluginManage:359 - Loaded plugin tutovideos (category:base,tabindex:-1)
2024-09-24 12:59:43,604 [INFO] PluginManage:310 - Check plugin updater
2024-09-24 12:59:43,626 [INFO] PluginManage:359 - Loaded plugin updater (category:base,tabindex:12)
2024-09-24 12:59:43,626 [INFO] PluginManage:310 - Check plugin userauth
2024-09-24 12:59:43,635 [INFO] UserAuth:113 - Init User Auth plugin
2024-09-24 12:59:43,635 [INFO] PluginManage:359 - Loaded plugin userauth (category:base,tabindex:14)
2024-09-24 12:59:43,635 [INFO] PluginManage:283 - PluginManage : Loaded plugins [18]
2024-09-24 12:59:43,897 [INFO] PinOutPanel:1561 - setPackage(No Configuration,No Configuration)
2024-09-24 12:59:44,012 [INFO] CADModel:165 - CPN selected for project level
2024-09-24 12:59:44,012 [INFO] CADModel:114 - Register for checkConnection events
2024-09-24 12:59:44,049 [INFO] IPUIPlugin:80 - create IPUIPlugin
2024-09-24 12:59:44,049 [INFO] PluginManager:220 - loadIPPluginJar : add adc
2024-09-24 12:59:44,094 [INFO] IPUIPlugin:80 - create IPUIPlugin
2024-09-24 12:59:44,095 [INFO] PluginManager:220 - loadIPPluginJar : add aes
2024-09-24 12:59:44,142 [INFO] IPUIPlugin:80 - create IPUIPlugin
2024-09-24 12:59:44,142 [INFO] PluginManager:220 - loadIPPluginJar : add can
2024-09-24 12:59:44,169 [INFO] IPUIPlugin:80 - create IPUIPlugin
2024-09-24 12:59:44,169 [INFO] PluginManager:220 - loadIPPluginJar : add comp
2024-09-24 12:59:44,204 [INFO] IPUIPlugin:80 - create IPUIPlugin
2024-09-24 12:59:44,204 [INFO] PluginManager:220 - loadIPPluginJar : add cryp
2024-09-24 12:59:44,219 [INFO] IPUIPlugin:80 - create IPUIPlugin
2024-09-24 12:59:44,219 [INFO] PluginManager:220 - loadIPPluginJar : add ddr_ctrl_phy
2024-09-24 12:59:44,247 [INFO] IPUIPlugin:80 - create IPUIPlugin
2024-09-24 12:59:44,247 [INFO] PluginManager:220 - loadIPPluginJar : add dfsdm
2024-09-24 12:59:44,261 [INFO] IPUIPlugin:80 - create IPUIPlugin
2024-09-24 12:59:44,262 [INFO] PluginManager:220 - loadIPPluginJar : add dma
2024-09-24 12:59:44,300 [INFO] IPUIPlugin:80 - create IPUIPlugin
2024-09-24 12:59:44,300 [INFO] PluginManager:220 - loadIPPluginJar : add dma3
2024-09-24 12:59:44,338 [INFO] IPUIPlugin:80 - create IPUIPlugin
2024-09-24 12:59:44,339 [INFO] PluginManager:220 - loadIPPluginJar : add extmemmanager
2024-09-24 12:59:44,356 [INFO] IPUIPlugin:80 - create IPUIPlugin
2024-09-24 12:59:44,356 [INFO] PluginManager:220 - loadIPPluginJar : add fatfs
2024-09-24 12:59:44,394 [INFO] IPUIPlugin:80 - create IPUIPlugin
2024-09-24 12:59:44,394 [INFO] PluginManager:220 - loadIPPluginJar : add fmc
2024-09-24 12:59:44,408 [INFO] IPUIPlugin:80 - create IPUIPlugin
2024-09-24 12:59:44,409 [INFO] PluginManager:220 - loadIPPluginJar : add freertos
2024-09-24 12:59:44,426 [INFO] IPUIPlugin:80 - create IPUIPlugin
2024-09-24 12:59:44,426 [INFO] PluginManager:220 - loadIPPluginJar : add genericplugin
2024-09-24 12:59:44,498 [INFO] IPUIPlugin:80 - create IPUIPlugin
2024-09-24 12:59:44,499 [INFO] PluginManager:220 - loadIPPluginJar : add gfxmmu
2024-09-24 12:59:44,597 [INFO] IPUIPlugin:80 - create IPUIPlugin
2024-09-24 12:59:44,597 [INFO] PluginManager:220 - loadIPPluginJar : add gic
2024-09-24 12:59:44,608 [INFO] IPUIPlugin:80 - create IPUIPlugin
2024-09-24 12:59:44,608 [INFO] PluginManager:220 - loadIPPluginJar : add gpio
2024-09-24 12:59:44,676 [INFO] IPUIPlugin:80 - create IPUIPlugin
2024-09-24 12:59:44,676 [INFO] PluginManager:220 - loadIPPluginJar : add gtzc
2024-09-24 12:59:44,703 [INFO] IPUIPlugin:80 - create IPUIPlugin
2024-09-24 12:59:44,703 [INFO] PluginManager:220 - loadIPPluginJar : add hash
2024-09-24 12:59:44,745 [INFO] IPUIPlugin:80 - create IPUIPlugin
2024-09-24 12:59:44,746 [INFO] PluginManager:220 - loadIPPluginJar : add i2c
2024-09-24 12:59:44,776 [INFO] IPUIPlugin:80 - create IPUIPlugin
2024-09-24 12:59:44,776 [INFO] PluginManager:220 - loadIPPluginJar : add i2s
2024-09-24 12:59:44,808 [INFO] IPUIPlugin:80 - create IPUIPlugin
2024-09-24 12:59:44,808 [INFO] PluginManager:220 - loadIPPluginJar : add i3c
2024-09-24 12:59:44,911 [INFO] IPUIPlugin:80 - create IPUIPlugin
2024-09-24 12:59:44,911 [INFO] PluginManager:220 - loadIPPluginJar : add ipddr
2024-09-24 12:59:44,983 [INFO] IPUIPlugin:80 - create IPUIPlugin
2024-09-24 12:59:44,984 [INFO] PluginManager:220 - loadIPPluginJar : add linkedlist
2024-09-24 12:59:45,013 [INFO] IPUIPlugin:80 - create IPUIPlugin
2024-09-24 12:59:45,013 [INFO] PluginManager:220 - loadIPPluginJar : add lorawan
2024-09-24 12:59:45,045 [INFO] IPUIPlugin:80 - create IPUIPlugin
2024-09-24 12:59:45,045 [INFO] PluginManager:220 - loadIPPluginJar : add ltdc
2024-09-24 12:59:45,058 [INFO] IPUIPlugin:80 - create IPUIPlugin
2024-09-24 12:59:45,058 [INFO] PluginManager:220 - loadIPPluginJar : add mdma
2024-09-24 12:59:45,067 [INFO] IPUIPlugin:80 - create IPUIPlugin
2024-09-24 12:59:45,067 [INFO] PluginManager:220 - loadIPPluginJar : add nvic
2024-09-24 12:59:45,098 [INFO] IPUIPlugin:80 - create IPUIPlugin
2024-09-24 12:59:45,098 [INFO] PluginManager:220 - loadIPPluginJar : add opamp
2024-09-24 12:59:45,142 [INFO] IPUIPlugin:80 - create IPUIPlugin
2024-09-24 12:59:45,142 [INFO] PluginManager:220 - loadIPPluginJar : add openamp
2024-09-24 12:59:45,179 [INFO] IPUIPlugin:80 - create IPUIPlugin
2024-09-24 12:59:45,179 [INFO] PluginManager:220 - loadIPPluginJar : add pdm2pcm
2024-09-24 12:59:45,191 [INFO] IPUIPlugin:80 - create IPUIPlugin
2024-09-24 12:59:45,193 [INFO] PluginManager:220 - loadIPPluginJar : add plateformsettings
2024-09-24 12:59:45,210 [INFO] IPUIPlugin:80 - create IPUIPlugin
2024-09-24 12:59:45,210 [INFO] PluginManager:220 - loadIPPluginJar : add quadspi
2024-09-24 12:59:45,231 [INFO] IPUIPlugin:80 - create IPUIPlugin
2024-09-24 12:59:45,233 [INFO] PluginManager:220 - loadIPPluginJar : add radio
2024-09-24 12:59:45,243 [INFO] IPUIPlugin:80 - create IPUIPlugin
2024-09-24 12:59:45,243 [INFO] PluginManager:220 - loadIPPluginJar : add resmgrutility
2024-09-24 12:59:45,280 [INFO] IPUIPlugin:80 - create IPUIPlugin
2024-09-24 12:59:45,280 [INFO] PluginManager:220 - loadIPPluginJar : add sai
2024-09-24 12:59:45,311 [INFO] IPUIPlugin:80 - create IPUIPlugin
2024-09-24 12:59:45,312 [INFO] PluginManager:220 - loadIPPluginJar : add spi
2024-09-24 12:59:45,363 [INFO] IPUIPlugin:80 - create IPUIPlugin
2024-09-24 12:59:45,364 [INFO] PluginManager:220 - loadIPPluginJar : add stm32_wpan
2024-09-24 12:59:45,384 [INFO] IPUIPlugin:80 - create IPUIPlugin
2024-09-24 12:59:45,384 [INFO] PluginManager:220 - loadIPPluginJar : add tim
2024-09-24 12:59:45,430 [INFO] IPUIPlugin:80 - create IPUIPlugin
2024-09-24 12:59:45,431 [INFO] PluginManager:220 - loadIPPluginJar : add touchsensing
2024-09-24 12:59:45,448 [INFO] IPUIPlugin:80 - create IPUIPlugin
2024-09-24 12:59:45,449 [INFO] PluginManager:220 - loadIPPluginJar : add tracer_emb
2024-09-24 12:59:45,468 [INFO] IPUIPlugin:80 - create IPUIPlugin
2024-09-24 12:59:45,468 [INFO] PluginManager:220 - loadIPPluginJar : add ts
2024-09-24 12:59:45,486 [INFO] IPUIPlugin:80 - create IPUIPlugin
2024-09-24 12:59:45,486 [INFO] PluginManager:220 - loadIPPluginJar : add tsc
2024-09-24 12:59:45,506 [INFO] IPUIPlugin:80 - create IPUIPlugin
2024-09-24 12:59:45,506 [INFO] PluginManager:220 - loadIPPluginJar : add ucpd
2024-09-24 12:59:45,539 [INFO] IPUIPlugin:80 - create IPUIPlugin
2024-09-24 12:59:45,539 [INFO] PluginManager:220 - loadIPPluginJar : add usart
2024-09-24 12:59:45,571 [INFO] IPUIPlugin:80 - create IPUIPlugin
2024-09-24 12:59:45,571 [INFO] PluginManager:220 - loadIPPluginJar : add usbx
2024-09-24 12:59:45,690 [INFO] CADModel:165 - CPN selected for project level
2024-09-24 12:59:45,690 [INFO] CADModel:114 - Register for checkConnection events
2024-09-24 12:59:45,690 [FATAL] Updater:334 - Updater called before beeing initialized
2024-09-24 12:59:45,690 [ERROR] CADModel:125 - Updater not yet initialized, retry later 
2024-09-24 12:59:45,835 [INFO] CADModel:165 - CPN selected for project level
2024-09-24 12:59:45,835 [INFO] CADModel:114 - Register for checkConnection events
2024-09-24 12:59:45,835 [FATAL] Updater:334 - Updater called before beeing initialized
2024-09-24 12:59:45,835 [ERROR] CADModel:125 - Updater not yet initialized, retry later 
2024-09-24 12:59:45,838 [FATAL] Updater:334 - Updater called before beeing initialized
2024-09-24 12:59:45,932 [FATAL] Updater:334 - Updater called before beeing initialized
2024-09-24 12:59:45,941 [INFO] DbMcusAds:53 - JSON generation date=Fri Sep 20 07:04:38 MDT 2024 (1726837478367)
2024-09-24 12:59:45,941 [FATAL] Updater:334 - Updater called before beeing initialized
2024-09-24 12:59:45,993 [WARN] DetailPanel:346 - Failed to get advertising image, set to default
2024-09-24 12:59:46,080 [FATAL] Updater:334 - Updater called before beeing initialized
2024-09-24 12:59:46,082 [FATAL] Updater:334 - Updater called before beeing initialized
2024-09-24 12:59:46,083 [FATAL] Updater:334 - Updater called before beeing initialized
2024-09-24 12:59:46,083 [WARN] DetailPanel:346 - Failed to get advertising image, set to default
2024-09-24 12:59:46,083 [FATAL] Updater:334 - Updater called before beeing initialized
2024-09-24 12:59:46,142 [ERROR] Updater:1164 - MainUpdater not yet initialized. External WinMGr cannot be set.
2024-09-24 12:59:46,152 [INFO] Updater:1100 - Updater Version found : 6.12.0
2024-09-24 12:59:46,172 [INFO] ApplicationProperties:184 - Using Application install path: C:\ST\STM32CubeIDE_1.16.0\STM32CubeIDE\plugins\com.st.stm32cube.common.mx_6.12.0.202406281431
2024-09-24 12:59:46,348 [INFO] ThirdPartyUpdaterWithRetryManager:70 - Updater plugin not ready yet. [2/15]
2024-09-24 12:59:47,751 [ERROR] LogOutputStream:75 - [STDERR_REDIRECT] Sep 24, 2024 12:59:47 PM java.util.prefs.WindowsPreferences <init>
2024-09-24 12:59:47,752 [ERROR] LogOutputStream:75 - [STDERR_REDIRECT] WARNING: Could not open/create prefs root node Software\JavaSoft\Prefs at root 0xffffffff80000002. Windows RegCreateKeyEx(...) returned error code 5.
2024-09-24 12:59:47,752 [ERROR] LogOutputStream:75 - [STDERR_REDIRECT] 
2024-09-24 12:59:48,046 [INFO] MainUpdater:2873 - connection check result : 10
2024-09-24 12:59:48,047 [INFO] MainUpdater:3567 - Updater definition file requires update
2024-09-24 12:59:48,047 [INFO] MainUpdater:290 - Updater Check For Update Now.
2024-09-24 12:59:48,047 [INFO] MicroXplorer:498 - Change Database Version : DB.6.0.120
2024-09-24 12:59:48,065 [INFO] McuFinderGlobals:63 - Set McuFinder mode to 2 (CubeIDE integrated)
2024-09-24 12:59:48,065 [INFO] UserAuth:179 - activating auth plugin
2024-09-24 12:59:48,068 [INFO] UserAuth:417 - Internet connection configuration mode: 1
2024-09-24 12:59:48,092 [INFO] JxBrowserEngine:152 - Initiate JxBrowser Engine with user profile folder
2024-09-24 12:59:48,174 [INFO] ServerAccessManage:473 - Download File updaters.zip
2024-09-24 12:59:48,278 [INFO] FileExtend:240 - Unzip File : updaters.zip
2024-09-24 12:59:48,278 [INFO] FileExtend:255 - Standard Zip Deflate
2024-09-24 12:59:48,583 [INFO] ServerAccessManage:473 - Download File PacksControlFlags.xml
2024-09-24 12:59:48,670 [INFO] ServerAccessManage:473 - Download File cubemx.pidx
2024-09-24 12:59:49,350 [WARN] MainUpdater:1194 - Updater busy. Cannot search thirdparties
2024-09-24 12:59:49,352 [INFO] ThirdPartyUpdaterWithRetryManager:96 - Updater plugin is busy. [1/15]
2024-09-24 12:59:49,882 [INFO] ServerAccessManage:473 - Download File STMicroelectronics.X-CUBE-TOUCHGFX.pdsc
2024-09-24 12:59:50,988 [WARN] PackLoader:240 - Cannot read IP mode file for STMicroelectronics.X-CUBE-TOUCHGFX.4.24.1
2024-09-24 12:59:50,990 [INFO] PopulateThirdPartyThread:66 - Ending populate Thread
2024-09-24 12:59:50,992 [INFO] ThirdParty:1030 - CMSIS Pack Vendor :STMicroelectronics X-CUBE-TOUCHGFX 4.24.1
2024-09-24 12:59:50,993 [INFO] LoadServerUpdatesThread:375 - End of LoadServerUpdate Thread
2024-09-24 12:59:51,083 [INFO] CheckServerUpdateThread:120 - End of CheckServer Thread
2024-09-24 12:59:52,504 [WARN] PackLoader:240 - Cannot read IP mode file for STMicroelectronics.FP-SNS-MOTENVWB1.1.4.0
2024-09-24 12:59:52,522 [WARN] PackLoader:240 - Cannot read IP mode file for STMicroelectronics.X-CUBE-SMBUS.2.1.0
2024-09-24 12:59:52,567 [WARN] PackLoader:240 - Cannot read IP mode file for STMicroelectronics.X-CUBE-AZRTOS-F7.1.1.0
2024-09-24 12:59:52,667 [WARN] PackLoader:240 - Cannot read IP mode file for STMicroelectronics.X-CUBE-MEMS1.11.0.0
2024-09-24 12:59:52,843 [WARN] PackLoader:240 - Cannot read IP mode file for STMicroelectronics.FP-SNS-FLIGHT1.5.0.2
2024-09-24 12:59:52,861 [WARN] PackLoader:240 - Cannot read IP mode file for STMicroelectronics.X-CUBE-DISPLAY.3.0.0
2024-09-24 12:59:52,881 [WARN] PackLoader:240 - Cannot read IP mode file for STMicroelectronics.X-CUBE-BLE1.7.0.0
2024-09-24 12:59:52,899 [WARN] PackLoader:240 - Cannot read IP mode file for emotas.I-CUBE-CANOPEN.1.3.0
2024-09-24 12:59:52,926 [WARN] PackLoader:240 - Cannot read IP mode file for STMicroelectronics.X-CUBE-BLEMGR.3.1.0
2024-09-24 12:59:52,951 [WARN] PackLoader:240 - Cannot read IP mode file for STMicroelectronics.FP-SNS-SMARTAG2.1.2.0
2024-09-24 12:59:52,979 [INFO] LogOutputStream:77 - [STDOUT_REDIRECT] 1 : Invalid condition id : UX_CORESTACK_Condition cause : null
2024-09-24 12:59:52,980 [INFO] LogOutputStream:77 - [STDOUT_REDIRECT] 1 : Invalid condition id : UX_CORESTACK_Condition cause : null
2024-09-24 12:59:52,982 [INFO] LogOutputStream:77 - [STDOUT_REDIRECT] 1 : Invalid condition id : UX_CORESTACK_Condition cause : null
2024-09-24 12:59:52,984 [INFO] LogOutputStream:77 - [STDOUT_REDIRECT] 1 : Invalid condition id : UX_CORESTACK_Condition cause : null
2024-09-24 12:59:52,986 [INFO] LogOutputStream:77 - [STDOUT_REDIRECT] 1 : Invalid condition id : UX_CORESTACK_Condition cause : null
2024-09-24 12:59:52,992 [WARN] PackLoader:240 - Cannot read IP mode file for STMicroelectronics.X-CUBE-AZRTOS-WL.2.0.0
2024-09-24 12:59:53,008 [WARN] PackLoader:240 - Cannot read IP mode file for STMicroelectronics.FP-SNS-MOTENV1.5.0.0
2024-09-24 12:59:53,016 [WARN] PackLoader:240 - Cannot read IP mode file for wolfSSL.I-CUBE-wolfMQTT.1.19.0
2024-09-24 12:59:53,034 [WARN] PackLoader:240 - Cannot read IP mode file for WES.I-CUBE-Cesium.1.3.0
2024-09-24 12:59:53,051 [WARN] PackLoader:240 - Cannot read IP mode file for STMicroelectronics.X-CUBE-BLE2.3.3.0
2024-09-24 12:59:53,070 [WARN] PackLoader:240 - Cannot read IP mode file for STMicroelectronics.X-CUBE-TCPP.4.1.0
2024-09-24 12:59:53,111 [WARN] PackLoader:240 - Cannot read IP mode file for STMicroelectronics.X-CUBE-AZRTOS-G0.1.1.0
2024-09-24 12:59:53,135 [WARN] PackLoader:240 - Cannot read IP mode file for STMicroelectronics.X-CUBE-SAFEA1.1.2.2
2024-09-24 12:59:53,154 [WARN] PackLoader:240 - Cannot read IP mode file for STMicroelectronics.X-CUBE-NFC4.3.0.0
2024-09-24 12:59:53,182 [WARN] PackLoader:240 - Cannot read IP mode file for EmbeddedOffice.I-CUBE-FS-RTOS.1.0.1
2024-09-24 12:59:53,182 [ERROR] ConditionMgr:805 - Attr not supported : Dmpu
2024-09-24 12:59:53,182 [ERROR] ConditionMgr:805 - Attr not supported : Dmpu
2024-09-24 12:59:53,182 [ERROR] ConditionMgr:805 - Attr not supported : Dmpu
2024-09-24 12:59:53,182 [ERROR] ConditionMgr:805 - Attr not supported : Dmpu
2024-09-24 12:59:53,182 [ERROR] ConditionMgr:805 - Attr not supported : Dmpu
2024-09-24 12:59:53,182 [ERROR] ConditionMgr:805 - Attr not supported : Dmpu
2024-09-24 12:59:53,182 [ERROR] ConditionMgr:805 - Attr not supported : Dmpu
2024-09-24 12:59:53,182 [ERROR] ConditionMgr:805 - Attr not supported : Dmpu
2024-09-24 12:59:53,182 [ERROR] ConditionMgr:805 - Attr not supported : Dmpu
2024-09-24 12:59:53,183 [ERROR] ConditionMgr:805 - Attr not supported : Dmpu
2024-09-24 12:59:53,183 [ERROR] ConditionMgr:805 - Attr not supported : Dmpu
2024-09-24 12:59:53,183 [ERROR] ConditionMgr:805 - Attr not supported : Dmpu
2024-09-24 12:59:53,183 [ERROR] ConditionMgr:805 - Attr not supported : Dmpu
2024-09-24 12:59:53,183 [ERROR] ConditionMgr:805 - Attr not supported : Dmpu
2024-09-24 12:59:53,183 [ERROR] ConditionMgr:805 - Attr not supported : Dmpu
2024-09-24 12:59:53,183 [ERROR] ConditionMgr:805 - Attr not supported : Dmpu
2024-09-24 12:59:53,183 [ERROR] ConditionMgr:805 - Attr not supported : Dmpu
2024-09-24 12:59:53,183 [ERROR] ConditionMgr:805 - Attr not supported : Dmpu
2024-09-24 12:59:53,183 [ERROR] ConditionMgr:805 - Attr not supported : Dmpu
2024-09-24 12:59:53,183 [ERROR] ConditionMgr:805 - Attr not supported : Dmpu
2024-09-24 12:59:53,183 [ERROR] ConditionMgr:805 - Attr not supported : Dmpu
2024-09-24 12:59:53,183 [ERROR] ConditionMgr:805 - Attr not supported : Dmpu
2024-09-24 12:59:53,183 [ERROR] ConditionMgr:805 - Attr not supported : Dmpu
2024-09-24 12:59:53,183 [ERROR] ConditionMgr:805 - Attr not supported : Dmpu
2024-09-24 12:59:53,183 [ERROR] ConditionMgr:805 - Attr not supported : Dmpu
2024-09-24 12:59:53,183 [ERROR] ConditionMgr:805 - Attr not supported : Dmpu
2024-09-24 12:59:53,183 [ERROR] ConditionMgr:805 - Attr not supported : Dmpu
2024-09-24 12:59:53,183 [ERROR] ConditionMgr:805 - Attr not supported : Dmpu
2024-09-24 12:59:53,183 [ERROR] ConditionMgr:805 - Attr not supported : Dmpu
2024-09-24 12:59:53,183 [ERROR] ConditionMgr:805 - Attr not supported : Dmpu
2024-09-24 12:59:53,183 [ERROR] ConditionMgr:805 - Attr not supported : Dmpu
2024-09-24 12:59:53,184 [ERROR] ConditionMgr:805 - Attr not supported : Dmpu
2024-09-24 12:59:53,184 [ERROR] ConditionMgr:805 - Attr not supported : Dmpu
2024-09-24 12:59:53,184 [ERROR] ConditionMgr:805 - Attr not supported : Dmpu
2024-09-24 12:59:53,184 [ERROR] ConditionMgr:805 - Attr not supported : Dmpu
2024-09-24 12:59:53,184 [ERROR] ConditionMgr:805 - Attr not supported : Dmpu
2024-09-24 12:59:53,184 [ERROR] ConditionMgr:805 - Attr not supported : Dmpu
2024-09-24 12:59:53,184 [ERROR] ConditionMgr:805 - Attr not supported : Dmpu
2024-09-24 12:59:53,184 [ERROR] ConditionMgr:805 - Attr not supported : Dmpu
2024-09-24 12:59:53,184 [ERROR] ConditionMgr:805 - Attr not supported : Dmpu
2024-09-24 12:59:53,184 [ERROR] ConditionMgr:805 - Attr not supported : Dmpu
2024-09-24 12:59:53,184 [ERROR] ConditionMgr:805 - Attr not supported : Dmpu
2024-09-24 12:59:53,184 [ERROR] ConditionMgr:805 - Attr not supported : Dmpu
2024-09-24 12:59:53,184 [ERROR] ConditionMgr:805 - Attr not supported : Dmpu
2024-09-24 12:59:53,185 [ERROR] ConditionMgr:805 - Attr not supported : Dmpu
2024-09-24 12:59:53,185 [ERROR] ConditionMgr:805 - Attr not supported : Dmpu
2024-09-24 12:59:53,185 [ERROR] ConditionMgr:805 - Attr not supported : Dmpu
2024-09-24 12:59:53,185 [ERROR] ConditionMgr:805 - Attr not supported : Dmpu
2024-09-24 12:59:53,185 [ERROR] ConditionMgr:805 - Attr not supported : Dmpu
2024-09-24 12:59:53,185 [ERROR] ConditionMgr:805 - Attr not supported : Dmpu
2024-09-24 12:59:53,185 [ERROR] ConditionMgr:805 - Attr not supported : Dmpu
2024-09-24 12:59:53,185 [ERROR] ConditionMgr:805 - Attr not supported : Dmpu
2024-09-24 12:59:53,185 [ERROR] ConditionMgr:805 - Attr not supported : Dmpu
2024-09-24 12:59:53,185 [ERROR] ConditionMgr:805 - Attr not supported : Dmpu
2024-09-24 12:59:53,185 [ERROR] ConditionMgr:805 - Attr not supported : Dmpu
2024-09-24 12:59:53,185 [ERROR] ConditionMgr:805 - Attr not supported : Dmpu
2024-09-24 12:59:53,185 [ERROR] ConditionMgr:805 - Attr not supported : Dmpu
2024-09-24 12:59:53,185 [ERROR] ConditionMgr:805 - Attr not supported : Dmpu
2024-09-24 12:59:53,185 [ERROR] ConditionMgr:805 - Attr not supported : Dmpu
2024-09-24 12:59:53,185 [ERROR] ConditionMgr:805 - Attr not supported : Dmpu
2024-09-24 12:59:53,185 [ERROR] ConditionMgr:805 - Attr not supported : Dmpu
2024-09-24 12:59:53,185 [ERROR] ConditionMgr:805 - Attr not supported : Dmpu
2024-09-24 12:59:53,185 [ERROR] ConditionMgr:805 - Attr not supported : Dmpu
2024-09-24 12:59:53,187 [ERROR] ConditionMgr:805 - Attr not supported : Dmpu
2024-09-24 12:59:53,202 [WARN] PackLoader:240 - Cannot read IP mode file for RealThread.X-CUBE-RT-Thread_Nano.4.1.1
2024-09-24 12:59:53,208 [WARN] PackLoader:240 - Cannot read IP mode file for STMicroelectronics.FP-ATR-SIGFOX1.3.2.0
2024-09-24 12:59:53,221 [WARN] PackLoader:240 - Cannot read IP mode file for wolfSSL.I-CUBE-wolfSSL.5.7.2
2024-09-24 12:59:53,238 [WARN] PackLoader:240 - Cannot read IP mode file for STMicroelectronics.X-CUBE-EEPRMA1.5.1.0
2024-09-24 12:59:53,256 [WARN] PackLoader:240 - Cannot read IP mode file for ITTIA_DB.I-CUBE-ITTIADB.8.9.0
2024-09-24 12:59:53,299 [WARN] PackLoader:240 - Cannot read IP mode file for SEGGER.I-CUBE-embOS.1.3.1
2024-09-24 12:59:53,351 [WARN] PackLoader:240 - Cannot read IP mode file for STMicroelectronics.X-CUBE-ALGOBUILD.1.4.0
2024-09-24 12:59:53,368 [WARN] PackLoader:240 - Cannot read IP mode file for STMicroelectronics.X-CUBE-GNSS1.6.0.0
2024-09-24 12:59:53,407 [WARN] PackLoader:240 - Cannot read IP mode file for STMicroelectronics.X-CUBE-AZRTOS-F4.1.1.0
2024-09-24 12:59:53,429 [WARN] PackLoader:240 - Cannot read IP mode file for STMicroelectronics.X-CUBE-ISPU.2.1.0
2024-09-24 12:59:53,442 [WARN] PackLoader:240 - Cannot read IP mode file for STMicroelectronics.X-CUBE-FREERTOS.1.2.0
2024-09-24 12:59:53,478 [WARN] PackLoader:240 - Cannot read IP mode file for STMicroelectronics.X-CUBE-AZRTOS-L5.2.0.0
2024-09-24 12:59:53,498 [WARN] PackLoader:240 - Cannot read IP mode file for STMicroelectronics.X-CUBE-NFC6.3.1.0
2024-09-24 12:59:53,513 [WARN] PackLoader:240 - Cannot read IP mode file for STMicroelectronics.X-CUBE-DPower.1.2.0
2024-09-24 12:59:53,527 [WARN] PackLoader:240 - Cannot read IP mode file for STMicroelectronics.X-CUBE-AI.9.0.0
2024-09-24 12:59:53,542 [WARN] PackLoader:240 - Cannot read IP mode file for STMicroelectronics.X-CUBE-NFC7.1.0.1
2024-09-24 12:59:53,583 [WARN] ConditionMgr:438 - getConditionDescription Invalid condition id : LAN8742 Phy interface Condition cause : null
2024-09-24 12:59:53,584 [WARN] PackLoader:240 - Cannot read IP mode file for STMicroelectronics.X-CUBE-AZRTOS-L4.2.0.0
2024-09-24 12:59:53,585 [WARN] ConditionMgr:1039 - genDependencies : Invalid condition id : LAN8742 Phy interface Condition cause : null
2024-09-24 12:59:53,585 [WARN] ConditionMgr:1039 - genDependencies : Invalid condition id : LAN8742 Phy interface Condition cause : null
2024-09-24 12:59:53,585 [WARN] ConditionMgr:1039 - genDependencies : Invalid condition id : LAN8742 Phy interface Condition cause : null
2024-09-24 12:59:53,605 [WARN] PackLoader:240 - Cannot read IP mode file for STMicroelectronics.X-CUBE-SFXS2LP1.4.0.0
2024-09-24 12:59:53,649 [WARN] PackLoader:240 - Cannot read IP mode file for STMicroelectronics.X-CUBE-AZRTOS-H7.3.3.0
2024-09-24 12:59:53,683 [WARN] ConditionMgr:438 - getConditionDescription Invalid condition id : UX DEVICE CLASS RTOS Condition cause : null
2024-09-24 12:59:53,683 [WARN] ConditionMgr:438 - getConditionDescription Invalid condition id : UX DEVICE CLASS RTOS Condition cause : null
2024-09-24 12:59:53,685 [WARN] PackLoader:240 - Cannot read IP mode file for STMicroelectronics.X-CUBE-AZRTOS-WB.2.0.0
2024-09-24 12:59:53,685 [WARN] ConditionMgr:1039 - genDependencies : Invalid condition id : UX DEVICE CLASS RTOS Condition cause : null
2024-09-24 12:59:53,685 [WARN] ConditionMgr:1039 - genDependencies : Invalid condition id : UX DEVICE CLASS RTOS Condition cause : null
2024-09-24 12:59:53,686 [WARN] ConditionMgr:1039 - genDependencies : Invalid condition id : UX DEVICE CLASS RTOS Condition cause : null
2024-09-24 12:59:53,686 [WARN] ConditionMgr:1039 - genDependencies : Invalid condition id : UX DEVICE CLASS RTOS Condition cause : null
2024-09-24 12:59:53,686 [WARN] ConditionMgr:1039 - genDependencies : Invalid condition id : UX DEVICE CLASS RTOS Condition cause : null
2024-09-24 12:59:53,701 [WARN] PackLoader:240 - Cannot read IP mode file for STMicroelectronics.X-CUBE-GNSS1.7.0.0
2024-09-24 12:59:53,717 [WARN] PackLoader:240 - Cannot read IP mode file for STMicroelectronics.FP-SNS-STBOX1.2.0.0
2024-09-24 12:59:53,740 [WARN] PackLoader:240 - Cannot read IP mode file for STMicroelectronics.X-CUBE-SUBG2.5.0.0
2024-09-24 12:59:53,747 [WARN] PackLoader:240 - Cannot read IP mode file for Cesanta.I-CUBE-Mongoose.7.13.0
2024-09-24 12:59:53,772 [WARN] PackLoader:240 - Cannot read IP mode file for STMicroelectronics.X-CUBE-AZRTOS-G4.2.0.0
2024-09-24 12:59:53,786 [WARN] PackLoader:240 - Cannot read IP mode file for STMicroelectronics.X-CUBE-ISPU.2.0.0
2024-09-24 12:59:53,801 [WARN] PackLoader:240 - Cannot read IP mode file for STMicroelectronics.X-CUBE-ALS.1.0.2
2024-09-24 12:59:53,816 [WARN] PackLoader:240 - Cannot read IP mode file for STMicroelectronics.X-CUBE-TOUCHGFX.4.24.0
2024-09-24 12:59:53,820 [WARN] PackLoader:240 - Cannot read IP mode file for STMicroelectronics.X-CUBE-TOUCHGFX.4.24.1
2024-09-24 12:59:53,825 [WARN] PackLoader:240 - Cannot read IP mode file for wolfSSL.I-CUBE-wolfTPM.3.4.0
2024-09-24 12:59:53,838 [WARN] PackLoader:240 - Cannot read IP mode file for portGmbH.I-Cube-SoM-uGOAL.1.1.0
2024-09-24 12:59:53,866 [WARN] PackLoader:240 - Cannot read IP mode file for STMicroelectronics.X-CUBE-AZRTOS-H7RS.1.0.0
2024-09-24 12:59:53,872 [WARN] PackLoader:240 - Cannot read IP mode file for STMicroelectronics.FP-ATR-ASTRA1.2.0.0
2024-09-24 12:59:53,891 [WARN] PackLoader:240 - Cannot read IP mode file for STMicroelectronics.X-CUBE-TOF1.3.4.2
2024-09-24 12:59:53,924 [WARN] PackLoader:240 - Cannot read IP mode file for Infineon.AIROC-Wi-Fi-Bluetooth-STM32.1.6.1
2024-09-24 12:59:53,932 [WARN] PackLoader:240 - Cannot read IP mode file for wolfSSL.I-CUBE-wolfSSH.1.4.17
2024-09-24 12:59:53,934 [INFO] ThirdParty:978 - Integrity check success = true
2024-09-24 12:59:53,934 [INFO] IntegrityCheckThread:100 - exiting critical section [integrity check]
2024-09-24 12:59:53,934 [INFO] IntegrityCheckThread:103 - End integrity checks thread
2024-09-24 12:59:58,491 [INFO] WebApp:167 - Instantiating new browser for Auth
2024-09-24 12:59:59,359 [INFO] WebApp:448 - Apply proxy settings
2024-09-24 12:59:59,360 [INFO] WebApp:533 - Chromium requires no authentication
2024-09-24 12:59:59,371 [INFO] WebApp:476 - Direct internet connection detected
2024-09-24 12:59:59,405 [INFO] WebApp:869 - Register for checkConnection events
2024-09-24 12:59:59,406 [INFO] WebApp:448 - Apply proxy settings
2024-09-24 12:59:59,406 [INFO] WebApp:533 - Chromium requires no authentication
2024-09-24 12:59:59,407 [INFO] WebApp:476 - Direct internet connection detected
2024-09-24 12:59:59,647 [INFO] WebApp:186 - Connection restablished
2024-09-24 12:59:59,653 [INFO] WebApp:220 - Starting web application
2024-09-24 12:59:59,653 [INFO] WebApp:578 - Web application path used C:\ST\STM32CubeIDE_1.16.0\STM32CubeIDE\plugins\com.st.stm32cube.common.mx_6.12.0.202406281431\db\plugins\mcufinder\reactClient1\index.html
2024-09-24 13:00:19,253 [INFO] WebApp:189 - Connection lost
2024-09-24 13:00:19,373 [INFO] WebApp:186 - Connection restablished
2024-09-24 13:07:06,168 [INFO] WebApp:189 - Connection lost
2024-09-24 13:19:20,924 [INFO] WebApp:186 - Connection restablished
2024-09-24 13:19:23,762 [INFO] WebApp:189 - Connection lost
2024-09-24 13:19:23,903 [INFO] WebApp:186 - Connection restablished
2024-09-24 13:32:32,259 [INFO] WebApp:189 - Connection lost
2024-09-24 13:32:32,450 [INFO] WebApp:186 - Connection restablished
2024-09-24 14:09:46,247 [INFO] WebApp:189 - Connection lost
2024-09-24 14:09:46,388 [INFO] WebApp:186 - Connection restablished
2024-09-24 16:09:48,969 [INFO] WebApp:189 - Connection lost
2024-09-24 16:09:49,316 [INFO] WebApp:186 - Connection restablished
2024-09-24 16:09:49,510 [INFO] WebApp:189 - Connection lost
2024-09-24 16:09:49,782 [INFO] WebApp:186 - Connection restablished
2024-09-24 16:09:52,289 [INFO] WebApp:189 - Connection lost
2024-09-24 16:09:52,436 [INFO] WebApp:186 - Connection restablished
2024-09-24 16:09:55,297 [INFO] WebApp:189 - Connection lost
2024-09-24 16:09:55,442 [INFO] WebApp:186 - Connection restablished
2024-09-24 16:11:41,239 [INFO] WebApp:189 - Connection lost
2024-09-24 16:11:41,502 [INFO] WebApp:186 - Connection restablished
2024-09-24 16:12:53,246 [INFO] WebApp:189 - Connection lost
2024-09-24 16:12:53,399 [INFO] WebApp:186 - Connection restablished
2024-09-24 16:50:44,071 [INFO] WebApp:189 - Connection lost
2024-09-24 18:53:12,611 [INFO] WebApp:186 - Connection restablished
2024-09-24 18:54:57,773 [INFO] WebApp:189 - Connection lost
2024-09-24 18:54:57,920 [INFO] WebApp:186 - Connection restablished
2024-09-24 18:59:35,746 [ERROR] LogOutputStream:75 - [STDERR_REDIRECT] 
2024-09-24 18:59:35,748 [ERROR] LogOutputStream:75 - [STDERR_REDIRECT] 
