2024-10-15 12:42:49,416 [INFO] Activator:176 - 


2024-10-15 12:42:49,420 [INFO] Activator:177 - !SESSION log4j initialized
2024-10-15 12:42:55,069 [INFO] LogOutputStream:77 - [STDOUT_REDIRECT] 
2024-10-15 12:42:57,957 [INFO] ApplicationProperties:184 - Using Application install path: C:\ST\STM32CubeIDE_1.16.0\STM32CubeIDE\plugins\com.st.stm32cube.common.mx_6.12.1.202409122256
2024-10-15 12:42:57,996 [INFO] DbMcusXml:78 - Set database path to: C:\ST\STM32CubeIDE_1.16.0\STM32CubeIDE\plugins\com.st.stm32cube.common.mx_6.12.1.202409122256\\db\/mcu/
2024-10-15 12:42:57,997 [INFO] ApiDb:274 - Set plugin database path to: C:\ST\STM32CubeIDE_1.16.0\STM32CubeIDE\plugins\com.st.stm32cube.common.mx_6.12.1.202409122256\\db\/plugins/boardmanager/
2024-10-15 12:42:57,997 [WARN] ApiDb:259 - Overriding images path with different value:  => C:\ST\STM32CubeIDE_1.16.0\STM32CubeIDE\plugins\com.st.stm32cube.common.mx_6.12.1.202409122256\\db\/plugins/mcufinder/images/
2024-10-15 12:42:58,009 [INFO] ApiDb:250 - Set database path to: C:\Users\user\.stmcufinder\plugins\mcufinder//mcu/
2024-10-15 12:42:58,010 [INFO] DbMcusAds:125 - Set database path to: C:\Users\user\.stmcufinder\plugins\mcufinder//mcu/
2024-10-15 12:42:58,012 [INFO] CrossReferenceDbSqlite:203 - Set database path to: C:\Users\user\.stmcufinder\plugins\mcufinder//mcu/cs/
2024-10-15 12:42:58,111 [INFO] RulesReader:64 - Compatibility file has been processed (297 Rules)
2024-10-15 12:42:58,187 [INFO] DbMcusXml:78 - Set database path to: C:\ST\STM32CubeIDE_1.16.0\STM32CubeIDE\plugins\com.st.stm32cube.common.mx_6.12.1.202409122256\\db\/mcu/
2024-10-15 12:42:58,187 [INFO] ApiDb:274 - Set plugin database path to: C:\ST\STM32CubeIDE_1.16.0\STM32CubeIDE\plugins\com.st.stm32cube.common.mx_6.12.1.202409122256\\db\/plugins/boardmanager/
2024-10-15 12:42:58,187 [INFO] ApiDb:261 - Set plugin images path to: C:\ST\STM32CubeIDE_1.16.0\STM32CubeIDE\plugins\com.st.stm32cube.common.mx_6.12.1.202409122256\\db\/plugins/mcufinder/images/
2024-10-15 12:42:58,187 [WARN] DbFile:41 - Overriding database path with different value: C:\Users\user\.stmcufinder\plugins\mcufinder/ => C:\Users\user\.stmcufinder\plugins\mcufinder
2024-10-15 12:42:58,188 [INFO] ApiDb:250 - Set database path to: C:\Users\user\.stmcufinder\plugins\mcufinder//mcu/
2024-10-15 12:42:58,188 [WARN] DbFile:41 - Overriding database path with different value: C:\Users\user\.stmcufinder\plugins\mcufinder/ => C:\Users\user\.stmcufinder\plugins\mcufinder
2024-10-15 12:42:58,188 [INFO] DbMcusAds:125 - Set database path to: C:\Users\user\.stmcufinder\plugins\mcufinder//mcu/
2024-10-15 12:42:58,188 [WARN] DbFile:41 - Overriding database path with different value: C:\Users\user\.stmcufinder\plugins\mcufinder/ => C:\Users\user\.stmcufinder\plugins\mcufinder
2024-10-15 12:42:58,188 [WARN] DbFile:41 - Overriding database path with different value: C:\Users\user\.stmcufinder\plugins\mcufinder/ => C:\Users\user\.stmcufinder\plugins\mcufinder
2024-10-15 12:42:58,188 [INFO] CrossReferenceDbSqlite:203 - Set database path to: C:\Users\user\.stmcufinder\plugins\mcufinder//mcu/cs/
2024-10-15 12:42:58,274 [INFO] MainPanel:268 - HeapMemory: 268435456
2024-10-15 12:42:58,433 [INFO] DbMcusXml:78 - Set database path to: C:\ST\STM32CubeIDE_1.16.0\STM32CubeIDE\plugins\com.st.stm32cube.common.mx_6.12.1.202409122256\\db\/mcu/
2024-10-15 12:42:58,433 [INFO] ApiDb:274 - Set plugin database path to: C:\ST\STM32CubeIDE_1.16.0\STM32CubeIDE\plugins\com.st.stm32cube.common.mx_6.12.1.202409122256\\db\/plugins/boardmanager/
2024-10-15 12:42:58,433 [INFO] ApiDb:261 - Set plugin images path to: C:\ST\STM32CubeIDE_1.16.0\STM32CubeIDE\plugins\com.st.stm32cube.common.mx_6.12.1.202409122256\\db\/plugins/mcufinder/images/
2024-10-15 12:42:58,435 [WARN] DbFile:41 - Overriding database path with different value: C:\Users\user\.stmcufinder\plugins\mcufinder/ => C:\Users\user\.stmcufinder\plugins\mcufinder
2024-10-15 12:42:58,435 [INFO] ApiDb:250 - Set database path to: C:\Users\user\.stmcufinder\plugins\mcufinder//mcu/
2024-10-15 12:42:58,435 [WARN] DbFile:41 - Overriding database path with different value: C:\Users\user\.stmcufinder\plugins\mcufinder/ => C:\Users\user\.stmcufinder\plugins\mcufinder
2024-10-15 12:42:58,435 [INFO] DbMcusAds:125 - Set database path to: C:\Users\user\.stmcufinder\plugins\mcufinder//mcu/
2024-10-15 12:42:58,435 [WARN] DbFile:41 - Overriding database path with different value: C:\Users\user\.stmcufinder\plugins\mcufinder/ => C:\Users\user\.stmcufinder\plugins\mcufinder
2024-10-15 12:42:58,435 [WARN] DbFile:41 - Overriding database path with different value: C:\Users\user\.stmcufinder\plugins\mcufinder/ => C:\Users\user\.stmcufinder\plugins\mcufinder
2024-10-15 12:42:58,435 [INFO] CrossReferenceDbSqlite:203 - Set database path to: C:\Users\user\.stmcufinder\plugins\mcufinder//mcu/cs/
2024-10-15 12:42:58,448 [INFO] ApplicationProperties:184 - Using Application install path: C:\ST\STM32CubeIDE_1.16.0\STM32CubeIDE\plugins\com.st.stm32cube.common.mx_6.12.1.202409122256
2024-10-15 12:42:58,450 [INFO] PluginManage:196 - Search for loadable plugins [exclusion list=, ]
2024-10-15 12:42:58,451 [INFO] PluginManage:310 - Check plugin analytics
2024-10-15 12:42:58,580 [INFO] AnalyticsPlugin:253 - Accepted Software Licenses: 
2024-10-15 12:42:58,580 [INFO] AnalyticsPlugin:255 - Accepted CMSIS Pack Licenses: 
2024-10-15 12:42:58,581 [INFO] AnalyticsPlugin:257 - Accepted Firmware Licenses: 
2024-10-15 12:42:58,582 [INFO] PluginManage:359 - Loaded plugin analytics (category:tool,tabindex:-1)
2024-10-15 12:42:58,583 [INFO] PluginManage:310 - Check plugin cadmodel
2024-10-15 12:42:58,596 [INFO] CADModel:105 - Init CAD model plugin
2024-10-15 12:42:58,596 [INFO] PluginManage:359 - Loaded plugin cadmodel (category:power,tabindex:5)
2024-10-15 12:42:58,596 [INFO] PluginManage:310 - Check plugin clock
2024-10-15 12:42:58,613 [INFO] PluginManage:359 - Loaded plugin clock (category:base,tabindex:2)
2024-10-15 12:42:58,613 [INFO] PluginManage:310 - Check plugin ddr
2024-10-15 12:42:58,615 [INFO] PluginManage:359 - Loaded plugin ddr (category:tool,tabindex:6)
2024-10-15 12:42:58,615 [INFO] PluginManage:310 - Check plugin filemanager
2024-10-15 12:42:58,735 [INFO] PluginManage:359 - Loaded plugin filemanager (category:base,tabindex:10)
2024-10-15 12:42:58,735 [INFO] PluginManage:310 - Check plugin ipmanager
2024-10-15 12:42:58,741 [INFO] PluginManage:359 - Loaded plugin ipmanager (category:base,tabindex:5)
2024-10-15 12:42:58,741 [INFO] PluginManage:310 - Check plugin lpbam
2024-10-15 12:42:58,756 [INFO] PluginManage:359 - Loaded plugin lpbam (category:base,tabindex:0)
2024-10-15 12:42:58,756 [INFO] PluginManage:310 - Check plugin memorymap
2024-10-15 12:42:58,774 [INFO] PluginManage:359 - Loaded plugin memorymap (category:base,tabindex:4)
2024-10-15 12:42:58,774 [INFO] PluginManage:310 - Check plugin pinoutandconfiguration
2024-10-15 12:42:58,787 [INFO] PluginManage:359 - Loaded plugin pinoutandconfiguration (category:base,tabindex:1)
2024-10-15 12:42:58,787 [INFO] PluginManage:310 - Check plugin pinoutconfig
2024-10-15 12:42:58,896 [WARN] SupportedApi:132 - Cannot load RTOS API schema: s4s-elt-must-match.1: The content of 'definitions' must match (annotation?, (simpleType | complexType)?, (unique | key | keyref)*)). A problem was found starting at: attribute.
2024-10-15 12:42:59,129 [INFO] PluginManage:359 - Loaded plugin pinoutconfig (category:base,tabindex:0)
2024-10-15 12:42:59,129 [INFO] PluginManage:310 - Check plugin power
2024-10-15 12:42:59,147 [INFO] PluginManage:359 - Loaded plugin power (category:power,tabindex:4)
2024-10-15 12:42:59,148 [INFO] PluginManage:310 - Check plugin projectmanager
2024-10-15 12:42:59,162 [INFO] PluginManage:359 - Loaded plugin projectmanager (category:projectmanager,tabindex:4)
2024-10-15 12:42:59,162 [INFO] PluginManage:310 - Check plugin rif
2024-10-15 12:42:59,178 [INFO] PluginManage:359 - Loaded plugin rif (category:base,tabindex:3)
2024-10-15 12:42:59,178 [INFO] PluginManage:310 - Check plugin thirdparty
2024-10-15 12:42:59,452 [INFO] PluginManage:359 - Loaded plugin thirdparty (category:base,tabindex:-1)
2024-10-15 12:42:59,452 [WARN] IntegrityCheckThread:84 - waiting for thirdparty lock release [integrity check]
2024-10-15 12:42:59,452 [INFO] IntegrityCheckThread:86 - entering critical section [integrity check]
2024-10-15 12:42:59,452 [INFO] PluginManage:310 - Check plugin tools
2024-10-15 12:42:59,452 [INFO] ThirdPartyUpdaterWithRetryManager:70 - Updater plugin not ready yet. [1/15]
2024-10-15 12:42:59,486 [INFO] PluginManage:359 - Loaded plugin tools (category:base,tabindex:7)
2024-10-15 12:42:59,487 [INFO] PluginManage:310 - Check plugin tutovideos
2024-10-15 12:42:59,664 [INFO] PluginManage:359 - Loaded plugin tutovideos (category:base,tabindex:-1)
2024-10-15 12:42:59,664 [INFO] PluginManage:310 - Check plugin updater
2024-10-15 12:42:59,679 [INFO] PluginManage:359 - Loaded plugin updater (category:base,tabindex:12)
2024-10-15 12:42:59,680 [INFO] PluginManage:310 - Check plugin userauth
2024-10-15 12:42:59,684 [INFO] UserAuth:113 - Init User Auth plugin
2024-10-15 12:42:59,685 [INFO] PluginManage:359 - Loaded plugin userauth (category:base,tabindex:14)
2024-10-15 12:42:59,685 [INFO] PluginManage:283 - PluginManage : Loaded plugins [18]
2024-10-15 12:42:59,862 [INFO] PinOutPanel:1561 - setPackage(No Configuration,No Configuration)
2024-10-15 12:42:59,936 [INFO] CADModel:165 - CPN selected for project level
2024-10-15 12:42:59,936 [INFO] CADModel:114 - Register for checkConnection events
2024-10-15 12:42:59,960 [INFO] IPUIPlugin:80 - create IPUIPlugin
2024-10-15 12:42:59,960 [INFO] PluginManager:220 - loadIPPluginJar : add adc
2024-10-15 12:42:59,990 [INFO] IPUIPlugin:80 - create IPUIPlugin
2024-10-15 12:42:59,991 [INFO] PluginManager:220 - loadIPPluginJar : add aes
2024-10-15 12:43:00,022 [INFO] IPUIPlugin:80 - create IPUIPlugin
2024-10-15 12:43:00,023 [INFO] PluginManager:220 - loadIPPluginJar : add can
2024-10-15 12:43:00,043 [INFO] IPUIPlugin:80 - create IPUIPlugin
2024-10-15 12:43:00,044 [INFO] PluginManager:220 - loadIPPluginJar : add comp
2024-10-15 12:43:00,070 [INFO] IPUIPlugin:80 - create IPUIPlugin
2024-10-15 12:43:00,070 [INFO] PluginManager:220 - loadIPPluginJar : add cryp
2024-10-15 12:43:00,081 [INFO] IPUIPlugin:80 - create IPUIPlugin
2024-10-15 12:43:00,081 [INFO] PluginManager:220 - loadIPPluginJar : add ddr_ctrl_phy
2024-10-15 12:43:00,105 [INFO] IPUIPlugin:80 - create IPUIPlugin
2024-10-15 12:43:00,105 [INFO] PluginManager:220 - loadIPPluginJar : add dfsdm
2024-10-15 12:43:00,118 [INFO] IPUIPlugin:80 - create IPUIPlugin
2024-10-15 12:43:00,119 [INFO] PluginManager:220 - loadIPPluginJar : add dma
2024-10-15 12:43:00,149 [INFO] IPUIPlugin:80 - create IPUIPlugin
2024-10-15 12:43:00,150 [INFO] PluginManager:220 - loadIPPluginJar : add dma3
2024-10-15 12:43:00,182 [INFO] IPUIPlugin:80 - create IPUIPlugin
2024-10-15 12:43:00,182 [INFO] PluginManager:220 - loadIPPluginJar : add extmemmanager
2024-10-15 12:43:00,198 [INFO] IPUIPlugin:80 - create IPUIPlugin
2024-10-15 12:43:00,198 [INFO] PluginManager:220 - loadIPPluginJar : add fatfs
2024-10-15 12:43:00,241 [INFO] IPUIPlugin:80 - create IPUIPlugin
2024-10-15 12:43:00,241 [INFO] PluginManager:220 - loadIPPluginJar : add fmc
2024-10-15 12:43:00,255 [INFO] IPUIPlugin:80 - create IPUIPlugin
2024-10-15 12:43:00,255 [INFO] PluginManager:220 - loadIPPluginJar : add freertos
2024-10-15 12:43:00,271 [INFO] IPUIPlugin:80 - create IPUIPlugin
2024-10-15 12:43:00,271 [INFO] PluginManager:220 - loadIPPluginJar : add genericplugin
2024-10-15 12:43:00,340 [INFO] IPUIPlugin:80 - create IPUIPlugin
2024-10-15 12:43:00,340 [INFO] PluginManager:220 - loadIPPluginJar : add gfxmmu
2024-10-15 12:43:00,434 [INFO] IPUIPlugin:80 - create IPUIPlugin
2024-10-15 12:43:00,434 [INFO] PluginManager:220 - loadIPPluginJar : add gic
2024-10-15 12:43:00,446 [INFO] IPUIPlugin:80 - create IPUIPlugin
2024-10-15 12:43:00,446 [INFO] PluginManager:220 - loadIPPluginJar : add gpio
2024-10-15 12:43:00,514 [INFO] IPUIPlugin:80 - create IPUIPlugin
2024-10-15 12:43:00,514 [INFO] PluginManager:220 - loadIPPluginJar : add gtzc
2024-10-15 12:43:00,537 [INFO] IPUIPlugin:80 - create IPUIPlugin
2024-10-15 12:43:00,537 [INFO] PluginManager:220 - loadIPPluginJar : add hash
2024-10-15 12:43:00,574 [INFO] IPUIPlugin:80 - create IPUIPlugin
2024-10-15 12:43:00,574 [INFO] PluginManager:220 - loadIPPluginJar : add i2c
2024-10-15 12:43:00,602 [INFO] IPUIPlugin:80 - create IPUIPlugin
2024-10-15 12:43:00,602 [INFO] PluginManager:220 - loadIPPluginJar : add i2s
2024-10-15 12:43:00,633 [INFO] IPUIPlugin:80 - create IPUIPlugin
2024-10-15 12:43:00,633 [INFO] PluginManager:220 - loadIPPluginJar : add i3c
2024-10-15 12:43:00,706 [INFO] IPUIPlugin:80 - create IPUIPlugin
2024-10-15 12:43:00,706 [INFO] PluginManager:220 - loadIPPluginJar : add ipddr
2024-10-15 12:43:00,770 [INFO] IPUIPlugin:80 - create IPUIPlugin
2024-10-15 12:43:00,771 [INFO] PluginManager:220 - loadIPPluginJar : add linkedlist
2024-10-15 12:43:00,798 [INFO] IPUIPlugin:80 - create IPUIPlugin
2024-10-15 12:43:00,798 [INFO] PluginManager:220 - loadIPPluginJar : add lorawan
2024-10-15 12:43:00,823 [INFO] IPUIPlugin:80 - create IPUIPlugin
2024-10-15 12:43:00,823 [INFO] PluginManager:220 - loadIPPluginJar : add ltdc
2024-10-15 12:43:00,836 [INFO] IPUIPlugin:80 - create IPUIPlugin
2024-10-15 12:43:00,836 [INFO] PluginManager:220 - loadIPPluginJar : add mdma
2024-10-15 12:43:00,846 [INFO] IPUIPlugin:80 - create IPUIPlugin
2024-10-15 12:43:00,846 [INFO] PluginManager:220 - loadIPPluginJar : add nvic
2024-10-15 12:43:00,874 [INFO] IPUIPlugin:80 - create IPUIPlugin
2024-10-15 12:43:00,874 [INFO] PluginManager:220 - loadIPPluginJar : add opamp
2024-10-15 12:43:00,915 [INFO] IPUIPlugin:80 - create IPUIPlugin
2024-10-15 12:43:00,916 [INFO] PluginManager:220 - loadIPPluginJar : add openamp
2024-10-15 12:43:00,945 [INFO] IPUIPlugin:80 - create IPUIPlugin
2024-10-15 12:43:00,945 [INFO] PluginManager:220 - loadIPPluginJar : add pdm2pcm
2024-10-15 12:43:00,958 [INFO] IPUIPlugin:80 - create IPUIPlugin
2024-10-15 12:43:00,960 [INFO] PluginManager:220 - loadIPPluginJar : add plateformsettings
2024-10-15 12:43:00,976 [INFO] IPUIPlugin:80 - create IPUIPlugin
2024-10-15 12:43:00,976 [INFO] PluginManager:220 - loadIPPluginJar : add quadspi
2024-10-15 12:43:00,995 [INFO] IPUIPlugin:80 - create IPUIPlugin
2024-10-15 12:43:00,997 [INFO] PluginManager:220 - loadIPPluginJar : add radio
2024-10-15 12:43:01,006 [INFO] IPUIPlugin:80 - create IPUIPlugin
2024-10-15 12:43:01,006 [INFO] PluginManager:220 - loadIPPluginJar : add resmgrutility
2024-10-15 12:43:01,041 [INFO] IPUIPlugin:80 - create IPUIPlugin
2024-10-15 12:43:01,041 [INFO] PluginManager:220 - loadIPPluginJar : add sai
2024-10-15 12:43:01,068 [INFO] IPUIPlugin:80 - create IPUIPlugin
2024-10-15 12:43:01,068 [INFO] PluginManager:220 - loadIPPluginJar : add spi
2024-10-15 12:43:01,116 [INFO] IPUIPlugin:80 - create IPUIPlugin
2024-10-15 12:43:01,116 [INFO] PluginManager:220 - loadIPPluginJar : add stm32_wpan
2024-10-15 12:43:01,134 [INFO] IPUIPlugin:80 - create IPUIPlugin
2024-10-15 12:43:01,134 [INFO] PluginManager:220 - loadIPPluginJar : add tim
2024-10-15 12:43:01,175 [INFO] IPUIPlugin:80 - create IPUIPlugin
2024-10-15 12:43:01,175 [INFO] PluginManager:220 - loadIPPluginJar : add touchsensing
2024-10-15 12:43:01,193 [INFO] IPUIPlugin:80 - create IPUIPlugin
2024-10-15 12:43:01,193 [INFO] PluginManager:220 - loadIPPluginJar : add tracer_emb
2024-10-15 12:43:01,210 [INFO] IPUIPlugin:80 - create IPUIPlugin
2024-10-15 12:43:01,211 [INFO] PluginManager:220 - loadIPPluginJar : add ts
2024-10-15 12:43:01,230 [INFO] IPUIPlugin:80 - create IPUIPlugin
2024-10-15 12:43:01,231 [INFO] PluginManager:220 - loadIPPluginJar : add tsc
2024-10-15 12:43:01,249 [INFO] IPUIPlugin:80 - create IPUIPlugin
2024-10-15 12:43:01,249 [INFO] PluginManager:220 - loadIPPluginJar : add ucpd
2024-10-15 12:43:01,284 [INFO] IPUIPlugin:80 - create IPUIPlugin
2024-10-15 12:43:01,285 [INFO] PluginManager:220 - loadIPPluginJar : add usart
2024-10-15 12:43:01,315 [INFO] IPUIPlugin:80 - create IPUIPlugin
2024-10-15 12:43:01,315 [INFO] PluginManager:220 - loadIPPluginJar : add usbx
2024-10-15 12:43:01,428 [INFO] CADModel:165 - CPN selected for project level
2024-10-15 12:43:01,428 [INFO] CADModel:114 - Register for checkConnection events
2024-10-15 12:43:01,429 [FATAL] Updater:334 - Updater called before beeing initialized
2024-10-15 12:43:01,429 [ERROR] CADModel:125 - Updater not yet initialized, retry later 
2024-10-15 12:43:01,539 [INFO] CADModel:165 - CPN selected for project level
2024-10-15 12:43:01,539 [INFO] CADModel:114 - Register for checkConnection events
2024-10-15 12:43:01,540 [FATAL] Updater:334 - Updater called before beeing initialized
2024-10-15 12:43:01,540 [ERROR] CADModel:125 - Updater not yet initialized, retry later 
2024-10-15 12:43:01,542 [FATAL] Updater:334 - Updater called before beeing initialized
2024-10-15 12:43:01,625 [FATAL] Updater:334 - Updater called before beeing initialized
2024-10-15 12:43:01,634 [INFO] DbMcusAds:53 - JSON generation date=Fri Sep 20 07:04:38 MDT 2024 (1726837478367)
2024-10-15 12:43:01,634 [FATAL] Updater:334 - Updater called before beeing initialized
2024-10-15 12:43:01,690 [WARN] DetailPanel:346 - Failed to get advertising image, set to default
2024-10-15 12:43:01,770 [FATAL] Updater:334 - Updater called before beeing initialized
2024-10-15 12:43:01,771 [FATAL] Updater:334 - Updater called before beeing initialized
2024-10-15 12:43:01,771 [FATAL] Updater:334 - Updater called before beeing initialized
2024-10-15 12:43:01,771 [WARN] DetailPanel:346 - Failed to get advertising image, set to default
2024-10-15 12:43:01,772 [FATAL] Updater:334 - Updater called before beeing initialized
2024-10-15 12:43:01,829 [ERROR] Updater:1164 - MainUpdater not yet initialized. External WinMGr cannot be set.
2024-10-15 12:43:01,839 [INFO] Updater:1100 - Updater Version found : 6.12.1
2024-10-15 12:43:01,855 [INFO] ApplicationProperties:184 - Using Application install path: C:\ST\STM32CubeIDE_1.16.0\STM32CubeIDE\plugins\com.st.stm32cube.common.mx_6.12.1.202409122256
2024-10-15 12:43:02,454 [INFO] ThirdPartyUpdaterWithRetryManager:70 - Updater plugin not ready yet. [2/15]
2024-10-15 12:43:03,426 [ERROR] LogOutputStream:75 - [STDERR_REDIRECT] Oct 15, 2024 12:43:03 PM java.util.prefs.WindowsPreferences <init>
2024-10-15 12:43:03,427 [ERROR] LogOutputStream:75 - [STDERR_REDIRECT] WARNING: Could not open/create prefs root node Software\JavaSoft\Prefs at root 0xffffffff80000002. Windows RegCreateKeyEx(...) returned error code 5.
2024-10-15 12:43:03,427 [ERROR] LogOutputStream:75 - [STDERR_REDIRECT] 
2024-10-15 12:43:03,714 [INFO] MainUpdater:2873 - connection check result : 10
2024-10-15 12:43:03,715 [INFO] MainUpdater:3567 - Updater definition file requires update
2024-10-15 12:43:03,715 [INFO] MainUpdater:290 - Updater Check For Update Now.
2024-10-15 12:43:03,715 [INFO] MicroXplorer:498 - Change Database Version : DB.6.0.121
2024-10-15 12:43:03,728 [INFO] McuFinderGlobals:63 - Set McuFinder mode to 2 (CubeIDE integrated)
2024-10-15 12:43:03,728 [INFO] UserAuth:179 - activating auth plugin
2024-10-15 12:43:03,731 [INFO] UserAuth:417 - Internet connection configuration mode: 1
2024-10-15 12:43:03,750 [INFO] JxBrowserEngine:152 - Initiate JxBrowser Engine with user profile folder
2024-10-15 12:43:03,788 [INFO] ServerAccessManage:473 - Download File updaters.zip
2024-10-15 12:43:03,857 [INFO] FileExtend:240 - Unzip File : updaters.zip
2024-10-15 12:43:03,857 [INFO] FileExtend:255 - Standard Zip Deflate
2024-10-15 12:43:04,219 [INFO] ServerAccessManage:473 - Download File PacksControlFlags.xml
2024-10-15 12:43:04,310 [INFO] ServerAccessManage:473 - Download File cubemx.pidx
2024-10-15 12:43:04,974 [INFO] ServerAccessManage:473 - Download File STMicroelectronics.X-CUBE-IPS.pdsc
2024-10-15 12:43:05,454 [WARN] MainUpdater:1194 - Updater busy. Cannot search thirdparties
2024-10-15 12:43:05,455 [INFO] ThirdPartyUpdaterWithRetryManager:96 - Updater plugin is busy. [1/15]
2024-10-15 12:43:05,833 [INFO] ServerAccessManage:473 - Download File STMicroelectronics.X-CUBE-WB05N.pdsc
2024-10-15 12:43:06,327 [WARN] PackLoader:240 - Cannot read IP mode file for STMicroelectronics.X-CUBE-IPS.3.0.0
2024-10-15 12:43:06,367 [WARN] PackLoader:240 - Cannot read IP mode file for STMicroelectronics.X-CUBE-WB05N.1.1.0
2024-10-15 12:43:06,369 [INFO] PopulateThirdPartyThread:66 - Ending populate Thread
2024-10-15 12:43:06,372 [INFO] ThirdParty:1030 - CMSIS Pack Vendor :STMicroelectronics X-CUBE-IPS 3.0.0
2024-10-15 12:43:06,372 [INFO] ThirdParty:1030 - CMSIS Pack Vendor :STMicroelectronics X-CUBE-WB05N 1.1.0
2024-10-15 12:43:06,373 [INFO] LoadServerUpdatesThread:375 - End of LoadServerUpdate Thread
2024-10-15 12:43:06,427 [INFO] CheckServerUpdateThread:120 - End of CheckServer Thread
2024-10-15 12:43:08,574 [WARN] PackLoader:240 - Cannot read IP mode file for STMicroelectronics.FP-SNS-MOTENVWB1.1.4.0
2024-10-15 12:43:08,585 [WARN] PackLoader:240 - Cannot read IP mode file for STMicroelectronics.X-CUBE-SMBUS.2.1.0
2024-10-15 12:43:08,589 [WARN] PackLoader:240 - Cannot read IP mode file for STMicroelectronics.X-CUBE-WB05N.1.1.0
2024-10-15 12:43:08,619 [WARN] PackLoader:240 - Cannot read IP mode file for STMicroelectronics.X-CUBE-AZRTOS-F7.1.1.0
2024-10-15 12:43:08,677 [WARN] PackLoader:240 - Cannot read IP mode file for STMicroelectronics.X-CUBE-MEMS1.11.0.0
2024-10-15 12:43:08,798 [WARN] PackLoader:240 - Cannot read IP mode file for STMicroelectronics.FP-SNS-FLIGHT1.5.0.2
2024-10-15 12:43:08,816 [WARN] PackLoader:240 - Cannot read IP mode file for STMicroelectronics.X-CUBE-DISPLAY.3.0.0
2024-10-15 12:43:08,833 [WARN] PackLoader:240 - Cannot read IP mode file for STMicroelectronics.X-CUBE-BLE1.7.0.0
2024-10-15 12:43:08,848 [WARN] PackLoader:240 - Cannot read IP mode file for STMicroelectronics.X-CUBE-NFC10.1.0.0
2024-10-15 12:43:08,862 [WARN] PackLoader:240 - Cannot read IP mode file for emotas.I-CUBE-CANOPEN.1.3.0
2024-10-15 12:43:08,879 [WARN] PackLoader:240 - Cannot read IP mode file for STMicroelectronics.X-CUBE-BLEMGR.3.1.0
2024-10-15 12:43:08,894 [WARN] PackLoader:240 - Cannot read IP mode file for STMicroelectronics.FP-SNS-SMARTAG2.1.2.0
2024-10-15 12:43:08,919 [INFO] LogOutputStream:77 - [STDOUT_REDIRECT] 1 : Invalid condition id : UX_CORESTACK_Condition cause : null
2024-10-15 12:43:08,920 [INFO] LogOutputStream:77 - [STDOUT_REDIRECT] 1 : Invalid condition id : UX_CORESTACK_Condition cause : null
2024-10-15 12:43:08,922 [INFO] LogOutputStream:77 - [STDOUT_REDIRECT] 1 : Invalid condition id : UX_CORESTACK_Condition cause : null
2024-10-15 12:43:08,923 [INFO] LogOutputStream:77 - [STDOUT_REDIRECT] 1 : Invalid condition id : UX_CORESTACK_Condition cause : null
2024-10-15 12:43:08,924 [INFO] LogOutputStream:77 - [STDOUT_REDIRECT] 1 : Invalid condition id : UX_CORESTACK_Condition cause : null
2024-10-15 12:43:08,927 [WARN] PackLoader:240 - Cannot read IP mode file for STMicroelectronics.X-CUBE-AZRTOS-WL.2.0.0
2024-10-15 12:43:08,943 [WARN] PackLoader:240 - Cannot read IP mode file for STMicroelectronics.FP-SNS-MOTENV1.5.0.0
2024-10-15 12:43:08,950 [WARN] PackLoader:240 - Cannot read IP mode file for wolfSSL.I-CUBE-wolfMQTT.1.19.0
2024-10-15 12:43:08,970 [WARN] PackLoader:240 - Cannot read IP mode file for WES.I-CUBE-Cesium.1.3.0
2024-10-15 12:43:08,989 [WARN] PackLoader:240 - Cannot read IP mode file for STMicroelectronics.X-CUBE-BLE2.3.3.0
2024-10-15 12:43:09,007 [WARN] PackLoader:240 - Cannot read IP mode file for STMicroelectronics.X-CUBE-NFC9.1.0.0
2024-10-15 12:43:09,029 [WARN] PackLoader:240 - Cannot read IP mode file for STMicroelectronics.X-CUBE-TCPP.4.1.0
2024-10-15 12:43:09,064 [WARN] PackLoader:240 - Cannot read IP mode file for STMicroelectronics.X-CUBE-AZRTOS-G0.1.1.0
2024-10-15 12:43:09,084 [WARN] PackLoader:240 - Cannot read IP mode file for STMicroelectronics.X-CUBE-SAFEA1.1.2.2
2024-10-15 12:43:09,102 [WARN] PackLoader:240 - Cannot read IP mode file for STMicroelectronics.X-CUBE-NFC4.3.0.0
2024-10-15 12:43:09,126 [WARN] PackLoader:240 - Cannot read IP mode file for EmbeddedOffice.I-CUBE-FS-RTOS.1.0.1
2024-10-15 12:43:09,127 [ERROR] ConditionMgr:805 - Attr not supported : Dmpu
2024-10-15 12:43:09,127 [ERROR] ConditionMgr:805 - Attr not supported : Dmpu
2024-10-15 12:43:09,127 [ERROR] ConditionMgr:805 - Attr not supported : Dmpu
2024-10-15 12:43:09,127 [ERROR] ConditionMgr:805 - Attr not supported : Dmpu
2024-10-15 12:43:09,128 [ERROR] ConditionMgr:805 - Attr not supported : Dmpu
2024-10-15 12:43:09,128 [ERROR] ConditionMgr:805 - Attr not supported : Dmpu
2024-10-15 12:43:09,128 [ERROR] ConditionMgr:805 - Attr not supported : Dmpu
2024-10-15 12:43:09,128 [ERROR] ConditionMgr:805 - Attr not supported : Dmpu
2024-10-15 12:43:09,128 [ERROR] ConditionMgr:805 - Attr not supported : Dmpu
2024-10-15 12:43:09,128 [ERROR] ConditionMgr:805 - Attr not supported : Dmpu
2024-10-15 12:43:09,128 [ERROR] ConditionMgr:805 - Attr not supported : Dmpu
2024-10-15 12:43:09,128 [ERROR] ConditionMgr:805 - Attr not supported : Dmpu
2024-10-15 12:43:09,128 [ERROR] ConditionMgr:805 - Attr not supported : Dmpu
2024-10-15 12:43:09,128 [ERROR] ConditionMgr:805 - Attr not supported : Dmpu
2024-10-15 12:43:09,128 [ERROR] ConditionMgr:805 - Attr not supported : Dmpu
2024-10-15 12:43:09,128 [ERROR] ConditionMgr:805 - Attr not supported : Dmpu
2024-10-15 12:43:09,128 [ERROR] ConditionMgr:805 - Attr not supported : Dmpu
2024-10-15 12:43:09,128 [ERROR] ConditionMgr:805 - Attr not supported : Dmpu
2024-10-15 12:43:09,129 [ERROR] ConditionMgr:805 - Attr not supported : Dmpu
2024-10-15 12:43:09,129 [ERROR] ConditionMgr:805 - Attr not supported : Dmpu
2024-10-15 12:43:09,129 [ERROR] ConditionMgr:805 - Attr not supported : Dmpu
2024-10-15 12:43:09,129 [ERROR] ConditionMgr:805 - Attr not supported : Dmpu
2024-10-15 12:43:09,129 [ERROR] ConditionMgr:805 - Attr not supported : Dmpu
2024-10-15 12:43:09,129 [ERROR] ConditionMgr:805 - Attr not supported : Dmpu
2024-10-15 12:43:09,129 [ERROR] ConditionMgr:805 - Attr not supported : Dmpu
2024-10-15 12:43:09,129 [ERROR] ConditionMgr:805 - Attr not supported : Dmpu
2024-10-15 12:43:09,129 [ERROR] ConditionMgr:805 - Attr not supported : Dmpu
2024-10-15 12:43:09,129 [ERROR] ConditionMgr:805 - Attr not supported : Dmpu
2024-10-15 12:43:09,129 [ERROR] ConditionMgr:805 - Attr not supported : Dmpu
2024-10-15 12:43:09,129 [ERROR] ConditionMgr:805 - Attr not supported : Dmpu
2024-10-15 12:43:09,129 [ERROR] ConditionMgr:805 - Attr not supported : Dmpu
2024-10-15 12:43:09,129 [ERROR] ConditionMgr:805 - Attr not supported : Dmpu
2024-10-15 12:43:09,129 [ERROR] ConditionMgr:805 - Attr not supported : Dmpu
2024-10-15 12:43:09,129 [ERROR] ConditionMgr:805 - Attr not supported : Dmpu
2024-10-15 12:43:09,129 [ERROR] ConditionMgr:805 - Attr not supported : Dmpu
2024-10-15 12:43:09,129 [ERROR] ConditionMgr:805 - Attr not supported : Dmpu
2024-10-15 12:43:09,129 [ERROR] ConditionMgr:805 - Attr not supported : Dmpu
2024-10-15 12:43:09,129 [ERROR] ConditionMgr:805 - Attr not supported : Dmpu
2024-10-15 12:43:09,130 [ERROR] ConditionMgr:805 - Attr not supported : Dmpu
2024-10-15 12:43:09,130 [ERROR] ConditionMgr:805 - Attr not supported : Dmpu
2024-10-15 12:43:09,130 [ERROR] ConditionMgr:805 - Attr not supported : Dmpu
2024-10-15 12:43:09,130 [ERROR] ConditionMgr:805 - Attr not supported : Dmpu
2024-10-15 12:43:09,130 [ERROR] ConditionMgr:805 - Attr not supported : Dmpu
2024-10-15 12:43:09,130 [ERROR] ConditionMgr:805 - Attr not supported : Dmpu
2024-10-15 12:43:09,130 [ERROR] ConditionMgr:805 - Attr not supported : Dmpu
2024-10-15 12:43:09,130 [ERROR] ConditionMgr:805 - Attr not supported : Dmpu
2024-10-15 12:43:09,130 [ERROR] ConditionMgr:805 - Attr not supported : Dmpu
2024-10-15 12:43:09,130 [ERROR] ConditionMgr:805 - Attr not supported : Dmpu
2024-10-15 12:43:09,130 [ERROR] ConditionMgr:805 - Attr not supported : Dmpu
2024-10-15 12:43:09,130 [ERROR] ConditionMgr:805 - Attr not supported : Dmpu
2024-10-15 12:43:09,130 [ERROR] ConditionMgr:805 - Attr not supported : Dmpu
2024-10-15 12:43:09,130 [ERROR] ConditionMgr:805 - Attr not supported : Dmpu
2024-10-15 12:43:09,130 [ERROR] ConditionMgr:805 - Attr not supported : Dmpu
2024-10-15 12:43:09,130 [ERROR] ConditionMgr:805 - Attr not supported : Dmpu
2024-10-15 12:43:09,130 [ERROR] ConditionMgr:805 - Attr not supported : Dmpu
2024-10-15 12:43:09,130 [ERROR] ConditionMgr:805 - Attr not supported : Dmpu
2024-10-15 12:43:09,131 [ERROR] ConditionMgr:805 - Attr not supported : Dmpu
2024-10-15 12:43:09,131 [ERROR] ConditionMgr:805 - Attr not supported : Dmpu
2024-10-15 12:43:09,131 [ERROR] ConditionMgr:805 - Attr not supported : Dmpu
2024-10-15 12:43:09,131 [ERROR] ConditionMgr:805 - Attr not supported : Dmpu
2024-10-15 12:43:09,131 [ERROR] ConditionMgr:805 - Attr not supported : Dmpu
2024-10-15 12:43:09,131 [ERROR] ConditionMgr:805 - Attr not supported : Dmpu
2024-10-15 12:43:09,131 [ERROR] ConditionMgr:805 - Attr not supported : Dmpu
2024-10-15 12:43:09,131 [ERROR] ConditionMgr:805 - Attr not supported : Dmpu
2024-10-15 12:43:09,147 [WARN] PackLoader:240 - Cannot read IP mode file for RealThread.X-CUBE-RT-Thread_Nano.4.1.1
2024-10-15 12:43:09,152 [WARN] PackLoader:240 - Cannot read IP mode file for STMicroelectronics.FP-ATR-SIGFOX1.3.2.0
2024-10-15 12:43:09,169 [WARN] PackLoader:240 - Cannot read IP mode file for wolfSSL.I-CUBE-wolfSSL.5.7.2
2024-10-15 12:43:09,190 [WARN] PackLoader:240 - Cannot read IP mode file for STMicroelectronics.X-CUBE-EEPRMA1.5.1.0
2024-10-15 12:43:09,212 [WARN] PackLoader:240 - Cannot read IP mode file for ITTIA_DB.I-CUBE-ITTIADB.8.9.0
2024-10-15 12:43:09,270 [WARN] PackLoader:240 - Cannot read IP mode file for SEGGER.I-CUBE-embOS.1.3.1
2024-10-15 12:43:09,348 [WARN] PackLoader:240 - Cannot read IP mode file for STMicroelectronics.X-CUBE-ALGOBUILD.1.4.0
2024-10-15 12:43:09,367 [WARN] PackLoader:240 - Cannot read IP mode file for STMicroelectronics.X-CUBE-AI.9.1.0
2024-10-15 12:43:09,389 [WARN] PackLoader:240 - Cannot read IP mode file for STMicroelectronics.X-CUBE-GNSS1.6.0.0
2024-10-15 12:43:09,426 [WARN] PackLoader:240 - Cannot read IP mode file for STMicroelectronics.X-CUBE-AZRTOS-F4.1.1.0
2024-10-15 12:43:09,447 [WARN] PackLoader:240 - Cannot read IP mode file for STMicroelectronics.X-CUBE-ISPU.2.1.0
2024-10-15 12:43:09,466 [WARN] PackLoader:240 - Cannot read IP mode file for STMicroelectronics.X-CUBE-FREERTOS.1.2.0
2024-10-15 12:43:09,502 [WARN] PackLoader:240 - Cannot read IP mode file for STMicroelectronics.X-CUBE-AZRTOS-L5.2.0.0
2024-10-15 12:43:09,524 [WARN] PackLoader:240 - Cannot read IP mode file for STMicroelectronics.X-CUBE-NFC6.3.1.0
2024-10-15 12:43:09,546 [WARN] PackLoader:240 - Cannot read IP mode file for STMicroelectronics.X-CUBE-DPower.1.2.0
2024-10-15 12:43:09,562 [WARN] PackLoader:240 - Cannot read IP mode file for STMicroelectronics.X-CUBE-AI.9.0.0
2024-10-15 12:43:09,582 [WARN] PackLoader:240 - Cannot read IP mode file for STMicroelectronics.X-CUBE-NFC7.1.0.1
2024-10-15 12:43:09,621 [WARN] ConditionMgr:438 - getConditionDescription Invalid condition id : LAN8742 Phy interface Condition cause : null
2024-10-15 12:43:09,622 [WARN] PackLoader:240 - Cannot read IP mode file for STMicroelectronics.X-CUBE-AZRTOS-L4.2.0.0
2024-10-15 12:43:09,623 [WARN] ConditionMgr:1039 - genDependencies : Invalid condition id : LAN8742 Phy interface Condition cause : null
2024-10-15 12:43:09,624 [WARN] ConditionMgr:1039 - genDependencies : Invalid condition id : LAN8742 Phy interface Condition cause : null
2024-10-15 12:43:09,624 [WARN] ConditionMgr:1039 - genDependencies : Invalid condition id : LAN8742 Phy interface Condition cause : null
2024-10-15 12:43:09,645 [WARN] PackLoader:240 - Cannot read IP mode file for STMicroelectronics.X-CUBE-SFXS2LP1.4.0.0
2024-10-15 12:43:09,684 [WARN] PackLoader:240 - Cannot read IP mode file for STMicroelectronics.X-CUBE-AZRTOS-H7.3.3.0
2024-10-15 12:43:09,696 [WARN] PackLoader:240 - Cannot read IP mode file for STMicroelectronics.X-CUBE-IPS.3.0.0
2024-10-15 12:43:09,730 [WARN] ConditionMgr:438 - getConditionDescription Invalid condition id : UX DEVICE CLASS RTOS Condition cause : null
2024-10-15 12:43:09,730 [WARN] ConditionMgr:438 - getConditionDescription Invalid condition id : UX DEVICE CLASS RTOS Condition cause : null
2024-10-15 12:43:09,732 [WARN] PackLoader:240 - Cannot read IP mode file for STMicroelectronics.X-CUBE-AZRTOS-WB.2.0.0
2024-10-15 12:43:09,732 [WARN] ConditionMgr:1039 - genDependencies : Invalid condition id : UX DEVICE CLASS RTOS Condition cause : null
2024-10-15 12:43:09,732 [WARN] ConditionMgr:1039 - genDependencies : Invalid condition id : UX DEVICE CLASS RTOS Condition cause : null
2024-10-15 12:43:09,732 [WARN] ConditionMgr:1039 - genDependencies : Invalid condition id : UX DEVICE CLASS RTOS Condition cause : null
2024-10-15 12:43:09,732 [WARN] ConditionMgr:1039 - genDependencies : Invalid condition id : UX DEVICE CLASS RTOS Condition cause : null
2024-10-15 12:43:09,733 [WARN] ConditionMgr:1039 - genDependencies : Invalid condition id : UX DEVICE CLASS RTOS Condition cause : null
2024-10-15 12:43:09,750 [WARN] PackLoader:240 - Cannot read IP mode file for STMicroelectronics.X-CUBE-GNSS1.7.0.0
2024-10-15 12:43:09,770 [WARN] PackLoader:240 - Cannot read IP mode file for STMicroelectronics.FP-SNS-STBOX1.2.0.0
2024-10-15 12:43:09,795 [WARN] PackLoader:240 - Cannot read IP mode file for STMicroelectronics.X-CUBE-SUBG2.5.0.0
2024-10-15 12:43:09,806 [WARN] PackLoader:240 - Cannot read IP mode file for Cesanta.I-CUBE-Mongoose.7.13.0
2024-10-15 12:43:09,837 [WARN] PackLoader:240 - Cannot read IP mode file for STMicroelectronics.X-CUBE-AZRTOS-G4.2.0.0
2024-10-15 12:43:09,853 [WARN] PackLoader:240 - Cannot read IP mode file for STMicroelectronics.X-CUBE-ISPU.2.0.0
2024-10-15 12:43:09,870 [WARN] PackLoader:240 - Cannot read IP mode file for STMicroelectronics.X-CUBE-ALS.1.0.2
2024-10-15 12:43:09,889 [WARN] PackLoader:240 - Cannot read IP mode file for STMicroelectronics.X-CUBE-TOUCHGFX.4.24.0
2024-10-15 12:43:09,909 [WARN] PackLoader:240 - Cannot read IP mode file for STMicroelectronics.X-CUBE-TOUCHGFX.4.24.1
2024-10-15 12:43:09,928 [WARN] PackLoader:240 - Cannot read IP mode file for wolfSSL.I-CUBE-wolfTPM.3.4.0
2024-10-15 12:43:09,949 [WARN] PackLoader:240 - Cannot read IP mode file for portGmbH.I-Cube-SoM-uGOAL.1.1.0
2024-10-15 12:43:09,989 [WARN] PackLoader:240 - Cannot read IP mode file for STMicroelectronics.X-CUBE-AZRTOS-H7RS.1.0.0
2024-10-15 12:43:10,002 [WARN] PackLoader:240 - Cannot read IP mode file for STMicroelectronics.FP-ATR-ASTRA1.2.0.0
2024-10-15 12:43:10,026 [WARN] PackLoader:240 - Cannot read IP mode file for STMicroelectronics.X-CUBE-TOF1.3.4.2
2024-10-15 12:43:10,071 [WARN] PackLoader:240 - Cannot read IP mode file for Infineon.AIROC-Wi-Fi-Bluetooth-STM32.1.6.1
2024-10-15 12:43:10,078 [WARN] PackLoader:240 - Cannot read IP mode file for wolfSSL.I-CUBE-wolfSSH.1.4.17
2024-10-15 12:43:10,081 [INFO] ThirdParty:978 - Integrity check success = true
2024-10-15 12:43:10,081 [INFO] IntegrityCheckThread:100 - exiting critical section [integrity check]
2024-10-15 12:43:10,081 [INFO] IntegrityCheckThread:103 - End integrity checks thread
2024-10-15 12:43:14,146 [INFO] WebApp:167 - Instantiating new browser for Auth
2024-10-15 12:43:14,865 [INFO] WebApp:448 - Apply proxy settings
2024-10-15 12:43:14,866 [INFO] WebApp:533 - Chromium requires no authentication
2024-10-15 12:43:14,878 [INFO] WebApp:476 - Direct internet connection detected
2024-10-15 12:43:14,907 [INFO] WebApp:869 - Register for checkConnection events
2024-10-15 12:43:14,908 [INFO] WebApp:448 - Apply proxy settings
2024-10-15 12:43:14,908 [INFO] WebApp:533 - Chromium requires no authentication
2024-10-15 12:43:14,909 [INFO] WebApp:476 - Direct internet connection detected
2024-10-15 12:43:15,115 [INFO] WebApp:186 - Connection restablished
2024-10-15 12:43:15,130 [INFO] WebApp:220 - Starting web application
2024-10-15 12:43:15,130 [INFO] WebApp:578 - Web application path used C:\ST\STM32CubeIDE_1.16.0\STM32CubeIDE\plugins\com.st.stm32cube.common.mx_6.12.1.202409122256\db\plugins\mcufinder\reactClient1\index.html
2024-10-15 12:44:06,928 [INFO] WebApp:189 - Connection lost
2024-10-15 12:44:07,085 [INFO] WebApp:186 - Connection restablished
2024-10-15 12:46:39,016 [INFO] WebApp:189 - Connection lost
2024-10-15 12:46:39,232 [INFO] WebApp:186 - Connection restablished
2024-10-15 12:47:08,705 [INFO] WebApp:189 - Connection lost
2024-10-15 12:47:09,026 [INFO] WebApp:186 - Connection restablished
2024-10-15 12:47:14,745 [INFO] WebApp:189 - Connection lost
2024-10-15 12:47:15,076 [INFO] WebApp:186 - Connection restablished
2024-10-15 12:47:17,955 [INFO] WebApp:189 - Connection lost
2024-10-15 12:47:18,244 [INFO] WebApp:186 - Connection restablished
2024-10-15 12:51:56,743 [INFO] WebApp:189 - Connection lost
2024-10-15 12:51:56,868 [INFO] WebApp:186 - Connection restablished
2024-10-15 13:01:42,726 [INFO] WebApp:189 - Connection lost
2024-10-15 13:01:42,877 [INFO] WebApp:186 - Connection restablished
2024-10-15 13:55:44,237 [INFO] WebApp:189 - Connection lost
2024-10-15 13:55:44,377 [INFO] WebApp:186 - Connection restablished
2024-10-15 14:26:12,743 [INFO] WebApp:189 - Connection lost
2024-10-15 14:26:12,885 [INFO] WebApp:186 - Connection restablished
2024-10-15 14:40:24,835 [INFO] WebApp:189 - Connection lost
2024-10-15 14:40:25,056 [INFO] WebApp:186 - Connection restablished
2024-10-15 14:40:30,747 [INFO] WebApp:189 - Connection lost
2024-10-15 14:40:30,866 [INFO] WebApp:186 - Connection restablished
2024-10-15 14:45:21,748 [INFO] WebApp:189 - Connection lost
2024-10-15 14:45:21,891 [INFO] WebApp:186 - Connection restablished
2024-10-15 14:45:27,738 [INFO] WebApp:189 - Connection lost
2024-10-15 14:45:27,859 [INFO] WebApp:186 - Connection restablished
2024-10-15 14:45:34,747 [INFO] WebApp:189 - Connection lost
2024-10-15 14:45:34,865 [INFO] WebApp:186 - Connection restablished
2024-10-15 14:46:10,743 [INFO] WebApp:189 - Connection lost
2024-10-15 14:46:10,876 [INFO] WebApp:186 - Connection restablished
2024-10-15 14:46:27,728 [INFO] WebApp:189 - Connection lost
2024-10-15 14:46:27,862 [INFO] WebApp:186 - Connection restablished
2024-10-15 14:46:31,242 [INFO] WebApp:189 - Connection lost
2024-10-15 14:46:31,361 [INFO] WebApp:186 - Connection restablished
2024-10-15 14:46:39,749 [INFO] WebApp:189 - Connection lost
2024-10-15 14:46:49,041 [INFO] WebApp:186 - Connection restablished
2024-10-15 14:46:52,236 [INFO] WebApp:189 - Connection lost
2024-10-15 14:46:52,370 [INFO] WebApp:186 - Connection restablished
2024-10-15 14:47:03,732 [INFO] WebApp:189 - Connection lost
2024-10-15 14:47:48,118 [INFO] WebApp:186 - Connection restablished
2024-10-15 14:48:14,412 [INFO] WebApp:189 - Connection lost
2024-10-15 14:48:27,419 [INFO] WebApp:186 - Connection restablished
2024-10-15 14:48:30,740 [INFO] WebApp:189 - Connection lost
2024-10-15 14:48:43,701 [INFO] WebApp:186 - Connection restablished
2024-10-15 14:48:46,736 [INFO] WebApp:189 - Connection lost
2024-10-15 14:48:46,980 [INFO] WebApp:186 - Connection restablished
2024-10-15 14:49:01,709 [INFO] WebApp:189 - Connection lost
2024-10-15 14:49:09,888 [INFO] WebApp:186 - Connection restablished
2024-10-15 14:49:10,234 [INFO] WebApp:189 - Connection lost
2024-10-15 14:49:10,347 [INFO] WebApp:186 - Connection restablished
2024-10-15 14:49:20,313 [INFO] WebApp:189 - Connection lost
2024-10-15 14:49:20,469 [INFO] WebApp:186 - Connection restablished
2024-10-15 14:49:23,738 [INFO] WebApp:189 - Connection lost
2024-10-15 14:49:24,732 [INFO] WebApp:186 - Connection restablished
2024-10-15 14:49:31,734 [INFO] WebApp:189 - Connection lost
2024-10-15 14:49:40,903 [INFO] WebApp:186 - Connection restablished
2024-10-15 14:49:44,726 [INFO] WebApp:189 - Connection lost
2024-10-15 14:50:16,097 [INFO] WebApp:186 - Connection restablished
2024-10-15 14:50:18,231 [INFO] WebApp:189 - Connection lost
2024-10-15 14:50:24,848 [INFO] WebApp:186 - Connection restablished
2024-10-15 14:50:29,743 [INFO] WebApp:189 - Connection lost
2024-10-15 14:50:29,883 [INFO] WebApp:186 - Connection restablished
2024-10-15 14:50:45,725 [INFO] WebApp:189 - Connection lost
2024-10-15 14:50:45,895 [INFO] WebApp:186 - Connection restablished
2024-10-15 14:51:16,730 [INFO] WebApp:189 - Connection lost
2024-10-15 14:51:17,012 [INFO] WebApp:186 - Connection restablished
2024-10-15 14:51:22,244 [INFO] WebApp:189 - Connection lost
2024-10-15 14:51:22,428 [INFO] WebApp:186 - Connection restablished
2024-10-15 14:51:38,226 [INFO] WebApp:189 - Connection lost
2024-10-15 14:51:38,403 [INFO] WebApp:186 - Connection restablished
2024-10-15 14:51:42,237 [INFO] WebApp:189 - Connection lost
2024-10-15 14:51:42,396 [INFO] WebApp:186 - Connection restablished
2024-10-15 14:53:15,744 [INFO] WebApp:189 - Connection lost
2024-10-15 14:53:15,891 [INFO] WebApp:186 - Connection restablished
2024-10-15 14:53:21,233 [INFO] WebApp:189 - Connection lost
2024-10-15 14:53:21,420 [INFO] WebApp:186 - Connection restablished
2024-10-15 14:53:27,235 [INFO] WebApp:189 - Connection lost
2024-10-15 14:53:27,363 [INFO] WebApp:186 - Connection restablished
2024-10-15 14:53:49,739 [INFO] WebApp:189 - Connection lost
2024-10-15 14:53:49,862 [INFO] WebApp:186 - Connection restablished
2024-10-15 14:55:46,229 [INFO] WebApp:189 - Connection lost
2024-10-15 14:55:46,370 [INFO] WebApp:186 - Connection restablished
2024-10-15 14:56:01,235 [INFO] WebApp:189 - Connection lost
2024-10-15 14:56:01,348 [INFO] WebApp:186 - Connection restablished
2024-10-15 15:11:03,499 [INFO] WebApp:189 - Connection lost
2024-10-15 15:11:07,615 [INFO] WebApp:186 - Connection restablished
2024-10-15 15:11:11,734 [INFO] WebApp:189 - Connection lost
2024-10-15 15:11:11,851 [INFO] WebApp:186 - Connection restablished
2024-10-15 15:11:13,725 [INFO] WebApp:189 - Connection lost
2024-10-15 15:11:13,844 [INFO] WebApp:186 - Connection restablished
2024-10-15 15:12:58,738 [INFO] WebApp:189 - Connection lost
2024-10-15 15:12:58,869 [INFO] WebApp:186 - Connection restablished
2024-10-15 15:22:47,002 [INFO] WebApp:189 - Connection lost
2024-10-15 15:22:47,361 [INFO] WebApp:186 - Connection restablished
2024-10-15 15:24:20,743 [INFO] WebApp:189 - Connection lost
2024-10-15 15:24:21,185 [INFO] WebApp:186 - Connection restablished
2024-10-15 15:27:27,730 [INFO] WebApp:189 - Connection lost
2024-10-15 15:27:28,833 [INFO] WebApp:186 - Connection restablished
2024-10-15 15:45:02,272 [INFO] WebApp:189 - Connection lost
2024-10-15 15:45:02,433 [INFO] WebApp:186 - Connection restablished
2024-10-15 16:04:45,579 [INFO] WebApp:189 - Connection lost
2024-10-15 16:04:46,399 [INFO] WebApp:186 - Connection restablished
2024-10-15 16:04:51,762 [INFO] WebApp:189 - Connection lost
2024-10-15 16:04:51,884 [INFO] WebApp:186 - Connection restablished
2024-10-15 16:33:50,746 [INFO] WebApp:189 - Connection lost
2024-10-15 16:33:59,997 [INFO] WebApp:186 - Connection restablished
2024-10-15 16:34:02,219 [INFO] WebApp:189 - Connection lost
2024-10-15 16:34:02,340 [INFO] WebApp:186 - Connection restablished
2024-10-15 16:34:03,743 [INFO] WebApp:189 - Connection lost
2024-10-15 16:34:03,854 [INFO] WebApp:186 - Connection restablished
2024-10-15 16:35:48,727 [INFO] WebApp:189 - Connection lost
2024-10-15 16:35:48,868 [INFO] WebApp:186 - Connection restablished
2024-10-15 16:49:04,241 [INFO] WebApp:189 - Connection lost
2024-10-15 16:49:04,383 [INFO] WebApp:186 - Connection restablished
2024-10-15 16:53:08,777 [INFO] WebApp:189 - Connection lost
2024-10-15 16:53:09,057 [INFO] WebApp:186 - Connection restablished
2024-10-15 17:02:11,880 [INFO] WebApp:189 - Connection lost
2024-10-15 17:02:12,670 [INFO] WebApp:186 - Connection restablished
2024-10-15 17:02:15,469 [INFO] WebApp:189 - Connection lost
2024-10-15 17:02:15,608 [INFO] WebApp:186 - Connection restablished
2024-10-15 17:02:18,768 [INFO] WebApp:189 - Connection lost
2024-10-15 17:02:18,951 [INFO] WebApp:186 - Connection restablished
2024-10-15 17:04:04,253 [INFO] WebApp:189 - Connection lost
2024-10-15 17:04:04,387 [INFO] WebApp:186 - Connection restablished
2024-10-15 17:11:27,255 [INFO] WebApp:189 - Connection lost
2024-10-15 17:11:27,393 [INFO] WebApp:186 - Connection restablished
2024-10-15 17:23:41,739 [INFO] WebApp:189 - Connection lost
2024-10-15 17:23:41,884 [INFO] WebApp:186 - Connection restablished
2024-10-15 17:23:53,251 [INFO] WebApp:189 - Connection lost
2024-10-15 17:23:53,367 [INFO] WebApp:186 - Connection restablished
2024-10-15 17:41:39,530 [INFO] WebApp:189 - Connection lost
2024-10-15 17:41:39,669 [INFO] WebApp:186 - Connection restablished
2024-10-15 17:41:42,774 [INFO] WebApp:189 - Connection lost
2024-10-15 17:41:42,890 [INFO] WebApp:186 - Connection restablished
2024-10-15 18:00:06,739 [INFO] WebApp:189 - Connection lost
2024-10-15 18:00:06,889 [INFO] WebApp:186 - Connection restablished
2024-10-15 19:17:31,533 [INFO] WebApp:189 - Connection lost
2024-10-15 19:17:31,719 [INFO] WebApp:186 - Connection restablished
2024-10-15 21:04:34,594 [INFO] WebApp:189 - Connection lost
2024-10-15 21:04:34,854 [INFO] WebApp:186 - Connection restablished
2024-10-15 21:04:56,103 [INFO] WebApp:189 - Connection lost
2024-10-15 21:04:56,217 [INFO] WebApp:186 - Connection restablished
2024-10-15 21:07:57,086 [INFO] WebApp:189 - Connection lost
2024-10-15 21:07:57,228 [INFO] WebApp:186 - Connection restablished
2024-10-15 21:08:09,596 [INFO] WebApp:189 - Connection lost
2024-10-15 21:08:09,720 [INFO] WebApp:186 - Connection restablished
2024-10-15 21:11:11,607 [INFO] WebApp:189 - Connection lost
2024-10-15 21:11:11,733 [INFO] WebApp:186 - Connection restablished
2024-10-15 21:11:35,598 [INFO] WebApp:189 - Connection lost
2024-10-15 21:11:35,845 [INFO] WebApp:186 - Connection restablished
2024-10-15 22:07:10,585 [INFO] WebApp:189 - Connection lost
2024-10-15 22:07:10,713 [INFO] WebApp:186 - Connection restablished
2024-10-15 22:08:11,605 [INFO] WebApp:189 - Connection lost
2024-10-15 22:08:11,753 [INFO] WebApp:186 - Connection restablished
2024-10-15 22:08:40,111 [INFO] WebApp:189 - Connection lost
2024-10-15 22:08:40,227 [INFO] WebApp:186 - Connection restablished
2024-10-15 22:09:24,584 [INFO] WebApp:189 - Connection lost
2024-10-15 22:09:28,495 [INFO] WebApp:186 - Connection restablished
2024-10-15 22:09:28,589 [INFO] WebApp:189 - Connection lost
2024-10-15 22:09:28,605 [INFO] WebApp:186 - Connection restablished
2024-10-15 22:09:31,587 [INFO] WebApp:189 - Connection lost
2024-10-15 22:09:31,705 [INFO] WebApp:186 - Connection restablished
2024-10-15 22:09:44,601 [INFO] WebApp:189 - Connection lost
2024-10-15 22:09:47,466 [INFO] WebApp:186 - Connection restablished
2024-10-15 22:09:51,601 [INFO] WebApp:189 - Connection lost
2024-10-15 22:09:51,721 [INFO] WebApp:186 - Connection restablished
2024-10-15 22:10:57,596 [INFO] WebApp:189 - Connection lost
2024-10-15 22:10:57,758 [INFO] WebApp:186 - Connection restablished
2024-10-15 22:11:57,582 [INFO] WebApp:189 - Connection lost
2024-10-15 22:11:57,757 [INFO] WebApp:186 - Connection restablished
2024-10-15 22:12:52,970 [INFO] WebApp:189 - Connection lost
2024-10-15 22:13:11,377 [INFO] WebApp:186 - Connection restablished
2024-10-15 22:13:14,578 [INFO] WebApp:189 - Connection lost
2024-10-15 22:13:14,688 [INFO] WebApp:186 - Connection restablished
2024-10-15 22:13:34,082 [INFO] WebApp:189 - Connection lost
2024-10-15 22:13:34,278 [INFO] WebApp:186 - Connection restablished
2024-10-15 22:13:39,581 [INFO] WebApp:189 - Connection lost
2024-10-15 22:13:39,704 [INFO] WebApp:186 - Connection restablished
2024-10-15 22:14:00,583 [INFO] WebApp:189 - Connection lost
2024-10-15 22:14:18,307 [INFO] WebApp:186 - Connection restablished
2024-10-15 22:14:22,593 [INFO] WebApp:189 - Connection lost
2024-10-15 22:14:22,723 [INFO] WebApp:186 - Connection restablished
2024-10-15 22:14:59,109 [INFO] WebApp:189 - Connection lost
2024-10-15 22:43:20,347 [INFO] WebApp:186 - Connection restablished
2024-10-15 22:43:22,112 [INFO] WebApp:189 - Connection lost
2024-10-15 22:43:22,239 [INFO] WebApp:186 - Connection restablished
2024-10-15 22:45:04,109 [INFO] WebApp:189 - Connection lost
2024-10-15 22:45:04,991 [INFO] WebApp:186 - Connection restablished
2024-10-15 23:23:32,128 [INFO] WebApp:189 - Connection lost
2024-10-15 23:23:32,266 [INFO] WebApp:186 - Connection restablished
