2024-10-04 19:34:28,253 [INFO] Activator:176 - 


2024-10-04 19:34:28,256 [INFO] Activator:177 - !SESSION log4j initialized
2024-10-04 19:34:35,095 [INFO] LogOutputStream:77 - [STDOUT_REDIRECT] 
2024-10-04 19:34:37,162 [INFO] ApplicationProperties:184 - Using Application install path: C:\ST\STM32CubeIDE_1.16.0\STM32CubeIDE\plugins\com.st.stm32cube.common.mx_6.12.1.202409122256
2024-10-04 19:34:37,179 [INFO] DbMcusXml:78 - Set database path to: C:\ST\STM32CubeIDE_1.16.0\STM32CubeIDE\plugins\com.st.stm32cube.common.mx_6.12.1.202409122256\\db\/mcu/
2024-10-04 19:34:37,179 [INFO] ApiDb:274 - Set plugin database path to: C:\ST\STM32CubeIDE_1.16.0\STM32CubeIDE\plugins\com.st.stm32cube.common.mx_6.12.1.202409122256\\db\/plugins/boardmanager/
2024-10-04 19:34:37,180 [WARN] ApiDb:259 - Overriding images path with different value:  => C:\ST\STM32CubeIDE_1.16.0\STM32CubeIDE\plugins\com.st.stm32cube.common.mx_6.12.1.202409122256\\db\/plugins/mcufinder/images/
2024-10-04 19:34:37,187 [INFO] ApiDb:250 - Set database path to: C:\Users\user\.stmcufinder\plugins\mcufinder//mcu/
2024-10-04 19:34:37,188 [INFO] DbMcusAds:125 - Set database path to: C:\Users\user\.stmcufinder\plugins\mcufinder//mcu/
2024-10-04 19:34:37,190 [INFO] CrossReferenceDbSqlite:203 - Set database path to: C:\Users\user\.stmcufinder\plugins\mcufinder//mcu/cs/
2024-10-04 19:34:37,293 [INFO] RulesReader:64 - Compatibility file has been processed (297 Rules)
2024-10-04 19:34:37,368 [INFO] DbMcusXml:78 - Set database path to: C:\ST\STM32CubeIDE_1.16.0\STM32CubeIDE\plugins\com.st.stm32cube.common.mx_6.12.1.202409122256\\db\/mcu/
2024-10-04 19:34:37,368 [INFO] ApiDb:274 - Set plugin database path to: C:\ST\STM32CubeIDE_1.16.0\STM32CubeIDE\plugins\com.st.stm32cube.common.mx_6.12.1.202409122256\\db\/plugins/boardmanager/
2024-10-04 19:34:37,368 [INFO] ApiDb:261 - Set plugin images path to: C:\ST\STM32CubeIDE_1.16.0\STM32CubeIDE\plugins\com.st.stm32cube.common.mx_6.12.1.202409122256\\db\/plugins/mcufinder/images/
2024-10-04 19:34:37,368 [WARN] DbFile:41 - Overriding database path with different value: C:\Users\user\.stmcufinder\plugins\mcufinder/ => C:\Users\user\.stmcufinder\plugins\mcufinder
2024-10-04 19:34:37,368 [INFO] ApiDb:250 - Set database path to: C:\Users\user\.stmcufinder\plugins\mcufinder//mcu/
2024-10-04 19:34:37,368 [WARN] DbFile:41 - Overriding database path with different value: C:\Users\user\.stmcufinder\plugins\mcufinder/ => C:\Users\user\.stmcufinder\plugins\mcufinder
2024-10-04 19:34:37,368 [INFO] DbMcusAds:125 - Set database path to: C:\Users\user\.stmcufinder\plugins\mcufinder//mcu/
2024-10-04 19:34:37,368 [WARN] DbFile:41 - Overriding database path with different value: C:\Users\user\.stmcufinder\plugins\mcufinder/ => C:\Users\user\.stmcufinder\plugins\mcufinder
2024-10-04 19:34:37,368 [WARN] DbFile:41 - Overriding database path with different value: C:\Users\user\.stmcufinder\plugins\mcufinder/ => C:\Users\user\.stmcufinder\plugins\mcufinder
2024-10-04 19:34:37,369 [INFO] CrossReferenceDbSqlite:203 - Set database path to: C:\Users\user\.stmcufinder\plugins\mcufinder//mcu/cs/
2024-10-04 19:34:37,455 [INFO] MainPanel:268 - HeapMemory: 268435456
2024-10-04 19:34:37,626 [INFO] DbMcusXml:78 - Set database path to: C:\ST\STM32CubeIDE_1.16.0\STM32CubeIDE\plugins\com.st.stm32cube.common.mx_6.12.1.202409122256\\db\/mcu/
2024-10-04 19:34:37,626 [INFO] ApiDb:274 - Set plugin database path to: C:\ST\STM32CubeIDE_1.16.0\STM32CubeIDE\plugins\com.st.stm32cube.common.mx_6.12.1.202409122256\\db\/plugins/boardmanager/
2024-10-04 19:34:37,626 [INFO] ApiDb:261 - Set plugin images path to: C:\ST\STM32CubeIDE_1.16.0\STM32CubeIDE\plugins\com.st.stm32cube.common.mx_6.12.1.202409122256\\db\/plugins/mcufinder/images/
2024-10-04 19:34:37,626 [WARN] DbFile:41 - Overriding database path with different value: C:\Users\user\.stmcufinder\plugins\mcufinder/ => C:\Users\user\.stmcufinder\plugins\mcufinder
2024-10-04 19:34:37,626 [INFO] ApiDb:250 - Set database path to: C:\Users\user\.stmcufinder\plugins\mcufinder//mcu/
2024-10-04 19:34:37,627 [WARN] DbFile:41 - Overriding database path with different value: C:\Users\user\.stmcufinder\plugins\mcufinder/ => C:\Users\user\.stmcufinder\plugins\mcufinder
2024-10-04 19:34:37,627 [INFO] DbMcusAds:125 - Set database path to: C:\Users\user\.stmcufinder\plugins\mcufinder//mcu/
2024-10-04 19:34:37,627 [WARN] DbFile:41 - Overriding database path with different value: C:\Users\user\.stmcufinder\plugins\mcufinder/ => C:\Users\user\.stmcufinder\plugins\mcufinder
2024-10-04 19:34:37,627 [WARN] DbFile:41 - Overriding database path with different value: C:\Users\user\.stmcufinder\plugins\mcufinder/ => C:\Users\user\.stmcufinder\plugins\mcufinder
2024-10-04 19:34:37,627 [INFO] CrossReferenceDbSqlite:203 - Set database path to: C:\Users\user\.stmcufinder\plugins\mcufinder//mcu/cs/
2024-10-04 19:34:37,642 [INFO] ApplicationProperties:184 - Using Application install path: C:\ST\STM32CubeIDE_1.16.0\STM32CubeIDE\plugins\com.st.stm32cube.common.mx_6.12.1.202409122256
2024-10-04 19:34:37,643 [INFO] PluginManage:196 - Search for loadable plugins [exclusion list=, ]
2024-10-04 19:34:37,644 [INFO] PluginManage:310 - Check plugin analytics
2024-10-04 19:34:37,794 [INFO] AnalyticsPlugin:253 - Accepted Software Licenses: 
2024-10-04 19:34:37,794 [INFO] AnalyticsPlugin:255 - Accepted CMSIS Pack Licenses: 
2024-10-04 19:34:37,794 [INFO] AnalyticsPlugin:257 - Accepted Firmware Licenses: 
2024-10-04 19:34:37,797 [INFO] PluginManage:359 - Loaded plugin analytics (category:tool,tabindex:-1)
2024-10-04 19:34:37,797 [INFO] PluginManage:310 - Check plugin cadmodel
2024-10-04 19:34:37,813 [INFO] CADModel:105 - Init CAD model plugin
2024-10-04 19:34:37,814 [INFO] PluginManage:359 - Loaded plugin cadmodel (category:power,tabindex:5)
2024-10-04 19:34:37,814 [INFO] PluginManage:310 - Check plugin clock
2024-10-04 19:34:37,835 [INFO] PluginManage:359 - Loaded plugin clock (category:base,tabindex:2)
2024-10-04 19:34:37,836 [INFO] PluginManage:310 - Check plugin ddr
2024-10-04 19:34:37,839 [INFO] PluginManage:359 - Loaded plugin ddr (category:tool,tabindex:6)
2024-10-04 19:34:37,839 [INFO] PluginManage:310 - Check plugin filemanager
2024-10-04 19:34:37,983 [INFO] PluginManage:359 - Loaded plugin filemanager (category:base,tabindex:10)
2024-10-04 19:34:37,983 [INFO] PluginManage:310 - Check plugin ipmanager
2024-10-04 19:34:37,990 [INFO] PluginManage:359 - Loaded plugin ipmanager (category:base,tabindex:5)
2024-10-04 19:34:37,990 [INFO] PluginManage:310 - Check plugin lpbam
2024-10-04 19:34:38,009 [INFO] PluginManage:359 - Loaded plugin lpbam (category:base,tabindex:0)
2024-10-04 19:34:38,009 [INFO] PluginManage:310 - Check plugin memorymap
2024-10-04 19:34:38,042 [INFO] PluginManage:359 - Loaded plugin memorymap (category:base,tabindex:4)
2024-10-04 19:34:38,043 [INFO] PluginManage:310 - Check plugin pinoutandconfiguration
2024-10-04 19:34:38,065 [INFO] PluginManage:359 - Loaded plugin pinoutandconfiguration (category:base,tabindex:1)
2024-10-04 19:34:38,065 [INFO] PluginManage:310 - Check plugin pinoutconfig
2024-10-04 19:34:38,196 [WARN] SupportedApi:132 - Cannot load RTOS API schema: s4s-elt-must-match.1: The content of 'definitions' must match (annotation?, (simpleType | complexType)?, (unique | key | keyref)*)). A problem was found starting at: attribute.
2024-10-04 19:34:38,321 [INFO] PluginManage:359 - Loaded plugin pinoutconfig (category:base,tabindex:0)
2024-10-04 19:34:38,321 [INFO] PluginManage:310 - Check plugin power
2024-10-04 19:34:38,339 [INFO] PluginManage:359 - Loaded plugin power (category:power,tabindex:4)
2024-10-04 19:34:38,339 [INFO] PluginManage:310 - Check plugin projectmanager
2024-10-04 19:34:38,353 [INFO] PluginManage:359 - Loaded plugin projectmanager (category:projectmanager,tabindex:4)
2024-10-04 19:34:38,354 [INFO] PluginManage:310 - Check plugin rif
2024-10-04 19:34:38,368 [INFO] PluginManage:359 - Loaded plugin rif (category:base,tabindex:3)
2024-10-04 19:34:38,368 [INFO] PluginManage:310 - Check plugin thirdparty
2024-10-04 19:34:38,611 [INFO] PluginManage:359 - Loaded plugin thirdparty (category:base,tabindex:-1)
2024-10-04 19:34:38,611 [WARN] IntegrityCheckThread:84 - waiting for thirdparty lock release [integrity check]
2024-10-04 19:34:38,611 [INFO] PluginManage:310 - Check plugin tools
2024-10-04 19:34:38,611 [INFO] IntegrityCheckThread:86 - entering critical section [integrity check]
2024-10-04 19:34:38,611 [INFO] ThirdPartyUpdaterWithRetryManager:70 - Updater plugin not ready yet. [1/15]
2024-10-04 19:34:38,643 [INFO] PluginManage:359 - Loaded plugin tools (category:base,tabindex:7)
2024-10-04 19:34:38,644 [INFO] PluginManage:310 - Check plugin tutovideos
2024-10-04 19:34:38,817 [INFO] PluginManage:359 - Loaded plugin tutovideos (category:base,tabindex:-1)
2024-10-04 19:34:38,817 [INFO] PluginManage:310 - Check plugin updater
2024-10-04 19:34:38,837 [INFO] PluginManage:359 - Loaded plugin updater (category:base,tabindex:12)
2024-10-04 19:34:38,837 [INFO] PluginManage:310 - Check plugin userauth
2024-10-04 19:34:38,843 [INFO] UserAuth:113 - Init User Auth plugin
2024-10-04 19:34:38,843 [INFO] PluginManage:359 - Loaded plugin userauth (category:base,tabindex:14)
2024-10-04 19:34:38,844 [INFO] PluginManage:283 - PluginManage : Loaded plugins [18]
2024-10-04 19:34:39,042 [INFO] PinOutPanel:1561 - setPackage(No Configuration,No Configuration)
2024-10-04 19:34:39,127 [INFO] CADModel:165 - CPN selected for project level
2024-10-04 19:34:39,127 [INFO] CADModel:114 - Register for checkConnection events
2024-10-04 19:34:39,151 [INFO] IPUIPlugin:80 - create IPUIPlugin
2024-10-04 19:34:39,151 [INFO] PluginManager:220 - loadIPPluginJar : add adc
2024-10-04 19:34:39,190 [INFO] IPUIPlugin:80 - create IPUIPlugin
2024-10-04 19:34:39,191 [INFO] PluginManager:220 - loadIPPluginJar : add aes
2024-10-04 19:34:39,233 [INFO] IPUIPlugin:80 - create IPUIPlugin
2024-10-04 19:34:39,234 [INFO] PluginManager:220 - loadIPPluginJar : add can
2024-10-04 19:34:39,253 [INFO] IPUIPlugin:80 - create IPUIPlugin
2024-10-04 19:34:39,253 [INFO] PluginManager:220 - loadIPPluginJar : add comp
2024-10-04 19:34:39,289 [INFO] IPUIPlugin:80 - create IPUIPlugin
2024-10-04 19:34:39,290 [INFO] PluginManager:220 - loadIPPluginJar : add cryp
2024-10-04 19:34:39,302 [INFO] IPUIPlugin:80 - create IPUIPlugin
2024-10-04 19:34:39,302 [INFO] PluginManager:220 - loadIPPluginJar : add ddr_ctrl_phy
2024-10-04 19:34:39,334 [INFO] IPUIPlugin:80 - create IPUIPlugin
2024-10-04 19:34:39,334 [INFO] PluginManager:220 - loadIPPluginJar : add dfsdm
2024-10-04 19:34:39,348 [INFO] IPUIPlugin:80 - create IPUIPlugin
2024-10-04 19:34:39,348 [INFO] PluginManager:220 - loadIPPluginJar : add dma
2024-10-04 19:34:39,398 [INFO] IPUIPlugin:80 - create IPUIPlugin
2024-10-04 19:34:39,398 [INFO] PluginManager:220 - loadIPPluginJar : add dma3
2024-10-04 19:34:39,453 [INFO] IPUIPlugin:80 - create IPUIPlugin
2024-10-04 19:34:39,453 [INFO] PluginManager:220 - loadIPPluginJar : add extmemmanager
2024-10-04 19:34:39,478 [INFO] IPUIPlugin:80 - create IPUIPlugin
2024-10-04 19:34:39,478 [INFO] PluginManager:220 - loadIPPluginJar : add fatfs
2024-10-04 19:34:39,532 [INFO] IPUIPlugin:80 - create IPUIPlugin
2024-10-04 19:34:39,532 [INFO] PluginManager:220 - loadIPPluginJar : add fmc
2024-10-04 19:34:39,547 [INFO] IPUIPlugin:80 - create IPUIPlugin
2024-10-04 19:34:39,547 [INFO] PluginManager:220 - loadIPPluginJar : add freertos
2024-10-04 19:34:39,567 [INFO] IPUIPlugin:80 - create IPUIPlugin
2024-10-04 19:34:39,567 [INFO] PluginManager:220 - loadIPPluginJar : add genericplugin
2024-10-04 19:34:39,674 [INFO] IPUIPlugin:80 - create IPUIPlugin
2024-10-04 19:34:39,674 [INFO] PluginManager:220 - loadIPPluginJar : add gfxmmu
2024-10-04 19:34:39,814 [INFO] IPUIPlugin:80 - create IPUIPlugin
2024-10-04 19:34:39,814 [INFO] PluginManager:220 - loadIPPluginJar : add gic
2024-10-04 19:34:39,827 [INFO] IPUIPlugin:80 - create IPUIPlugin
2024-10-04 19:34:39,827 [INFO] PluginManager:220 - loadIPPluginJar : add gpio
2024-10-04 19:34:39,931 [INFO] IPUIPlugin:80 - create IPUIPlugin
2024-10-04 19:34:39,931 [INFO] PluginManager:220 - loadIPPluginJar : add gtzc
2024-10-04 19:34:39,964 [INFO] IPUIPlugin:80 - create IPUIPlugin
2024-10-04 19:34:39,964 [INFO] PluginManager:220 - loadIPPluginJar : add hash
2024-10-04 19:34:40,019 [INFO] IPUIPlugin:80 - create IPUIPlugin
2024-10-04 19:34:40,019 [INFO] PluginManager:220 - loadIPPluginJar : add i2c
2024-10-04 19:34:40,060 [INFO] IPUIPlugin:80 - create IPUIPlugin
2024-10-04 19:34:40,060 [INFO] PluginManager:220 - loadIPPluginJar : add i2s
2024-10-04 19:34:40,103 [INFO] IPUIPlugin:80 - create IPUIPlugin
2024-10-04 19:34:40,103 [INFO] PluginManager:220 - loadIPPluginJar : add i3c
2024-10-04 19:34:40,233 [INFO] IPUIPlugin:80 - create IPUIPlugin
2024-10-04 19:34:40,233 [INFO] PluginManager:220 - loadIPPluginJar : add ipddr
2024-10-04 19:34:40,353 [INFO] IPUIPlugin:80 - create IPUIPlugin
2024-10-04 19:34:40,353 [INFO] PluginManager:220 - loadIPPluginJar : add linkedlist
2024-10-04 19:34:40,388 [INFO] IPUIPlugin:80 - create IPUIPlugin
2024-10-04 19:34:40,388 [INFO] PluginManager:220 - loadIPPluginJar : add lorawan
2024-10-04 19:34:40,428 [INFO] IPUIPlugin:80 - create IPUIPlugin
2024-10-04 19:34:40,428 [INFO] PluginManager:220 - loadIPPluginJar : add ltdc
2024-10-04 19:34:40,441 [INFO] IPUIPlugin:80 - create IPUIPlugin
2024-10-04 19:34:40,442 [INFO] PluginManager:220 - loadIPPluginJar : add mdma
2024-10-04 19:34:40,455 [INFO] IPUIPlugin:80 - create IPUIPlugin
2024-10-04 19:34:40,456 [INFO] PluginManager:220 - loadIPPluginJar : add nvic
2024-10-04 19:34:40,502 [INFO] IPUIPlugin:80 - create IPUIPlugin
2024-10-04 19:34:40,502 [INFO] PluginManager:220 - loadIPPluginJar : add opamp
2024-10-04 19:34:40,579 [INFO] IPUIPlugin:80 - create IPUIPlugin
2024-10-04 19:34:40,579 [INFO] PluginManager:220 - loadIPPluginJar : add openamp
2024-10-04 19:34:40,635 [INFO] IPUIPlugin:80 - create IPUIPlugin
2024-10-04 19:34:40,636 [INFO] PluginManager:220 - loadIPPluginJar : add pdm2pcm
2024-10-04 19:34:40,651 [INFO] IPUIPlugin:80 - create IPUIPlugin
2024-10-04 19:34:40,654 [INFO] PluginManager:220 - loadIPPluginJar : add plateformsettings
2024-10-04 19:34:40,679 [INFO] IPUIPlugin:80 - create IPUIPlugin
2024-10-04 19:34:40,679 [INFO] PluginManager:220 - loadIPPluginJar : add quadspi
2024-10-04 19:34:40,710 [INFO] IPUIPlugin:80 - create IPUIPlugin
2024-10-04 19:34:40,712 [INFO] PluginManager:220 - loadIPPluginJar : add radio
2024-10-04 19:34:40,725 [INFO] IPUIPlugin:80 - create IPUIPlugin
2024-10-04 19:34:40,725 [INFO] PluginManager:220 - loadIPPluginJar : add resmgrutility
2024-10-04 19:34:40,783 [INFO] IPUIPlugin:80 - create IPUIPlugin
2024-10-04 19:34:40,783 [INFO] PluginManager:220 - loadIPPluginJar : add sai
2024-10-04 19:34:40,827 [INFO] IPUIPlugin:80 - create IPUIPlugin
2024-10-04 19:34:40,827 [INFO] PluginManager:220 - loadIPPluginJar : add spi
2024-10-04 19:34:40,911 [INFO] IPUIPlugin:80 - create IPUIPlugin
2024-10-04 19:34:40,912 [INFO] PluginManager:220 - loadIPPluginJar : add stm32_wpan
2024-10-04 19:34:40,941 [INFO] IPUIPlugin:80 - create IPUIPlugin
2024-10-04 19:34:40,941 [INFO] PluginManager:220 - loadIPPluginJar : add tim
2024-10-04 19:34:41,011 [INFO] IPUIPlugin:80 - create IPUIPlugin
2024-10-04 19:34:41,011 [INFO] PluginManager:220 - loadIPPluginJar : add touchsensing
2024-10-04 19:34:41,038 [INFO] IPUIPlugin:80 - create IPUIPlugin
2024-10-04 19:34:41,039 [INFO] PluginManager:220 - loadIPPluginJar : add tracer_emb
2024-10-04 19:34:41,065 [INFO] IPUIPlugin:80 - create IPUIPlugin
2024-10-04 19:34:41,065 [INFO] PluginManager:220 - loadIPPluginJar : add ts
2024-10-04 19:34:41,089 [INFO] IPUIPlugin:80 - create IPUIPlugin
2024-10-04 19:34:41,089 [INFO] PluginManager:220 - loadIPPluginJar : add tsc
2024-10-04 19:34:41,112 [INFO] IPUIPlugin:80 - create IPUIPlugin
2024-10-04 19:34:41,112 [INFO] PluginManager:220 - loadIPPluginJar : add ucpd
2024-10-04 19:34:41,171 [INFO] IPUIPlugin:80 - create IPUIPlugin
2024-10-04 19:34:41,171 [INFO] PluginManager:220 - loadIPPluginJar : add usart
2024-10-04 19:34:41,225 [INFO] IPUIPlugin:80 - create IPUIPlugin
2024-10-04 19:34:41,225 [INFO] PluginManager:220 - loadIPPluginJar : add usbx
2024-10-04 19:34:41,350 [INFO] CADModel:165 - CPN selected for project level
2024-10-04 19:34:41,350 [INFO] CADModel:114 - Register for checkConnection events
2024-10-04 19:34:41,350 [FATAL] Updater:334 - Updater called before beeing initialized
2024-10-04 19:34:41,351 [ERROR] CADModel:125 - Updater not yet initialized, retry later 
2024-10-04 19:34:41,512 [INFO] CADModel:165 - CPN selected for project level
2024-10-04 19:34:41,512 [INFO] CADModel:114 - Register for checkConnection events
2024-10-04 19:34:41,512 [FATAL] Updater:334 - Updater called before beeing initialized
2024-10-04 19:34:41,512 [ERROR] CADModel:125 - Updater not yet initialized, retry later 
2024-10-04 19:34:41,517 [FATAL] Updater:334 - Updater called before beeing initialized
2024-10-04 19:34:41,612 [INFO] ThirdPartyUpdaterWithRetryManager:70 - Updater plugin not ready yet. [2/15]
2024-10-04 19:34:41,619 [FATAL] Updater:334 - Updater called before beeing initialized
2024-10-04 19:34:41,630 [INFO] DbMcusAds:53 - JSON generation date=Fri Sep 20 07:04:38 MDT 2024 (1726837478367)
2024-10-04 19:34:41,630 [FATAL] Updater:334 - Updater called before beeing initialized
2024-10-04 19:34:41,680 [WARN] DetailPanel:346 - Failed to get advertising image, set to default
2024-10-04 19:34:41,768 [FATAL] Updater:334 - Updater called before beeing initialized
2024-10-04 19:34:41,770 [FATAL] Updater:334 - Updater called before beeing initialized
2024-10-04 19:34:41,770 [FATAL] Updater:334 - Updater called before beeing initialized
2024-10-04 19:34:41,770 [WARN] DetailPanel:346 - Failed to get advertising image, set to default
2024-10-04 19:34:41,771 [FATAL] Updater:334 - Updater called before beeing initialized
2024-10-04 19:34:41,834 [ERROR] Updater:1164 - MainUpdater not yet initialized. External WinMGr cannot be set.
2024-10-04 19:34:41,845 [INFO] Updater:1100 - Updater Version found : 6.12.1
2024-10-04 19:34:41,871 [INFO] ApplicationProperties:184 - Using Application install path: C:\ST\STM32CubeIDE_1.16.0\STM32CubeIDE\plugins\com.st.stm32cube.common.mx_6.12.1.202409122256
2024-10-04 19:34:43,446 [ERROR] LogOutputStream:75 - [STDERR_REDIRECT] Oct 04, 2024 7:34:43 PM java.util.prefs.WindowsPreferences <init>
2024-10-04 19:34:43,447 [ERROR] LogOutputStream:75 - [STDERR_REDIRECT] WARNING: Could not open/create prefs root node Software\JavaSoft\Prefs at root 0xffffffff80000002. Windows RegCreateKeyEx(...) returned error code 5.
2024-10-04 19:34:43,448 [ERROR] LogOutputStream:75 - [STDERR_REDIRECT] 
2024-10-04 19:34:44,117 [INFO] MainUpdater:2873 - connection check result : 10
2024-10-04 19:34:44,117 [INFO] MainUpdater:290 - Updater Check For Update Now.
2024-10-04 19:34:44,119 [INFO] MicroXplorer:498 - Change Database Version : DB.6.0.121
2024-10-04 19:34:44,137 [INFO] McuFinderGlobals:63 - Set McuFinder mode to 2 (CubeIDE integrated)
2024-10-04 19:34:44,138 [INFO] UserAuth:179 - activating auth plugin
2024-10-04 19:34:44,142 [INFO] UserAuth:417 - Internet connection configuration mode: 1
2024-10-04 19:34:44,204 [INFO] JxBrowserEngine:152 - Initiate JxBrowser Engine with user profile folder
2024-10-04 19:34:44,346 [INFO] CheckServerUpdateThread:120 - End of CheckServer Thread
2024-10-04 19:34:44,826 [WARN] PackLoader:240 - Cannot read IP mode file for STMicroelectronics.FP-SNS-MOTENVWB1.1.4.0
2024-10-04 19:34:44,846 [WARN] PackLoader:240 - Cannot read IP mode file for STMicroelectronics.X-CUBE-SMBUS.2.1.0
2024-10-04 19:34:44,891 [WARN] PackLoader:240 - Cannot read IP mode file for STMicroelectronics.X-CUBE-AZRTOS-F7.1.1.0
2024-10-04 19:34:44,961 [WARN] PackLoader:240 - Cannot read IP mode file for STMicroelectronics.X-CUBE-MEMS1.11.0.0
2024-10-04 19:34:45,098 [WARN] PackLoader:240 - Cannot read IP mode file for STMicroelectronics.FP-SNS-FLIGHT1.5.0.2
2024-10-04 19:34:45,117 [WARN] PackLoader:240 - Cannot read IP mode file for STMicroelectronics.X-CUBE-DISPLAY.3.0.0
2024-10-04 19:34:45,135 [WARN] PackLoader:240 - Cannot read IP mode file for STMicroelectronics.X-CUBE-BLE1.7.0.0
2024-10-04 19:34:45,151 [WARN] PackLoader:240 - Cannot read IP mode file for STMicroelectronics.X-CUBE-NFC10.1.0.0
2024-10-04 19:34:45,172 [WARN] PackLoader:240 - Cannot read IP mode file for emotas.I-CUBE-CANOPEN.1.3.0
2024-10-04 19:34:45,195 [WARN] PackLoader:240 - Cannot read IP mode file for STMicroelectronics.X-CUBE-BLEMGR.3.1.0
2024-10-04 19:34:45,213 [WARN] PackLoader:240 - Cannot read IP mode file for STMicroelectronics.FP-SNS-SMARTAG2.1.2.0
2024-10-04 19:34:45,241 [INFO] LogOutputStream:77 - [STDOUT_REDIRECT] 1 : Invalid condition id : UX_CORESTACK_Condition cause : null
2024-10-04 19:34:45,242 [INFO] LogOutputStream:77 - [STDOUT_REDIRECT] 1 : Invalid condition id : UX_CORESTACK_Condition cause : null
2024-10-04 19:34:45,244 [INFO] LogOutputStream:77 - [STDOUT_REDIRECT] 1 : Invalid condition id : UX_CORESTACK_Condition cause : null
2024-10-04 19:34:45,246 [INFO] LogOutputStream:77 - [STDOUT_REDIRECT] 1 : Invalid condition id : UX_CORESTACK_Condition cause : null
2024-10-04 19:34:45,247 [INFO] LogOutputStream:77 - [STDOUT_REDIRECT] 1 : Invalid condition id : UX_CORESTACK_Condition cause : null
2024-10-04 19:34:45,253 [WARN] PackLoader:240 - Cannot read IP mode file for STMicroelectronics.X-CUBE-AZRTOS-WL.2.0.0
2024-10-04 19:34:45,270 [WARN] PackLoader:240 - Cannot read IP mode file for STMicroelectronics.FP-SNS-MOTENV1.5.0.0
2024-10-04 19:34:45,285 [WARN] PackLoader:240 - Cannot read IP mode file for wolfSSL.I-CUBE-wolfMQTT.1.19.0
2024-10-04 19:34:45,304 [WARN] PackLoader:240 - Cannot read IP mode file for WES.I-CUBE-Cesium.1.3.0
2024-10-04 19:34:45,321 [WARN] PackLoader:240 - Cannot read IP mode file for STMicroelectronics.X-CUBE-BLE2.3.3.0
2024-10-04 19:34:45,338 [WARN] PackLoader:240 - Cannot read IP mode file for STMicroelectronics.X-CUBE-NFC9.1.0.0
2024-10-04 19:34:45,357 [WARN] PackLoader:240 - Cannot read IP mode file for STMicroelectronics.X-CUBE-TCPP.4.1.0
2024-10-04 19:34:45,393 [WARN] PackLoader:240 - Cannot read IP mode file for STMicroelectronics.X-CUBE-AZRTOS-G0.1.1.0
2024-10-04 19:34:45,412 [WARN] PackLoader:240 - Cannot read IP mode file for STMicroelectronics.X-CUBE-SAFEA1.1.2.2
2024-10-04 19:34:45,430 [WARN] PackLoader:240 - Cannot read IP mode file for STMicroelectronics.X-CUBE-NFC4.3.0.0
2024-10-04 19:34:45,451 [WARN] PackLoader:240 - Cannot read IP mode file for EmbeddedOffice.I-CUBE-FS-RTOS.1.0.1
2024-10-04 19:34:45,451 [ERROR] ConditionMgr:805 - Attr not supported : Dmpu
2024-10-04 19:34:45,451 [ERROR] ConditionMgr:805 - Attr not supported : Dmpu
2024-10-04 19:34:45,451 [ERROR] ConditionMgr:805 - Attr not supported : Dmpu
2024-10-04 19:34:45,451 [ERROR] ConditionMgr:805 - Attr not supported : Dmpu
2024-10-04 19:34:45,451 [ERROR] ConditionMgr:805 - Attr not supported : Dmpu
2024-10-04 19:34:45,451 [ERROR] ConditionMgr:805 - Attr not supported : Dmpu
2024-10-04 19:34:45,451 [ERROR] ConditionMgr:805 - Attr not supported : Dmpu
2024-10-04 19:34:45,452 [ERROR] ConditionMgr:805 - Attr not supported : Dmpu
2024-10-04 19:34:45,452 [ERROR] ConditionMgr:805 - Attr not supported : Dmpu
2024-10-04 19:34:45,452 [ERROR] ConditionMgr:805 - Attr not supported : Dmpu
2024-10-04 19:34:45,452 [ERROR] ConditionMgr:805 - Attr not supported : Dmpu
2024-10-04 19:34:45,452 [ERROR] ConditionMgr:805 - Attr not supported : Dmpu
2024-10-04 19:34:45,452 [ERROR] ConditionMgr:805 - Attr not supported : Dmpu
2024-10-04 19:34:45,452 [ERROR] ConditionMgr:805 - Attr not supported : Dmpu
2024-10-04 19:34:45,452 [ERROR] ConditionMgr:805 - Attr not supported : Dmpu
2024-10-04 19:34:45,452 [ERROR] ConditionMgr:805 - Attr not supported : Dmpu
2024-10-04 19:34:45,452 [ERROR] ConditionMgr:805 - Attr not supported : Dmpu
2024-10-04 19:34:45,452 [ERROR] ConditionMgr:805 - Attr not supported : Dmpu
2024-10-04 19:34:45,452 [ERROR] ConditionMgr:805 - Attr not supported : Dmpu
2024-10-04 19:34:45,452 [ERROR] ConditionMgr:805 - Attr not supported : Dmpu
2024-10-04 19:34:45,452 [ERROR] ConditionMgr:805 - Attr not supported : Dmpu
2024-10-04 19:34:45,452 [ERROR] ConditionMgr:805 - Attr not supported : Dmpu
2024-10-04 19:34:45,452 [ERROR] ConditionMgr:805 - Attr not supported : Dmpu
2024-10-04 19:34:45,452 [ERROR] ConditionMgr:805 - Attr not supported : Dmpu
2024-10-04 19:34:45,453 [ERROR] ConditionMgr:805 - Attr not supported : Dmpu
2024-10-04 19:34:45,453 [ERROR] ConditionMgr:805 - Attr not supported : Dmpu
2024-10-04 19:34:45,453 [ERROR] ConditionMgr:805 - Attr not supported : Dmpu
2024-10-04 19:34:45,453 [ERROR] ConditionMgr:805 - Attr not supported : Dmpu
2024-10-04 19:34:45,453 [ERROR] ConditionMgr:805 - Attr not supported : Dmpu
2024-10-04 19:34:45,453 [ERROR] ConditionMgr:805 - Attr not supported : Dmpu
2024-10-04 19:34:45,453 [ERROR] ConditionMgr:805 - Attr not supported : Dmpu
2024-10-04 19:34:45,453 [ERROR] ConditionMgr:805 - Attr not supported : Dmpu
2024-10-04 19:34:45,453 [ERROR] ConditionMgr:805 - Attr not supported : Dmpu
2024-10-04 19:34:45,453 [ERROR] ConditionMgr:805 - Attr not supported : Dmpu
2024-10-04 19:34:45,453 [ERROR] ConditionMgr:805 - Attr not supported : Dmpu
2024-10-04 19:34:45,453 [ERROR] ConditionMgr:805 - Attr not supported : Dmpu
2024-10-04 19:34:45,453 [ERROR] ConditionMgr:805 - Attr not supported : Dmpu
2024-10-04 19:34:45,453 [ERROR] ConditionMgr:805 - Attr not supported : Dmpu
2024-10-04 19:34:45,454 [ERROR] ConditionMgr:805 - Attr not supported : Dmpu
2024-10-04 19:34:45,454 [ERROR] ConditionMgr:805 - Attr not supported : Dmpu
2024-10-04 19:34:45,454 [ERROR] ConditionMgr:805 - Attr not supported : Dmpu
2024-10-04 19:34:45,454 [ERROR] ConditionMgr:805 - Attr not supported : Dmpu
2024-10-04 19:34:45,455 [ERROR] ConditionMgr:805 - Attr not supported : Dmpu
2024-10-04 19:34:45,455 [ERROR] ConditionMgr:805 - Attr not supported : Dmpu
2024-10-04 19:34:45,455 [ERROR] ConditionMgr:805 - Attr not supported : Dmpu
2024-10-04 19:34:45,455 [ERROR] ConditionMgr:805 - Attr not supported : Dmpu
2024-10-04 19:34:45,455 [ERROR] ConditionMgr:805 - Attr not supported : Dmpu
2024-10-04 19:34:45,455 [ERROR] ConditionMgr:805 - Attr not supported : Dmpu
2024-10-04 19:34:45,456 [ERROR] ConditionMgr:805 - Attr not supported : Dmpu
2024-10-04 19:34:45,456 [ERROR] ConditionMgr:805 - Attr not supported : Dmpu
2024-10-04 19:34:45,456 [ERROR] ConditionMgr:805 - Attr not supported : Dmpu
2024-10-04 19:34:45,456 [ERROR] ConditionMgr:805 - Attr not supported : Dmpu
2024-10-04 19:34:45,456 [ERROR] ConditionMgr:805 - Attr not supported : Dmpu
2024-10-04 19:34:45,456 [ERROR] ConditionMgr:805 - Attr not supported : Dmpu
2024-10-04 19:34:45,456 [ERROR] ConditionMgr:805 - Attr not supported : Dmpu
2024-10-04 19:34:45,456 [ERROR] ConditionMgr:805 - Attr not supported : Dmpu
2024-10-04 19:34:45,456 [ERROR] ConditionMgr:805 - Attr not supported : Dmpu
2024-10-04 19:34:45,456 [ERROR] ConditionMgr:805 - Attr not supported : Dmpu
2024-10-04 19:34:45,457 [ERROR] ConditionMgr:805 - Attr not supported : Dmpu
2024-10-04 19:34:45,457 [ERROR] ConditionMgr:805 - Attr not supported : Dmpu
2024-10-04 19:34:45,457 [ERROR] ConditionMgr:805 - Attr not supported : Dmpu
2024-10-04 19:34:45,457 [ERROR] ConditionMgr:805 - Attr not supported : Dmpu
2024-10-04 19:34:45,457 [ERROR] ConditionMgr:805 - Attr not supported : Dmpu
2024-10-04 19:34:45,457 [ERROR] ConditionMgr:805 - Attr not supported : Dmpu
2024-10-04 19:34:45,472 [WARN] PackLoader:240 - Cannot read IP mode file for RealThread.X-CUBE-RT-Thread_Nano.4.1.1
2024-10-04 19:34:45,487 [WARN] PackLoader:240 - Cannot read IP mode file for STMicroelectronics.FP-ATR-SIGFOX1.3.2.0
2024-10-04 19:34:45,501 [WARN] PackLoader:240 - Cannot read IP mode file for wolfSSL.I-CUBE-wolfSSL.5.7.2
2024-10-04 19:34:45,515 [WARN] PackLoader:240 - Cannot read IP mode file for STMicroelectronics.X-CUBE-EEPRMA1.5.1.0
2024-10-04 19:34:45,535 [WARN] PackLoader:240 - Cannot read IP mode file for ITTIA_DB.I-CUBE-ITTIADB.8.9.0
2024-10-04 19:34:45,577 [WARN] PackLoader:240 - Cannot read IP mode file for SEGGER.I-CUBE-embOS.1.3.1
2024-10-04 19:34:45,627 [WARN] PackLoader:240 - Cannot read IP mode file for STMicroelectronics.X-CUBE-ALGOBUILD.1.4.0
2024-10-04 19:34:45,645 [WARN] PackLoader:240 - Cannot read IP mode file for STMicroelectronics.X-CUBE-AI.9.1.0
2024-10-04 19:34:45,661 [WARN] PackLoader:240 - Cannot read IP mode file for STMicroelectronics.X-CUBE-GNSS1.6.0.0
2024-10-04 19:34:45,688 [WARN] PackLoader:240 - Cannot read IP mode file for STMicroelectronics.X-CUBE-AZRTOS-F4.1.1.0
2024-10-04 19:34:45,704 [WARN] PackLoader:240 - Cannot read IP mode file for STMicroelectronics.X-CUBE-ISPU.2.1.0
2024-10-04 19:34:45,717 [WARN] PackLoader:240 - Cannot read IP mode file for STMicroelectronics.X-CUBE-FREERTOS.1.2.0
2024-10-04 19:34:45,744 [WARN] PackLoader:240 - Cannot read IP mode file for STMicroelectronics.X-CUBE-AZRTOS-L5.2.0.0
2024-10-04 19:34:45,765 [WARN] PackLoader:240 - Cannot read IP mode file for STMicroelectronics.X-CUBE-NFC6.3.1.0
2024-10-04 19:34:45,780 [WARN] PackLoader:240 - Cannot read IP mode file for STMicroelectronics.X-CUBE-DPower.1.2.0
2024-10-04 19:34:45,795 [WARN] PackLoader:240 - Cannot read IP mode file for STMicroelectronics.X-CUBE-AI.9.0.0
2024-10-04 19:34:45,810 [WARN] PackLoader:240 - Cannot read IP mode file for STMicroelectronics.X-CUBE-NFC7.1.0.1
2024-10-04 19:34:45,837 [WARN] ConditionMgr:438 - getConditionDescription Invalid condition id : LAN8742 Phy interface Condition cause : null
2024-10-04 19:34:45,837 [WARN] PackLoader:240 - Cannot read IP mode file for STMicroelectronics.X-CUBE-AZRTOS-L4.2.0.0
2024-10-04 19:34:45,838 [WARN] ConditionMgr:1039 - genDependencies : Invalid condition id : LAN8742 Phy interface Condition cause : null
2024-10-04 19:34:45,838 [WARN] ConditionMgr:1039 - genDependencies : Invalid condition id : LAN8742 Phy interface Condition cause : null
2024-10-04 19:34:45,839 [WARN] ConditionMgr:1039 - genDependencies : Invalid condition id : LAN8742 Phy interface Condition cause : null
2024-10-04 19:34:45,851 [WARN] PackLoader:240 - Cannot read IP mode file for STMicroelectronics.X-CUBE-SFXS2LP1.4.0.0
2024-10-04 19:34:45,885 [WARN] PackLoader:240 - Cannot read IP mode file for STMicroelectronics.X-CUBE-AZRTOS-H7.3.3.0
2024-10-04 19:34:45,916 [WARN] ConditionMgr:438 - getConditionDescription Invalid condition id : UX DEVICE CLASS RTOS Condition cause : null
2024-10-04 19:34:45,917 [WARN] ConditionMgr:438 - getConditionDescription Invalid condition id : UX DEVICE CLASS RTOS Condition cause : null
2024-10-04 19:34:45,919 [WARN] PackLoader:240 - Cannot read IP mode file for STMicroelectronics.X-CUBE-AZRTOS-WB.2.0.0
2024-10-04 19:34:45,920 [WARN] ConditionMgr:1039 - genDependencies : Invalid condition id : UX DEVICE CLASS RTOS Condition cause : null
2024-10-04 19:34:45,920 [WARN] ConditionMgr:1039 - genDependencies : Invalid condition id : UX DEVICE CLASS RTOS Condition cause : null
2024-10-04 19:34:45,921 [WARN] ConditionMgr:1039 - genDependencies : Invalid condition id : UX DEVICE CLASS RTOS Condition cause : null
2024-10-04 19:34:45,921 [WARN] ConditionMgr:1039 - genDependencies : Invalid condition id : UX DEVICE CLASS RTOS Condition cause : null
2024-10-04 19:34:45,922 [WARN] ConditionMgr:1039 - genDependencies : Invalid condition id : UX DEVICE CLASS RTOS Condition cause : null
2024-10-04 19:34:45,946 [WARN] PackLoader:240 - Cannot read IP mode file for STMicroelectronics.X-CUBE-GNSS1.7.0.0
2024-10-04 19:34:45,967 [WARN] PackLoader:240 - Cannot read IP mode file for STMicroelectronics.FP-SNS-STBOX1.2.0.0
2024-10-04 19:34:46,009 [WARN] PackLoader:240 - Cannot read IP mode file for STMicroelectronics.X-CUBE-SUBG2.5.0.0
2024-10-04 19:34:46,029 [WARN] PackLoader:240 - Cannot read IP mode file for Cesanta.I-CUBE-Mongoose.7.13.0
2024-10-04 19:34:46,053 [WARN] PackLoader:240 - Cannot read IP mode file for STMicroelectronics.X-CUBE-AZRTOS-G4.2.0.0
2024-10-04 19:34:46,065 [WARN] PackLoader:240 - Cannot read IP mode file for STMicroelectronics.X-CUBE-ISPU.2.0.0
2024-10-04 19:34:46,076 [WARN] PackLoader:240 - Cannot read IP mode file for STMicroelectronics.X-CUBE-ALS.1.0.2
2024-10-04 19:34:46,092 [WARN] PackLoader:240 - Cannot read IP mode file for STMicroelectronics.X-CUBE-TOUCHGFX.4.24.0
2024-10-04 19:34:46,103 [WARN] PackLoader:240 - Cannot read IP mode file for STMicroelectronics.X-CUBE-TOUCHGFX.4.24.1
2024-10-04 19:34:46,115 [WARN] PackLoader:240 - Cannot read IP mode file for wolfSSL.I-CUBE-wolfTPM.3.4.0
2024-10-04 19:34:46,130 [WARN] PackLoader:240 - Cannot read IP mode file for portGmbH.I-Cube-SoM-uGOAL.1.1.0
2024-10-04 19:34:46,154 [WARN] PackLoader:240 - Cannot read IP mode file for STMicroelectronics.X-CUBE-AZRTOS-H7RS.1.0.0
2024-10-04 19:34:46,167 [WARN] PackLoader:240 - Cannot read IP mode file for STMicroelectronics.FP-ATR-ASTRA1.2.0.0
2024-10-04 19:34:46,186 [WARN] PackLoader:240 - Cannot read IP mode file for STMicroelectronics.X-CUBE-TOF1.3.4.2
2024-10-04 19:34:46,218 [WARN] PackLoader:240 - Cannot read IP mode file for Infineon.AIROC-Wi-Fi-Bluetooth-STM32.1.6.1
2024-10-04 19:34:46,233 [WARN] PackLoader:240 - Cannot read IP mode file for wolfSSL.I-CUBE-wolfSSH.1.4.17
2024-10-04 19:34:46,234 [INFO] ThirdParty:978 - Integrity check success = true
2024-10-04 19:34:46,234 [INFO] IntegrityCheckThread:100 - exiting critical section [integrity check]
2024-10-04 19:34:46,234 [INFO] IntegrityCheckThread:103 - End integrity checks thread
2024-10-04 19:34:51,311 [INFO] WebApp:167 - Instantiating new browser for Auth
2024-10-04 19:34:52,037 [INFO] WebApp:448 - Apply proxy settings
2024-10-04 19:34:52,038 [INFO] WebApp:533 - Chromium requires no authentication
2024-10-04 19:34:52,049 [INFO] WebApp:476 - Direct internet connection detected
2024-10-04 19:34:52,085 [INFO] WebApp:869 - Register for checkConnection events
2024-10-04 19:34:52,086 [INFO] WebApp:448 - Apply proxy settings
2024-10-04 19:34:52,086 [INFO] WebApp:533 - Chromium requires no authentication
2024-10-04 19:34:52,086 [INFO] WebApp:476 - Direct internet connection detected
2024-10-04 19:34:52,270 [INFO] WebApp:220 - Starting web application
2024-10-04 19:34:52,270 [INFO] WebApp:578 - Web application path used C:\ST\STM32CubeIDE_1.16.0\STM32CubeIDE\plugins\com.st.stm32cube.common.mx_6.12.1.202409122256\db\plugins\mcufinder\reactClient1\index.html
2024-10-04 19:34:52,304 [INFO] WebApp:186 - Connection restablished
2024-10-04 19:36:38,540 [ERROR] LogOutputStream:75 - [STDERR_REDIRECT] 
2024-10-04 19:36:38,540 [ERROR] LogOutputStream:75 - [STDERR_REDIRECT] 
2024-10-04 19:36:43,881 [INFO] Activator:176 - 


2024-10-04 19:36:43,883 [INFO] Activator:177 - !SESSION log4j initialized
2024-10-04 19:36:48,527 [INFO] LogOutputStream:77 - [STDOUT_REDIRECT] 
2024-10-04 19:36:49,295 [INFO] ApplicationProperties:184 - Using Application install path: C:\ST\STM32CubeIDE_1.16.0\STM32CubeIDE\plugins\com.st.stm32cube.common.mx_6.12.1.202409122256
2024-10-04 19:36:49,308 [INFO] DbMcusXml:78 - Set database path to: C:\ST\STM32CubeIDE_1.16.0\STM32CubeIDE\plugins\com.st.stm32cube.common.mx_6.12.1.202409122256\\db\/mcu/
2024-10-04 19:36:49,309 [INFO] ApiDb:274 - Set plugin database path to: C:\ST\STM32CubeIDE_1.16.0\STM32CubeIDE\plugins\com.st.stm32cube.common.mx_6.12.1.202409122256\\db\/plugins/boardmanager/
2024-10-04 19:36:49,309 [WARN] ApiDb:259 - Overriding images path with different value:  => C:\ST\STM32CubeIDE_1.16.0\STM32CubeIDE\plugins\com.st.stm32cube.common.mx_6.12.1.202409122256\\db\/plugins/mcufinder/images/
2024-10-04 19:36:49,312 [INFO] ApiDb:250 - Set database path to: C:\Users\user\.stmcufinder\plugins\mcufinder//mcu/
2024-10-04 19:36:49,313 [INFO] DbMcusAds:125 - Set database path to: C:\Users\user\.stmcufinder\plugins\mcufinder//mcu/
2024-10-04 19:36:49,316 [INFO] CrossReferenceDbSqlite:203 - Set database path to: C:\Users\user\.stmcufinder\plugins\mcufinder//mcu/cs/
2024-10-04 19:36:49,394 [INFO] RulesReader:64 - Compatibility file has been processed (297 Rules)
2024-10-04 19:36:49,457 [INFO] DbMcusXml:78 - Set database path to: C:\ST\STM32CubeIDE_1.16.0\STM32CubeIDE\plugins\com.st.stm32cube.common.mx_6.12.1.202409122256\\db\/mcu/
2024-10-04 19:36:49,457 [INFO] ApiDb:274 - Set plugin database path to: C:\ST\STM32CubeIDE_1.16.0\STM32CubeIDE\plugins\com.st.stm32cube.common.mx_6.12.1.202409122256\\db\/plugins/boardmanager/
2024-10-04 19:36:49,457 [INFO] ApiDb:261 - Set plugin images path to: C:\ST\STM32CubeIDE_1.16.0\STM32CubeIDE\plugins\com.st.stm32cube.common.mx_6.12.1.202409122256\\db\/plugins/mcufinder/images/
2024-10-04 19:36:49,457 [WARN] DbFile:41 - Overriding database path with different value: C:\Users\user\.stmcufinder\plugins\mcufinder/ => C:\Users\user\.stmcufinder\plugins\mcufinder
2024-10-04 19:36:49,458 [INFO] ApiDb:250 - Set database path to: C:\Users\user\.stmcufinder\plugins\mcufinder//mcu/
2024-10-04 19:36:49,458 [WARN] DbFile:41 - Overriding database path with different value: C:\Users\user\.stmcufinder\plugins\mcufinder/ => C:\Users\user\.stmcufinder\plugins\mcufinder
2024-10-04 19:36:49,458 [INFO] DbMcusAds:125 - Set database path to: C:\Users\user\.stmcufinder\plugins\mcufinder//mcu/
2024-10-04 19:36:49,458 [WARN] DbFile:41 - Overriding database path with different value: C:\Users\user\.stmcufinder\plugins\mcufinder/ => C:\Users\user\.stmcufinder\plugins\mcufinder
2024-10-04 19:36:49,458 [WARN] DbFile:41 - Overriding database path with different value: C:\Users\user\.stmcufinder\plugins\mcufinder/ => C:\Users\user\.stmcufinder\plugins\mcufinder
2024-10-04 19:36:49,458 [INFO] CrossReferenceDbSqlite:203 - Set database path to: C:\Users\user\.stmcufinder\plugins\mcufinder//mcu/cs/
2024-10-04 19:36:49,519 [INFO] MainPanel:268 - HeapMemory: 268435456
2024-10-04 19:36:49,599 [INFO] DbMcusXml:78 - Set database path to: C:\ST\STM32CubeIDE_1.16.0\STM32CubeIDE\plugins\com.st.stm32cube.common.mx_6.12.1.202409122256\\db\/mcu/
2024-10-04 19:36:49,599 [INFO] ApiDb:274 - Set plugin database path to: C:\ST\STM32CubeIDE_1.16.0\STM32CubeIDE\plugins\com.st.stm32cube.common.mx_6.12.1.202409122256\\db\/plugins/boardmanager/
2024-10-04 19:36:49,599 [INFO] ApiDb:261 - Set plugin images path to: C:\ST\STM32CubeIDE_1.16.0\STM32CubeIDE\plugins\com.st.stm32cube.common.mx_6.12.1.202409122256\\db\/plugins/mcufinder/images/
2024-10-04 19:36:49,600 [WARN] DbFile:41 - Overriding database path with different value: C:\Users\user\.stmcufinder\plugins\mcufinder/ => C:\Users\user\.stmcufinder\plugins\mcufinder
2024-10-04 19:36:49,600 [INFO] ApiDb:250 - Set database path to: C:\Users\user\.stmcufinder\plugins\mcufinder//mcu/
2024-10-04 19:36:49,600 [WARN] DbFile:41 - Overriding database path with different value: C:\Users\user\.stmcufinder\plugins\mcufinder/ => C:\Users\user\.stmcufinder\plugins\mcufinder
2024-10-04 19:36:49,600 [INFO] DbMcusAds:125 - Set database path to: C:\Users\user\.stmcufinder\plugins\mcufinder//mcu/
2024-10-04 19:36:49,600 [WARN] DbFile:41 - Overriding database path with different value: C:\Users\user\.stmcufinder\plugins\mcufinder/ => C:\Users\user\.stmcufinder\plugins\mcufinder
2024-10-04 19:36:49,600 [WARN] DbFile:41 - Overriding database path with different value: C:\Users\user\.stmcufinder\plugins\mcufinder/ => C:\Users\user\.stmcufinder\plugins\mcufinder
2024-10-04 19:36:49,600 [INFO] CrossReferenceDbSqlite:203 - Set database path to: C:\Users\user\.stmcufinder\plugins\mcufinder//mcu/cs/
2024-10-04 19:36:49,613 [INFO] ApplicationProperties:184 - Using Application install path: C:\ST\STM32CubeIDE_1.16.0\STM32CubeIDE\plugins\com.st.stm32cube.common.mx_6.12.1.202409122256
2024-10-04 19:36:49,614 [INFO] PluginManage:196 - Search for loadable plugins [exclusion list=, ]
2024-10-04 19:36:49,615 [INFO] PluginManage:310 - Check plugin analytics
2024-10-04 19:36:49,746 [INFO] AnalyticsPlugin:253 - Accepted Software Licenses: 
2024-10-04 19:36:49,746 [INFO] AnalyticsPlugin:255 - Accepted CMSIS Pack Licenses: 
2024-10-04 19:36:49,747 [INFO] AnalyticsPlugin:257 - Accepted Firmware Licenses: 
2024-10-04 19:36:49,750 [INFO] PluginManage:359 - Loaded plugin analytics (category:tool,tabindex:-1)
2024-10-04 19:36:49,751 [INFO] PluginManage:310 - Check plugin cadmodel
2024-10-04 19:36:49,756 [INFO] CADModel:105 - Init CAD model plugin
2024-10-04 19:36:49,756 [INFO] PluginManage:359 - Loaded plugin cadmodel (category:power,tabindex:5)
2024-10-04 19:36:49,756 [INFO] PluginManage:310 - Check plugin clock
2024-10-04 19:36:49,770 [INFO] PluginManage:359 - Loaded plugin clock (category:base,tabindex:2)
2024-10-04 19:36:49,771 [INFO] PluginManage:310 - Check plugin ddr
2024-10-04 19:36:49,774 [INFO] PluginManage:359 - Loaded plugin ddr (category:tool,tabindex:6)
2024-10-04 19:36:49,775 [INFO] PluginManage:310 - Check plugin filemanager
2024-10-04 19:36:49,918 [INFO] PluginManage:359 - Loaded plugin filemanager (category:base,tabindex:10)
2024-10-04 19:36:49,918 [INFO] PluginManage:310 - Check plugin ipmanager
2024-10-04 19:36:49,923 [INFO] PluginManage:359 - Loaded plugin ipmanager (category:base,tabindex:5)
2024-10-04 19:36:49,924 [INFO] PluginManage:310 - Check plugin lpbam
2024-10-04 19:36:49,931 [INFO] PluginManage:359 - Loaded plugin lpbam (category:base,tabindex:0)
2024-10-04 19:36:49,931 [INFO] PluginManage:310 - Check plugin memorymap
2024-10-04 19:36:49,939 [INFO] PluginManage:359 - Loaded plugin memorymap (category:base,tabindex:4)
2024-10-04 19:36:49,939 [INFO] PluginManage:310 - Check plugin pinoutandconfiguration
2024-10-04 19:36:49,944 [INFO] PluginManage:359 - Loaded plugin pinoutandconfiguration (category:base,tabindex:1)
2024-10-04 19:36:49,944 [INFO] PluginManage:310 - Check plugin pinoutconfig
2024-10-04 19:36:50,021 [WARN] SupportedApi:132 - Cannot load RTOS API schema: s4s-elt-must-match.1: The content of 'definitions' must match (annotation?, (simpleType | complexType)?, (unique | key | keyref)*)). A problem was found starting at: attribute.
2024-10-04 19:36:50,127 [INFO] PluginManage:359 - Loaded plugin pinoutconfig (category:base,tabindex:0)
2024-10-04 19:36:50,127 [INFO] PluginManage:310 - Check plugin power
2024-10-04 19:36:50,137 [INFO] PluginManage:359 - Loaded plugin power (category:power,tabindex:4)
2024-10-04 19:36:50,137 [INFO] PluginManage:310 - Check plugin projectmanager
2024-10-04 19:36:50,156 [INFO] PluginManage:359 - Loaded plugin projectmanager (category:projectmanager,tabindex:4)
2024-10-04 19:36:50,156 [INFO] PluginManage:310 - Check plugin rif
2024-10-04 19:36:50,161 [INFO] PluginManage:359 - Loaded plugin rif (category:base,tabindex:3)
2024-10-04 19:36:50,161 [INFO] PluginManage:310 - Check plugin thirdparty
2024-10-04 19:36:50,258 [WARN] IntegrityCheckThread:84 - waiting for thirdparty lock release [integrity check]
2024-10-04 19:36:50,258 [INFO] IntegrityCheckThread:86 - entering critical section [integrity check]
2024-10-04 19:36:50,258 [INFO] PluginManage:359 - Loaded plugin thirdparty (category:base,tabindex:-1)
2024-10-04 19:36:50,258 [INFO] PluginManage:310 - Check plugin tools
2024-10-04 19:36:50,259 [INFO] ThirdPartyUpdaterWithRetryManager:70 - Updater plugin not ready yet. [1/15]
2024-10-04 19:36:50,263 [INFO] PluginManage:359 - Loaded plugin tools (category:base,tabindex:7)
2024-10-04 19:36:50,263 [INFO] PluginManage:310 - Check plugin tutovideos
2024-10-04 19:36:50,389 [INFO] PluginManage:359 - Loaded plugin tutovideos (category:base,tabindex:-1)
2024-10-04 19:36:50,389 [INFO] PluginManage:310 - Check plugin updater
2024-10-04 19:36:50,403 [INFO] PluginManage:359 - Loaded plugin updater (category:base,tabindex:12)
2024-10-04 19:36:50,404 [INFO] PluginManage:310 - Check plugin userauth
2024-10-04 19:36:50,409 [INFO] UserAuth:113 - Init User Auth plugin
2024-10-04 19:36:50,409 [INFO] PluginManage:359 - Loaded plugin userauth (category:base,tabindex:14)
2024-10-04 19:36:50,409 [INFO] PluginManage:283 - PluginManage : Loaded plugins [18]
2024-10-04 19:36:50,591 [INFO] PinOutPanel:1561 - setPackage(No Configuration,No Configuration)
2024-10-04 19:36:50,652 [INFO] CADModel:165 - CPN selected for project level
2024-10-04 19:36:50,652 [INFO] CADModel:114 - Register for checkConnection events
2024-10-04 19:36:50,665 [INFO] IPUIPlugin:80 - create IPUIPlugin
2024-10-04 19:36:50,665 [INFO] PluginManager:220 - loadIPPluginJar : add adc
2024-10-04 19:36:50,667 [INFO] IPUIPlugin:80 - create IPUIPlugin
2024-10-04 19:36:50,667 [INFO] PluginManager:220 - loadIPPluginJar : add aes
2024-10-04 19:36:50,669 [INFO] IPUIPlugin:80 - create IPUIPlugin
2024-10-04 19:36:50,669 [INFO] PluginManager:220 - loadIPPluginJar : add can
2024-10-04 19:36:50,672 [INFO] IPUIPlugin:80 - create IPUIPlugin
2024-10-04 19:36:50,672 [INFO] PluginManager:220 - loadIPPluginJar : add comp
2024-10-04 19:36:50,674 [INFO] IPUIPlugin:80 - create IPUIPlugin
2024-10-04 19:36:50,674 [INFO] PluginManager:220 - loadIPPluginJar : add cryp
2024-10-04 19:36:50,676 [INFO] IPUIPlugin:80 - create IPUIPlugin
2024-10-04 19:36:50,676 [INFO] PluginManager:220 - loadIPPluginJar : add ddr_ctrl_phy
2024-10-04 19:36:50,677 [INFO] IPUIPlugin:80 - create IPUIPlugin
2024-10-04 19:36:50,677 [INFO] PluginManager:220 - loadIPPluginJar : add dfsdm
2024-10-04 19:36:50,682 [INFO] IPUIPlugin:80 - create IPUIPlugin
2024-10-04 19:36:50,683 [INFO] PluginManager:220 - loadIPPluginJar : add dma
2024-10-04 19:36:50,685 [INFO] IPUIPlugin:80 - create IPUIPlugin
2024-10-04 19:36:50,685 [INFO] PluginManager:220 - loadIPPluginJar : add dma3
2024-10-04 19:36:50,688 [INFO] IPUIPlugin:80 - create IPUIPlugin
2024-10-04 19:36:50,688 [INFO] PluginManager:220 - loadIPPluginJar : add extmemmanager
2024-10-04 19:36:50,689 [INFO] IPUIPlugin:80 - create IPUIPlugin
2024-10-04 19:36:50,689 [INFO] PluginManager:220 - loadIPPluginJar : add fatfs
2024-10-04 19:36:50,692 [INFO] IPUIPlugin:80 - create IPUIPlugin
2024-10-04 19:36:50,692 [INFO] PluginManager:220 - loadIPPluginJar : add fmc
2024-10-04 19:36:50,696 [INFO] IPUIPlugin:80 - create IPUIPlugin
2024-10-04 19:36:50,697 [INFO] PluginManager:220 - loadIPPluginJar : add freertos
2024-10-04 19:36:50,698 [INFO] IPUIPlugin:80 - create IPUIPlugin
2024-10-04 19:36:50,698 [INFO] PluginManager:220 - loadIPPluginJar : add genericplugin
2024-10-04 19:36:50,699 [INFO] IPUIPlugin:80 - create IPUIPlugin
2024-10-04 19:36:50,699 [INFO] PluginManager:220 - loadIPPluginJar : add gfxmmu
2024-10-04 19:36:50,701 [INFO] IPUIPlugin:80 - create IPUIPlugin
2024-10-04 19:36:50,702 [INFO] PluginManager:220 - loadIPPluginJar : add gic
2024-10-04 19:36:50,704 [INFO] IPUIPlugin:80 - create IPUIPlugin
2024-10-04 19:36:50,704 [INFO] PluginManager:220 - loadIPPluginJar : add gpio
2024-10-04 19:36:50,705 [INFO] IPUIPlugin:80 - create IPUIPlugin
2024-10-04 19:36:50,707 [INFO] PluginManager:220 - loadIPPluginJar : add gtzc
2024-10-04 19:36:50,707 [INFO] IPUIPlugin:80 - create IPUIPlugin
2024-10-04 19:36:50,707 [INFO] PluginManager:220 - loadIPPluginJar : add hash
2024-10-04 19:36:50,708 [INFO] IPUIPlugin:80 - create IPUIPlugin
2024-10-04 19:36:50,708 [INFO] PluginManager:220 - loadIPPluginJar : add i2c
2024-10-04 19:36:50,710 [INFO] IPUIPlugin:80 - create IPUIPlugin
2024-10-04 19:36:50,710 [INFO] PluginManager:220 - loadIPPluginJar : add i2s
2024-10-04 19:36:50,711 [INFO] IPUIPlugin:80 - create IPUIPlugin
2024-10-04 19:36:50,711 [INFO] PluginManager:220 - loadIPPluginJar : add i3c
2024-10-04 19:36:50,714 [INFO] IPUIPlugin:80 - create IPUIPlugin
2024-10-04 19:36:50,715 [INFO] PluginManager:220 - loadIPPluginJar : add ipddr
2024-10-04 19:36:50,720 [INFO] IPUIPlugin:80 - create IPUIPlugin
2024-10-04 19:36:50,720 [INFO] PluginManager:220 - loadIPPluginJar : add linkedlist
2024-10-04 19:36:50,721 [INFO] IPUIPlugin:80 - create IPUIPlugin
2024-10-04 19:36:50,721 [INFO] PluginManager:220 - loadIPPluginJar : add lorawan
2024-10-04 19:36:50,722 [INFO] IPUIPlugin:80 - create IPUIPlugin
2024-10-04 19:36:50,722 [INFO] PluginManager:220 - loadIPPluginJar : add ltdc
2024-10-04 19:36:50,726 [INFO] IPUIPlugin:80 - create IPUIPlugin
2024-10-04 19:36:50,726 [INFO] PluginManager:220 - loadIPPluginJar : add mdma
2024-10-04 19:36:50,728 [INFO] IPUIPlugin:80 - create IPUIPlugin
2024-10-04 19:36:50,728 [INFO] PluginManager:220 - loadIPPluginJar : add nvic
2024-10-04 19:36:50,730 [INFO] IPUIPlugin:80 - create IPUIPlugin
2024-10-04 19:36:50,730 [INFO] PluginManager:220 - loadIPPluginJar : add opamp
2024-10-04 19:36:50,731 [INFO] IPUIPlugin:80 - create IPUIPlugin
2024-10-04 19:36:50,732 [INFO] PluginManager:220 - loadIPPluginJar : add openamp
2024-10-04 19:36:50,734 [INFO] IPUIPlugin:80 - create IPUIPlugin
2024-10-04 19:36:50,734 [INFO] PluginManager:220 - loadIPPluginJar : add pdm2pcm
2024-10-04 19:36:50,737 [INFO] IPUIPlugin:80 - create IPUIPlugin
2024-10-04 19:36:50,739 [INFO] PluginManager:220 - loadIPPluginJar : add plateformsettings
2024-10-04 19:36:50,740 [INFO] IPUIPlugin:80 - create IPUIPlugin
2024-10-04 19:36:50,740 [INFO] PluginManager:220 - loadIPPluginJar : add quadspi
2024-10-04 19:36:50,741 [INFO] IPUIPlugin:80 - create IPUIPlugin
2024-10-04 19:36:50,742 [INFO] PluginManager:220 - loadIPPluginJar : add radio
2024-10-04 19:36:50,744 [INFO] IPUIPlugin:80 - create IPUIPlugin
2024-10-04 19:36:50,744 [INFO] PluginManager:220 - loadIPPluginJar : add resmgrutility
2024-10-04 19:36:50,745 [INFO] IPUIPlugin:80 - create IPUIPlugin
2024-10-04 19:36:50,745 [INFO] PluginManager:220 - loadIPPluginJar : add sai
2024-10-04 19:36:50,747 [INFO] IPUIPlugin:80 - create IPUIPlugin
2024-10-04 19:36:50,747 [INFO] PluginManager:220 - loadIPPluginJar : add spi
2024-10-04 19:36:50,750 [INFO] IPUIPlugin:80 - create IPUIPlugin
2024-10-04 19:36:50,750 [INFO] PluginManager:220 - loadIPPluginJar : add stm32_wpan
2024-10-04 19:36:50,751 [INFO] IPUIPlugin:80 - create IPUIPlugin
2024-10-04 19:36:50,751 [INFO] PluginManager:220 - loadIPPluginJar : add tim
2024-10-04 19:36:50,753 [INFO] IPUIPlugin:80 - create IPUIPlugin
2024-10-04 19:36:50,753 [INFO] PluginManager:220 - loadIPPluginJar : add touchsensing
2024-10-04 19:36:50,754 [INFO] IPUIPlugin:80 - create IPUIPlugin
2024-10-04 19:36:50,754 [INFO] PluginManager:220 - loadIPPluginJar : add tracer_emb
2024-10-04 19:36:50,755 [INFO] IPUIPlugin:80 - create IPUIPlugin
2024-10-04 19:36:50,755 [INFO] PluginManager:220 - loadIPPluginJar : add ts
2024-10-04 19:36:50,756 [INFO] IPUIPlugin:80 - create IPUIPlugin
2024-10-04 19:36:50,756 [INFO] PluginManager:220 - loadIPPluginJar : add tsc
2024-10-04 19:36:50,757 [INFO] IPUIPlugin:80 - create IPUIPlugin
2024-10-04 19:36:50,757 [INFO] PluginManager:220 - loadIPPluginJar : add ucpd
2024-10-04 19:36:50,759 [INFO] IPUIPlugin:80 - create IPUIPlugin
2024-10-04 19:36:50,759 [INFO] PluginManager:220 - loadIPPluginJar : add usart
2024-10-04 19:36:50,761 [INFO] IPUIPlugin:80 - create IPUIPlugin
2024-10-04 19:36:50,761 [INFO] PluginManager:220 - loadIPPluginJar : add usbx
2024-10-04 19:36:50,869 [INFO] CADModel:165 - CPN selected for project level
2024-10-04 19:36:50,869 [INFO] CADModel:114 - Register for checkConnection events
2024-10-04 19:36:50,869 [FATAL] Updater:334 - Updater called before beeing initialized
2024-10-04 19:36:50,870 [ERROR] CADModel:125 - Updater not yet initialized, retry later 
2024-10-04 19:36:50,971 [INFO] CADModel:165 - CPN selected for project level
2024-10-04 19:36:50,971 [INFO] CADModel:114 - Register for checkConnection events
2024-10-04 19:36:50,971 [FATAL] Updater:334 - Updater called before beeing initialized
2024-10-04 19:36:50,971 [ERROR] CADModel:125 - Updater not yet initialized, retry later 
2024-10-04 19:36:50,974 [FATAL] Updater:334 - Updater called before beeing initialized
2024-10-04 19:36:51,048 [FATAL] Updater:334 - Updater called before beeing initialized
2024-10-04 19:36:51,052 [INFO] DbMcusAds:53 - JSON generation date=Fri Sep 20 07:04:38 MDT 2024 (1726837478367)
2024-10-04 19:36:51,052 [FATAL] Updater:334 - Updater called before beeing initialized
2024-10-04 19:36:51,075 [WARN] DetailPanel:346 - Failed to get advertising image, set to default
2024-10-04 19:36:51,135 [FATAL] Updater:334 - Updater called before beeing initialized
2024-10-04 19:36:51,137 [FATAL] Updater:334 - Updater called before beeing initialized
2024-10-04 19:36:51,137 [FATAL] Updater:334 - Updater called before beeing initialized
2024-10-04 19:36:51,137 [WARN] DetailPanel:346 - Failed to get advertising image, set to default
2024-10-04 19:36:51,138 [FATAL] Updater:334 - Updater called before beeing initialized
2024-10-04 19:36:51,178 [ERROR] Updater:1164 - MainUpdater not yet initialized. External WinMGr cannot be set.
2024-10-04 19:36:51,179 [INFO] Updater:1100 - Updater Version found : 6.12.1
2024-10-04 19:36:51,195 [INFO] ApplicationProperties:184 - Using Application install path: C:\ST\STM32CubeIDE_1.16.0\STM32CubeIDE\plugins\com.st.stm32cube.common.mx_6.12.1.202409122256
2024-10-04 19:36:52,759 [ERROR] LogOutputStream:75 - [STDERR_REDIRECT] Oct 04, 2024 7:36:52 PM java.util.prefs.WindowsPreferences <init>
2024-10-04 19:36:52,760 [ERROR] LogOutputStream:75 - [STDERR_REDIRECT] WARNING: Could not open/create prefs root node Software\JavaSoft\Prefs at root 0xffffffff80000002. Windows RegCreateKeyEx(...) returned error code 5.
2024-10-04 19:36:52,760 [ERROR] LogOutputStream:75 - [STDERR_REDIRECT] 
2024-10-04 19:36:53,066 [INFO] MainUpdater:2873 - connection check result : 10
2024-10-04 19:36:53,067 [INFO] MainUpdater:290 - Updater Check For Update Now.
2024-10-04 19:36:53,067 [INFO] MicroXplorer:498 - Change Database Version : DB.6.0.121
2024-10-04 19:36:53,099 [INFO] McuFinderGlobals:63 - Set McuFinder mode to 2 (CubeIDE integrated)
2024-10-04 19:36:53,099 [INFO] UserAuth:179 - activating auth plugin
2024-10-04 19:36:53,104 [INFO] UserAuth:417 - Internet connection configuration mode: 1
2024-10-04 19:36:53,150 [INFO] JxBrowserEngine:152 - Initiate JxBrowser Engine with user profile folder
2024-10-04 19:36:53,255 [INFO] CheckServerUpdateThread:120 - End of CheckServer Thread
2024-10-04 19:36:53,392 [WARN] PackLoader:240 - Cannot read IP mode file for STMicroelectronics.FP-SNS-MOTENVWB1.1.4.0
2024-10-04 19:36:53,409 [WARN] PackLoader:240 - Cannot read IP mode file for STMicroelectronics.X-CUBE-SMBUS.2.1.0
2024-10-04 19:36:53,441 [WARN] PackLoader:240 - Cannot read IP mode file for STMicroelectronics.X-CUBE-AZRTOS-F7.1.1.0
2024-10-04 19:36:53,506 [WARN] PackLoader:240 - Cannot read IP mode file for STMicroelectronics.X-CUBE-MEMS1.11.0.0
2024-10-04 19:36:53,604 [WARN] PackLoader:240 - Cannot read IP mode file for STMicroelectronics.FP-SNS-FLIGHT1.5.0.2
2024-10-04 19:36:53,613 [WARN] PackLoader:240 - Cannot read IP mode file for STMicroelectronics.X-CUBE-DISPLAY.3.0.0
2024-10-04 19:36:53,622 [WARN] PackLoader:240 - Cannot read IP mode file for STMicroelectronics.X-CUBE-BLE1.7.0.0
2024-10-04 19:36:53,626 [WARN] PackLoader:240 - Cannot read IP mode file for STMicroelectronics.X-CUBE-NFC10.1.0.0
2024-10-04 19:36:53,631 [WARN] PackLoader:240 - Cannot read IP mode file for emotas.I-CUBE-CANOPEN.1.3.0
2024-10-04 19:36:53,640 [WARN] PackLoader:240 - Cannot read IP mode file for STMicroelectronics.X-CUBE-BLEMGR.3.1.0
2024-10-04 19:36:53,645 [WARN] PackLoader:240 - Cannot read IP mode file for STMicroelectronics.FP-SNS-SMARTAG2.1.2.0
2024-10-04 19:36:53,662 [INFO] LogOutputStream:77 - [STDOUT_REDIRECT] 1 : Invalid condition id : UX_CORESTACK_Condition cause : null
2024-10-04 19:36:53,663 [INFO] LogOutputStream:77 - [STDOUT_REDIRECT] 1 : Invalid condition id : UX_CORESTACK_Condition cause : null
2024-10-04 19:36:53,665 [INFO] LogOutputStream:77 - [STDOUT_REDIRECT] 1 : Invalid condition id : UX_CORESTACK_Condition cause : null
2024-10-04 19:36:53,666 [INFO] LogOutputStream:77 - [STDOUT_REDIRECT] 1 : Invalid condition id : UX_CORESTACK_Condition cause : null
2024-10-04 19:36:53,668 [INFO] LogOutputStream:77 - [STDOUT_REDIRECT] 1 : Invalid condition id : UX_CORESTACK_Condition cause : null
2024-10-04 19:36:53,670 [WARN] PackLoader:240 - Cannot read IP mode file for STMicroelectronics.X-CUBE-AZRTOS-WL.2.0.0
2024-10-04 19:36:53,677 [WARN] PackLoader:240 - Cannot read IP mode file for STMicroelectronics.FP-SNS-MOTENV1.5.0.0
2024-10-04 19:36:53,685 [WARN] PackLoader:240 - Cannot read IP mode file for wolfSSL.I-CUBE-wolfMQTT.1.19.0
2024-10-04 19:36:53,699 [WARN] PackLoader:240 - Cannot read IP mode file for WES.I-CUBE-Cesium.1.3.0
2024-10-04 19:36:53,708 [WARN] PackLoader:240 - Cannot read IP mode file for STMicroelectronics.X-CUBE-BLE2.3.3.0
2024-10-04 19:36:53,716 [WARN] PackLoader:240 - Cannot read IP mode file for STMicroelectronics.X-CUBE-NFC9.1.0.0
2024-10-04 19:36:53,728 [WARN] PackLoader:240 - Cannot read IP mode file for STMicroelectronics.X-CUBE-TCPP.4.1.0
2024-10-04 19:36:53,748 [WARN] PackLoader:240 - Cannot read IP mode file for STMicroelectronics.X-CUBE-AZRTOS-G0.1.1.0
2024-10-04 19:36:53,759 [WARN] PackLoader:240 - Cannot read IP mode file for STMicroelectronics.X-CUBE-SAFEA1.1.2.2
2024-10-04 19:36:53,767 [WARN] PackLoader:240 - Cannot read IP mode file for STMicroelectronics.X-CUBE-NFC4.3.0.0
2024-10-04 19:36:53,780 [WARN] PackLoader:240 - Cannot read IP mode file for EmbeddedOffice.I-CUBE-FS-RTOS.1.0.1
2024-10-04 19:36:53,780 [ERROR] ConditionMgr:805 - Attr not supported : Dmpu
2024-10-04 19:36:53,780 [ERROR] ConditionMgr:805 - Attr not supported : Dmpu
2024-10-04 19:36:53,781 [ERROR] ConditionMgr:805 - Attr not supported : Dmpu
2024-10-04 19:36:53,781 [ERROR] ConditionMgr:805 - Attr not supported : Dmpu
2024-10-04 19:36:53,781 [ERROR] ConditionMgr:805 - Attr not supported : Dmpu
2024-10-04 19:36:53,781 [ERROR] ConditionMgr:805 - Attr not supported : Dmpu
2024-10-04 19:36:53,781 [ERROR] ConditionMgr:805 - Attr not supported : Dmpu
2024-10-04 19:36:53,781 [ERROR] ConditionMgr:805 - Attr not supported : Dmpu
2024-10-04 19:36:53,781 [ERROR] ConditionMgr:805 - Attr not supported : Dmpu
2024-10-04 19:36:53,781 [ERROR] ConditionMgr:805 - Attr not supported : Dmpu
2024-10-04 19:36:53,781 [ERROR] ConditionMgr:805 - Attr not supported : Dmpu
2024-10-04 19:36:53,781 [ERROR] ConditionMgr:805 - Attr not supported : Dmpu
2024-10-04 19:36:53,782 [ERROR] ConditionMgr:805 - Attr not supported : Dmpu
2024-10-04 19:36:53,782 [ERROR] ConditionMgr:805 - Attr not supported : Dmpu
2024-10-04 19:36:53,782 [ERROR] ConditionMgr:805 - Attr not supported : Dmpu
2024-10-04 19:36:53,782 [ERROR] ConditionMgr:805 - Attr not supported : Dmpu
2024-10-04 19:36:53,782 [ERROR] ConditionMgr:805 - Attr not supported : Dmpu
2024-10-04 19:36:53,782 [ERROR] ConditionMgr:805 - Attr not supported : Dmpu
2024-10-04 19:36:53,782 [ERROR] ConditionMgr:805 - Attr not supported : Dmpu
2024-10-04 19:36:53,782 [ERROR] ConditionMgr:805 - Attr not supported : Dmpu
2024-10-04 19:36:53,783 [ERROR] ConditionMgr:805 - Attr not supported : Dmpu
2024-10-04 19:36:53,783 [ERROR] ConditionMgr:805 - Attr not supported : Dmpu
2024-10-04 19:36:53,783 [ERROR] ConditionMgr:805 - Attr not supported : Dmpu
2024-10-04 19:36:53,783 [ERROR] ConditionMgr:805 - Attr not supported : Dmpu
2024-10-04 19:36:53,783 [ERROR] ConditionMgr:805 - Attr not supported : Dmpu
2024-10-04 19:36:53,783 [ERROR] ConditionMgr:805 - Attr not supported : Dmpu
2024-10-04 19:36:53,783 [ERROR] ConditionMgr:805 - Attr not supported : Dmpu
2024-10-04 19:36:53,784 [ERROR] ConditionMgr:805 - Attr not supported : Dmpu
2024-10-04 19:36:53,784 [ERROR] ConditionMgr:805 - Attr not supported : Dmpu
2024-10-04 19:36:53,784 [ERROR] ConditionMgr:805 - Attr not supported : Dmpu
2024-10-04 19:36:53,784 [ERROR] ConditionMgr:805 - Attr not supported : Dmpu
2024-10-04 19:36:53,784 [ERROR] ConditionMgr:805 - Attr not supported : Dmpu
2024-10-04 19:36:53,784 [ERROR] ConditionMgr:805 - Attr not supported : Dmpu
2024-10-04 19:36:53,784 [ERROR] ConditionMgr:805 - Attr not supported : Dmpu
2024-10-04 19:36:53,785 [ERROR] ConditionMgr:805 - Attr not supported : Dmpu
2024-10-04 19:36:53,785 [ERROR] ConditionMgr:805 - Attr not supported : Dmpu
2024-10-04 19:36:53,785 [ERROR] ConditionMgr:805 - Attr not supported : Dmpu
2024-10-04 19:36:53,785 [ERROR] ConditionMgr:805 - Attr not supported : Dmpu
2024-10-04 19:36:53,785 [ERROR] ConditionMgr:805 - Attr not supported : Dmpu
2024-10-04 19:36:53,785 [ERROR] ConditionMgr:805 - Attr not supported : Dmpu
2024-10-04 19:36:53,786 [ERROR] ConditionMgr:805 - Attr not supported : Dmpu
2024-10-04 19:36:53,786 [ERROR] ConditionMgr:805 - Attr not supported : Dmpu
2024-10-04 19:36:53,786 [ERROR] ConditionMgr:805 - Attr not supported : Dmpu
2024-10-04 19:36:53,786 [ERROR] ConditionMgr:805 - Attr not supported : Dmpu
2024-10-04 19:36:53,786 [ERROR] ConditionMgr:805 - Attr not supported : Dmpu
2024-10-04 19:36:53,786 [ERROR] ConditionMgr:805 - Attr not supported : Dmpu
2024-10-04 19:36:53,787 [ERROR] ConditionMgr:805 - Attr not supported : Dmpu
2024-10-04 19:36:53,787 [ERROR] ConditionMgr:805 - Attr not supported : Dmpu
2024-10-04 19:36:53,787 [ERROR] ConditionMgr:805 - Attr not supported : Dmpu
2024-10-04 19:36:53,787 [ERROR] ConditionMgr:805 - Attr not supported : Dmpu
2024-10-04 19:36:53,787 [ERROR] ConditionMgr:805 - Attr not supported : Dmpu
2024-10-04 19:36:53,787 [ERROR] ConditionMgr:805 - Attr not supported : Dmpu
2024-10-04 19:36:53,787 [ERROR] ConditionMgr:805 - Attr not supported : Dmpu
2024-10-04 19:36:53,787 [ERROR] ConditionMgr:805 - Attr not supported : Dmpu
2024-10-04 19:36:53,788 [ERROR] ConditionMgr:805 - Attr not supported : Dmpu
2024-10-04 19:36:53,788 [ERROR] ConditionMgr:805 - Attr not supported : Dmpu
2024-10-04 19:36:53,788 [ERROR] ConditionMgr:805 - Attr not supported : Dmpu
2024-10-04 19:36:53,788 [ERROR] ConditionMgr:805 - Attr not supported : Dmpu
2024-10-04 19:36:53,788 [ERROR] ConditionMgr:805 - Attr not supported : Dmpu
2024-10-04 19:36:53,788 [ERROR] ConditionMgr:805 - Attr not supported : Dmpu
2024-10-04 19:36:53,788 [ERROR] ConditionMgr:805 - Attr not supported : Dmpu
2024-10-04 19:36:53,789 [ERROR] ConditionMgr:805 - Attr not supported : Dmpu
2024-10-04 19:36:53,789 [ERROR] ConditionMgr:805 - Attr not supported : Dmpu
2024-10-04 19:36:53,789 [ERROR] ConditionMgr:805 - Attr not supported : Dmpu
2024-10-04 19:36:53,797 [WARN] PackLoader:240 - Cannot read IP mode file for RealThread.X-CUBE-RT-Thread_Nano.4.1.1
2024-10-04 19:36:53,803 [WARN] PackLoader:240 - Cannot read IP mode file for STMicroelectronics.FP-ATR-SIGFOX1.3.2.0
2024-10-04 19:36:53,809 [WARN] PackLoader:240 - Cannot read IP mode file for wolfSSL.I-CUBE-wolfSSL.5.7.2
2024-10-04 19:36:53,815 [WARN] PackLoader:240 - Cannot read IP mode file for STMicroelectronics.X-CUBE-EEPRMA1.5.1.0
2024-10-04 19:36:53,825 [WARN] PackLoader:240 - Cannot read IP mode file for ITTIA_DB.I-CUBE-ITTIADB.8.9.0
2024-10-04 19:36:53,857 [WARN] PackLoader:240 - Cannot read IP mode file for SEGGER.I-CUBE-embOS.1.3.1
2024-10-04 19:36:53,895 [WARN] PackLoader:240 - Cannot read IP mode file for STMicroelectronics.X-CUBE-ALGOBUILD.1.4.0
2024-10-04 19:36:53,899 [WARN] PackLoader:240 - Cannot read IP mode file for STMicroelectronics.X-CUBE-AI.9.1.0
2024-10-04 19:36:53,905 [WARN] PackLoader:240 - Cannot read IP mode file for STMicroelectronics.X-CUBE-GNSS1.6.0.0
2024-10-04 19:36:53,918 [WARN] PackLoader:240 - Cannot read IP mode file for STMicroelectronics.X-CUBE-AZRTOS-F4.1.1.0
2024-10-04 19:36:53,931 [WARN] PackLoader:240 - Cannot read IP mode file for STMicroelectronics.X-CUBE-ISPU.2.1.0
2024-10-04 19:36:53,940 [WARN] PackLoader:240 - Cannot read IP mode file for STMicroelectronics.X-CUBE-FREERTOS.1.2.0
2024-10-04 19:36:53,961 [WARN] PackLoader:240 - Cannot read IP mode file for STMicroelectronics.X-CUBE-AZRTOS-L5.2.0.0
2024-10-04 19:36:53,974 [WARN] PackLoader:240 - Cannot read IP mode file for STMicroelectronics.X-CUBE-NFC6.3.1.0
2024-10-04 19:36:54,000 [WARN] PackLoader:240 - Cannot read IP mode file for STMicroelectronics.X-CUBE-DPower.1.2.0
2024-10-04 19:36:54,004 [WARN] PackLoader:240 - Cannot read IP mode file for STMicroelectronics.X-CUBE-AI.9.0.0
2024-10-04 19:36:54,008 [WARN] PackLoader:240 - Cannot read IP mode file for STMicroelectronics.X-CUBE-NFC7.1.0.1
2024-10-04 19:36:54,020 [WARN] ConditionMgr:438 - getConditionDescription Invalid condition id : LAN8742 Phy interface Condition cause : null
2024-10-04 19:36:54,021 [WARN] PackLoader:240 - Cannot read IP mode file for STMicroelectronics.X-CUBE-AZRTOS-L4.2.0.0
2024-10-04 19:36:54,035 [WARN] ConditionMgr:1039 - genDependencies : Invalid condition id : LAN8742 Phy interface Condition cause : null
2024-10-04 19:36:54,036 [WARN] ConditionMgr:1039 - genDependencies : Invalid condition id : LAN8742 Phy interface Condition cause : null
2024-10-04 19:36:54,036 [WARN] ConditionMgr:1039 - genDependencies : Invalid condition id : LAN8742 Phy interface Condition cause : null
2024-10-04 19:36:54,044 [WARN] PackLoader:240 - Cannot read IP mode file for STMicroelectronics.X-CUBE-SFXS2LP1.4.0.0
2024-10-04 19:36:54,059 [WARN] PackLoader:240 - Cannot read IP mode file for STMicroelectronics.X-CUBE-AZRTOS-H7.3.3.0
2024-10-04 19:36:54,070 [WARN] ConditionMgr:438 - getConditionDescription Invalid condition id : UX DEVICE CLASS RTOS Condition cause : null
2024-10-04 19:36:54,070 [WARN] ConditionMgr:438 - getConditionDescription Invalid condition id : UX DEVICE CLASS RTOS Condition cause : null
2024-10-04 19:36:54,072 [WARN] PackLoader:240 - Cannot read IP mode file for STMicroelectronics.X-CUBE-AZRTOS-WB.2.0.0
2024-10-04 19:36:54,073 [WARN] ConditionMgr:1039 - genDependencies : Invalid condition id : UX DEVICE CLASS RTOS Condition cause : null
2024-10-04 19:36:54,073 [WARN] ConditionMgr:1039 - genDependencies : Invalid condition id : UX DEVICE CLASS RTOS Condition cause : null
2024-10-04 19:36:54,073 [WARN] ConditionMgr:1039 - genDependencies : Invalid condition id : UX DEVICE CLASS RTOS Condition cause : null
2024-10-04 19:36:54,074 [WARN] ConditionMgr:1039 - genDependencies : Invalid condition id : UX DEVICE CLASS RTOS Condition cause : null
2024-10-04 19:36:54,074 [WARN] ConditionMgr:1039 - genDependencies : Invalid condition id : UX DEVICE CLASS RTOS Condition cause : null
2024-10-04 19:36:54,077 [WARN] PackLoader:240 - Cannot read IP mode file for STMicroelectronics.X-CUBE-GNSS1.7.0.0
2024-10-04 19:36:54,084 [WARN] PackLoader:240 - Cannot read IP mode file for STMicroelectronics.FP-SNS-STBOX1.2.0.0
2024-10-04 19:36:54,094 [WARN] PackLoader:240 - Cannot read IP mode file for STMicroelectronics.X-CUBE-SUBG2.5.0.0
2024-10-04 19:36:54,102 [WARN] PackLoader:240 - Cannot read IP mode file for Cesanta.I-CUBE-Mongoose.7.13.0
2024-10-04 19:36:54,113 [WARN] PackLoader:240 - Cannot read IP mode file for STMicroelectronics.X-CUBE-AZRTOS-G4.2.0.0
2024-10-04 19:36:54,119 [WARN] PackLoader:240 - Cannot read IP mode file for STMicroelectronics.X-CUBE-ISPU.2.0.0
2024-10-04 19:36:54,125 [WARN] PackLoader:240 - Cannot read IP mode file for STMicroelectronics.X-CUBE-ALS.1.0.2
2024-10-04 19:36:54,132 [WARN] PackLoader:240 - Cannot read IP mode file for STMicroelectronics.X-CUBE-TOUCHGFX.4.24.0
2024-10-04 19:36:54,136 [WARN] PackLoader:240 - Cannot read IP mode file for STMicroelectronics.X-CUBE-TOUCHGFX.4.24.1
2024-10-04 19:36:54,140 [WARN] PackLoader:240 - Cannot read IP mode file for wolfSSL.I-CUBE-wolfTPM.3.4.0
2024-10-04 19:36:54,146 [WARN] PackLoader:240 - Cannot read IP mode file for portGmbH.I-Cube-SoM-uGOAL.1.1.0
2024-10-04 19:36:54,162 [WARN] PackLoader:240 - Cannot read IP mode file for STMicroelectronics.X-CUBE-AZRTOS-H7RS.1.0.0
2024-10-04 19:36:54,168 [WARN] PackLoader:240 - Cannot read IP mode file for STMicroelectronics.FP-ATR-ASTRA1.2.0.0
2024-10-04 19:36:54,178 [WARN] PackLoader:240 - Cannot read IP mode file for STMicroelectronics.X-CUBE-TOF1.3.4.2
2024-10-04 19:36:54,211 [WARN] PackLoader:240 - Cannot read IP mode file for Infineon.AIROC-Wi-Fi-Bluetooth-STM32.1.6.1
2024-10-04 19:36:54,219 [WARN] PackLoader:240 - Cannot read IP mode file for wolfSSL.I-CUBE-wolfSSH.1.4.17
2024-10-04 19:36:54,220 [INFO] ThirdParty:978 - Integrity check success = true
2024-10-04 19:36:54,221 [INFO] IntegrityCheckThread:100 - exiting critical section [integrity check]
2024-10-04 19:36:54,221 [INFO] IntegrityCheckThread:103 - End integrity checks thread
2024-10-04 19:36:54,568 [INFO] WebApp:167 - Instantiating new browser for Auth
2024-10-04 19:36:55,170 [INFO] WebApp:448 - Apply proxy settings
2024-10-04 19:36:55,170 [INFO] WebApp:533 - Chromium requires no authentication
2024-10-04 19:36:55,178 [INFO] WebApp:476 - Direct internet connection detected
2024-10-04 19:36:55,197 [INFO] WebApp:869 - Register for checkConnection events
2024-10-04 19:36:55,198 [INFO] WebApp:448 - Apply proxy settings
2024-10-04 19:36:55,198 [INFO] WebApp:533 - Chromium requires no authentication
2024-10-04 19:36:55,198 [INFO] WebApp:476 - Direct internet connection detected
2024-10-04 19:36:55,328 [INFO] WebApp:220 - Starting web application
2024-10-04 19:36:55,328 [INFO] WebApp:578 - Web application path used C:\ST\STM32CubeIDE_1.16.0\STM32CubeIDE\plugins\com.st.stm32cube.common.mx_6.12.1.202409122256\db\plugins\mcufinder\reactClient1\index.html
2024-10-04 19:36:55,495 [INFO] WebApp:186 - Connection restablished
